   1              	 .cpu cortex-m0
   2              	 .fpu softvfp
   3              	 .eabi_attribute 23,1
   4              	 .eabi_attribute 24,1
   5              	 .eabi_attribute 25,1
   6              	 .eabi_attribute 26,1
   7              	 .eabi_attribute 30,2
   8              	 .eabi_attribute 34,0
   9              	 .eabi_attribute 18,4
  10              	 .code 16
  11              	 .file "DAVE.c"
  12              	 .section .text.DAVE_Init,"ax",%progbits
  13              	 .align 2
  14              	 .weak DAVE_Init
  15              	 .code 16
  16              	 .thumb_func
  18              	DAVE_Init:
  19 0000 08B5     	 push {r3,lr}
  20 0002 1948     	 ldr r0,.L12
  21 0004 FFF7FEFF 	 bl CLOCK_XMC1_Init
  22 0008 0028     	 cmp r0,#0
  23 000a 00D0     	 beq .L11
  24              	.L9:
  25              	 
  26 000c 08BD     	 pop {r3,pc}
  27              	.L11:
  28 000e 1748     	 ldr r0,.L12+4
  29 0010 FFF7FEFF 	 bl SYSTIMER_Init
  30 0014 0028     	 cmp r0,#0
  31 0016 F9D1     	 bne .L9
  32 0018 1548     	 ldr r0,.L12+8
  33 001a FFF7FEFF 	 bl PWM_CCU8_Init
  34 001e 0028     	 cmp r0,#0
  35 0020 F4D1     	 bne .L9
  36 0022 1448     	 ldr r0,.L12+12
  37 0024 FFF7FEFF 	 bl TIMER_Init
  38 0028 0028     	 cmp r0,#0
  39 002a EFD1     	 bne .L9
  40 002c 1248     	 ldr r0,.L12+16
  41 002e FFF7FEFF 	 bl INTERRUPT_Init
  42 0032 0028     	 cmp r0,#0
  43 0034 EAD1     	 bne .L9
  44 0036 1148     	 ldr r0,.L12+20
  45 0038 FFF7FEFF 	 bl UART_Init
  46 003c 0028     	 cmp r0,#0
  47 003e E5D1     	 bne .L9
  48 0040 0F48     	 ldr r0,.L12+24
  49 0042 FFF7FEFF 	 bl DIGITAL_IO_Init
  50 0046 0028     	 cmp r0,#0
  51 0048 E0D1     	 bne .L9
  52 004a 0E48     	 ldr r0,.L12+28
  53 004c FFF7FEFF 	 bl TIMER_Init
  54 0050 0028     	 cmp r0,#0
  55 0052 DBD1     	 bne .L9
  56 0054 0C48     	 ldr r0,.L12+32
  57 0056 FFF7FEFF 	 bl ADC_MEASUREMENT_Init
  58 005a 0028     	 cmp r0,#0
  59 005c D6D1     	 bne .L9
  60 005e 0B48     	 ldr r0,.L12+36
  61 0060 FFF7FEFF 	 bl DIGITAL_IO_Init
  62 0064 D2E7     	 b .L9
  63              	.L13:
  64 0066 C046     	 .align 2
  65              	.L12:
  66 0068 00000000 	 .word CLOCK_XMC1_0
  67 006c 00000000 	 .word SYSTIMER_0
  68 0070 00000000 	 .word PWM_CCU8_0
  69 0074 00000000 	 .word ZOH_TIMER
  70 0078 00000000 	 .word ZOH_INTERRUPT
  71 007c 00000000 	 .word UART_0
  72 0080 00000000 	 .word RELAY_IN_12
  73 0084 00000000 	 .word MEASURE_TIMER
  74 0088 00000000 	 .word ADC_MEASUREMENT_0
  75 008c 00000000 	 .word RELAY_OUT_8
  77              	 .ident "GCC: (GNU Tools for ARM Embedded Processors) 4.9.3 20141119 (release) [ARM/embedded-4_9-branch revision 218278]"
DEFINED SYMBOLS
                            *ABS*:00000000 DAVE.c
    {standard input}:13     .text.DAVE_Init:00000000 $t
    {standard input}:18     .text.DAVE_Init:00000000 DAVE_Init
    {standard input}:66     .text.DAVE_Init:00000068 $d

UNDEFINED SYMBOLS
CLOCK_XMC1_Init
SYSTIMER_Init
PWM_CCU8_Init
TIMER_Init
INTERRUPT_Init
UART_Init
DIGITAL_IO_Init
ADC_MEASUREMENT_Init
CLOCK_XMC1_0
SYSTIMER_0
PWM_CCU8_0
ZOH_TIMER
ZOH_INTERRUPT
UART_0
RELAY_IN_12
MEASURE_TIMER
ADC_MEASUREMENT_0
RELAY_OUT_8
