   1              	 .cpu cortex-m0
   2              	 .fpu softvfp
   3              	 .eabi_attribute 23,1
   4              	 .eabi_attribute 24,1
   5              	 .eabi_attribute 25,1
   6              	 .eabi_attribute 26,1
   7              	 .eabi_attribute 30,2
   8              	 .eabi_attribute 34,0
   9              	 .eabi_attribute 18,4
  10              	 .code 16
  11              	 .file "xmc1_scu.c"
  12              	 .section .text.XMC_SCU_INTERRUPT_EnableEvent,"ax",%progbits
  13              	 .align 2
  14              	 .global XMC_SCU_INTERRUPT_EnableEvent
  15              	 .code 16
  16              	 .thumb_func
  18              	XMC_SCU_INTERRUPT_EnableEvent:
  19 0000 024A     	 ldr r2,.L2
  20              	 
  21 0002 5368     	 ldr r3,[r2,#4]
  22 0004 1843     	 orr r0,r3
  23 0006 5060     	 str r0,[r2,#4]
  24 0008 7047     	 bx lr
  25              	.L3:
  26 000a C046     	 .align 2
  27              	.L2:
  28 000c 38000140 	 .word 1073807416
  30              	 .section .text.XMC_SCU_INTERRUPT_DisableEvent,"ax",%progbits
  31              	 .align 2
  32              	 .global XMC_SCU_INTERRUPT_DisableEvent
  33              	 .code 16
  34              	 .thumb_func
  36              	XMC_SCU_INTERRUPT_DisableEvent:
  37 0000 024A     	 ldr r2,.L5
  38              	 
  39 0002 5368     	 ldr r3,[r2,#4]
  40 0004 8343     	 bic r3,r0
  41 0006 5360     	 str r3,[r2,#4]
  42 0008 7047     	 bx lr
  43              	.L6:
  44 000a C046     	 .align 2
  45              	.L5:
  46 000c 38000140 	 .word 1073807416
  48              	 .section .text.XMC_SCU_INTERRUPT_TriggerEvent,"ax",%progbits
  49              	 .align 2
  50              	 .global XMC_SCU_INTERRUPT_TriggerEvent
  51              	 .code 16
  52              	 .thumb_func
  54              	XMC_SCU_INTERRUPT_TriggerEvent:
  55 0000 024A     	 ldr r2,.L8
  56              	 
  57 0002 D368     	 ldr r3,[r2,#12]
  58 0004 1843     	 orr r0,r3
  59 0006 D060     	 str r0,[r2,#12]
  60 0008 7047     	 bx lr
  61              	.L9:
  62 000a C046     	 .align 2
  63              	.L8:
  64 000c 38000140 	 .word 1073807416
  66              	 .section .text.XMC_SCU_INTERUPT_GetEventStatus,"ax",%progbits
  67              	 .align 2
  68              	 .global XMC_SCU_INTERUPT_GetEventStatus
  69              	 .code 16
  70              	 .thumb_func
  72              	XMC_SCU_INTERUPT_GetEventStatus:
  73 0000 014B     	 ldr r3,.L11
  74              	 
  75 0002 1868     	 ldr r0,[r3]
  76 0004 7047     	 bx lr
  77              	.L12:
  78 0006 C046     	 .align 2
  79              	.L11:
  80 0008 38000140 	 .word 1073807416
  82              	 .section .text.XMC_SCU_INTERRUPT_ClearEventStatus,"ax",%progbits
  83              	 .align 2
  84              	 .global XMC_SCU_INTERRUPT_ClearEventStatus
  85              	 .code 16
  86              	 .thumb_func
  88              	XMC_SCU_INTERRUPT_ClearEventStatus:
  89 0000 024A     	 ldr r2,.L14
  90              	 
  91 0002 9368     	 ldr r3,[r2,#8]
  92 0004 1843     	 orr r0,r3
  93 0006 9060     	 str r0,[r2,#8]
  94 0008 7047     	 bx lr
  95              	.L15:
  96 000a C046     	 .align 2
  97              	.L14:
  98 000c 38000140 	 .word 1073807416
 100              	 .section .text.XMC_SCU_LockProtectedBits,"ax",%progbits
 101              	 .align 2
 102              	 .global XMC_SCU_LockProtectedBits
 103              	 .code 16
 104              	 .thumb_func
 106              	XMC_SCU_LockProtectedBits:
 107 0000 C322     	 mov r2,#195
 108 0002 014B     	 ldr r3,.L17
 109              	 
 110 0004 5A62     	 str r2,[r3,#36]
 111 0006 7047     	 bx lr
 112              	.L18:
 113              	 .align 2
 114              	.L17:
 115 0008 00000140 	 .word 1073807360
 117              	 .section .text.XMC_SCU_UnlockProtectedBits,"ax",%progbits
 118              	 .align 2
 119              	 .global XMC_SCU_UnlockProtectedBits
 120              	 .code 16
 121              	 .thumb_func
 123              	XMC_SCU_UnlockProtectedBits:
 124 0000 C023     	 mov r3,#192
 125 0002 0421     	 mov r1,#4
 126 0004 024A     	 ldr r2,.L23
 127 0006 5362     	 str r3,[r2,#36]
 128              	.L20:
 129 0008 536A     	 ldr r3,[r2,#36]
 130 000a 1942     	 tst r1,r3
 131 000c FCD1     	 bne .L20
 132              	 
 133 000e 7047     	 bx lr
 134              	.L24:
 135              	 .align 2
 136              	.L23:
 137 0010 00000140 	 .word 1073807360
 139              	 .section .text.XMC_SCU_SupplyMonitorInit,"ax",%progbits
 140              	 .align 2
 141              	 .global XMC_SCU_SupplyMonitorInit
 142              	 .code 16
 143              	 .thumb_func
 145              	XMC_SCU_SupplyMonitorInit:
 146 0000 4368     	 ldr r3,[r0,#4]
 147 0002 0268     	 ldr r2,[r0]
 148 0004 9B00     	 lsl r3,r3,#2
 149 0006 1343     	 orr r3,r2
 150 0008 C27A     	 ldrb r2,[r0,#11]
 151 000a 002A     	 cmp r2,#0
 152 000c 01D0     	 beq .L26
 153 000e 1022     	 mov r2,#16
 154 0010 1343     	 orr r3,r2
 155              	.L26:
 156 0012 5022     	 mov r2,#80
 157 0014 0C49     	 ldr r1,.L37
 158 0016 9BB2     	 uxth r3,r3
 159 0018 8B52     	 strh r3,[r1,r2]
 160 001a 037A     	 ldrb r3,[r0,#8]
 161 001c 002B     	 cmp r3,#0
 162 001e 10D0     	 beq .L30
 163 0020 0821     	 mov r1,#8
 164 0022 3832     	 add r2,r2,#56
 165              	.L27:
 166 0024 437A     	 ldrb r3,[r0,#9]
 167 0026 002B     	 cmp r3,#0
 168 0028 00D1     	 bne .L28
 169 002a 0A1C     	 mov r2,r1
 170              	.L28:
 171 002c 837A     	 ldrb r3,[r0,#10]
 172 002e 002B     	 cmp r3,#0
 173 0030 02D0     	 beq .L29
 174 0032 8023     	 mov r3,#128
 175 0034 9B03     	 lsl r3,r3,#14
 176 0036 1A43     	 orr r2,r3
 177              	.L29:
 178 0038 0449     	 ldr r1,.L37+4
 179              	 
 180 003a 4B68     	 ldr r3,[r1,#4]
 181 003c 1343     	 orr r3,r2
 182 003e 4B60     	 str r3,[r1,#4]
 183 0040 7047     	 bx lr
 184              	.L30:
 185 0042 8022     	 mov r2,#128
 186 0044 0021     	 mov r1,#0
 187 0046 EDE7     	 b .L27
 188              	.L38:
 189              	 .align 2
 190              	.L37:
 191 0048 00100140 	 .word 1073811456
 192 004c 38000140 	 .word 1073807416
 194              	 .section .text.XMC_SCU_SetTempLowLimit,"ax",%progbits
 195              	 .align 2
 196              	 .global XMC_SCU_SetTempLowLimit
 197              	 .code 16
 198              	 .thumb_func
 200              	XMC_SCU_SetTempLowLimit:
 201 0000 38B5     	 push {r3,r4,r5,lr}
 202 0002 9025     	 mov r5,#144
 203 0004 6D00     	 lsl r5,r5,#1
 204 0006 2B68     	 ldr r3,[r5]
 205 0008 041C     	 mov r4,r0
 206 000a 9847     	 blx r3
 207 000c 0028     	 cmp r0,#0
 208 000e 05D0     	 beq .L45
 209              	.L42:
 210 0010 084B     	 ldr r3,.L46
 211 0012 80B2     	 uxth r0,r0
 212 0014 9886     	 strh r0,[r3,#52]
 213 0016 0023     	 mov r3,#0
 214              	.L41:
 215 0018 181C     	 mov r0,r3
 216              	 
 217 001a 38BD     	 pop {r3,r4,r5,pc}
 218              	.L45:
 219 001c 601C     	 add r0,r4,#1
 220 001e 2B68     	 ldr r3,[r5]
 221 0020 9847     	 blx r3
 222 0022 0028     	 cmp r0,#0
 223 0024 F4D1     	 bne .L42
 224 0026 2B68     	 ldr r3,[r5]
 225 0028 601E     	 sub r0,r4,#1
 226 002a 9847     	 blx r3
 227 002c 0123     	 mov r3,#1
 228 002e 0028     	 cmp r0,#0
 229 0030 F2D0     	 beq .L41
 230 0032 EDE7     	 b .L42
 231              	.L47:
 232              	 .align 2
 233              	.L46:
 234 0034 00100140 	 .word 1073811456
 236              	 .section .text.XMC_SCU_SetTempHighLimit,"ax",%progbits
 237              	 .align 2
 238              	 .global XMC_SCU_SetTempHighLimit
 239              	 .code 16
 240              	 .thumb_func
 242              	XMC_SCU_SetTempHighLimit:
 243 0000 38B5     	 push {r3,r4,r5,lr}
 244 0002 9025     	 mov r5,#144
 245 0004 6D00     	 lsl r5,r5,#1
 246 0006 2B68     	 ldr r3,[r5]
 247 0008 041C     	 mov r4,r0
 248 000a 9847     	 blx r3
 249 000c 0028     	 cmp r0,#0
 250 000e 05D0     	 beq .L54
 251              	.L51:
 252 0010 084B     	 ldr r3,.L55
 253 0012 80B2     	 uxth r0,r0
 254 0014 1886     	 strh r0,[r3,#48]
 255 0016 0023     	 mov r3,#0
 256              	.L50:
 257 0018 181C     	 mov r0,r3
 258              	 
 259 001a 38BD     	 pop {r3,r4,r5,pc}
 260              	.L54:
 261 001c 601C     	 add r0,r4,#1
 262 001e 2B68     	 ldr r3,[r5]
 263 0020 9847     	 blx r3
 264 0022 0028     	 cmp r0,#0
 265 0024 F4D1     	 bne .L51
 266 0026 2B68     	 ldr r3,[r5]
 267 0028 601E     	 sub r0,r4,#1
 268 002a 9847     	 blx r3
 269 002c 0123     	 mov r3,#1
 270 002e 0028     	 cmp r0,#0
 271 0030 F2D0     	 beq .L50
 272 0032 EDE7     	 b .L51
 273              	.L56:
 274              	 .align 2
 275              	.L55:
 276 0034 00100140 	 .word 1073811456
 278              	 .section .text.XMC_SCU_SetRawTempLimits,"ax",%progbits
 279              	 .align 2
 280              	 .global XMC_SCU_SetRawTempLimits
 281              	 .code 16
 282              	 .thumb_func
 284              	XMC_SCU_SetRawTempLimits:
 285 0000 024B     	 ldr r3,.L58
 286 0002 89B2     	 uxth r1,r1
 287 0004 80B2     	 uxth r0,r0
 288 0006 1986     	 strh r1,[r3,#48]
 289              	 
 290 0008 9886     	 strh r0,[r3,#52]
 291 000a 7047     	 bx lr
 292              	.L59:
 293              	 .align 2
 294              	.L58:
 295 000c 00100140 	 .word 1073811456
 297              	 .section .text.XMC_SCU_StartTempMeasurement,"ax",%progbits
 298              	 .align 2
 299              	 .global XMC_SCU_StartTempMeasurement
 300              	 .code 16
 301              	 .thumb_func
 303              	XMC_SCU_StartTempMeasurement:
 304 0000 0123     	 mov r3,#1
 305 0002 024A     	 ldr r2,.L61
 306              	 
 307 0004 918C     	 ldrh r1,[r2,#36]
 308 0006 0B43     	 orr r3,r1
 309 0008 9384     	 strh r3,[r2,#36]
 310 000a 7047     	 bx lr
 311              	.L62:
 312              	 .align 2
 313              	.L61:
 314 000c 00100140 	 .word 1073811456
 316              	 .section .text.XMC_SCU_StopTempMeasurement,"ax",%progbits
 317              	 .align 2
 318              	 .global XMC_SCU_StopTempMeasurement
 319              	 .code 16
 320              	 .thumb_func
 322              	XMC_SCU_StopTempMeasurement:
 323 0000 0121     	 mov r1,#1
 324 0002 024A     	 ldr r2,.L64
 325              	 
 326 0004 938C     	 ldrh r3,[r2,#36]
 327 0006 8B43     	 bic r3,r1
 328 0008 9384     	 strh r3,[r2,#36]
 329 000a 7047     	 bx lr
 330              	.L65:
 331              	 .align 2
 332              	.L64:
 333 000c 00100140 	 .word 1073811456
 335              	 .section .text.XMC_SCU_HighTemperature,"ax",%progbits
 336              	 .align 2
 337              	 .global XMC_SCU_HighTemperature
 338              	 .code 16
 339              	 .thumb_func
 341              	XMC_SCU_HighTemperature:
 342 0000 024B     	 ldr r3,.L67
 343              	 
 344 0002 1868     	 ldr r0,[r3]
 345 0004 4000     	 lsl r0,r0,#1
 346 0006 C00F     	 lsr r0,r0,#31
 347 0008 7047     	 bx lr
 348              	.L68:
 349 000a C046     	 .align 2
 350              	.L67:
 351 000c 38000140 	 .word 1073807416
 353              	 .section .text.XMC_SCU_LowTemperature,"ax",%progbits
 354              	 .align 2
 355              	 .global XMC_SCU_LowTemperature
 356              	 .code 16
 357              	 .thumb_func
 359              	XMC_SCU_LowTemperature:
 360 0000 014B     	 ldr r3,.L70
 361              	 
 362 0002 1868     	 ldr r0,[r3]
 363 0004 C00F     	 lsr r0,r0,#31
 364 0006 7047     	 bx lr
 365              	.L71:
 366              	 .align 2
 367              	.L70:
 368 0008 38000140 	 .word 1073807416
 370              	 .section .text.XMC_SCU_GetTemperature,"ax",%progbits
 371              	 .align 2
 372              	 .global XMC_SCU_GetTemperature
 373              	 .code 16
 374              	 .thumb_func
 376              	XMC_SCU_GetTemperature:
 377 0000 4023     	 mov r3,#64
 378 0002 024A     	 ldr r2,.L73
 379              	 
 380 0004 D05A     	 ldrh r0,[r2,r3]
 381 0006 80B2     	 uxth r0,r0
 382 0008 7047     	 bx lr
 383              	.L74:
 384 000a C046     	 .align 2
 385              	.L73:
 386 000c 00100140 	 .word 1073811456
 388              	 .section .text.XMC_SCU_CalcTemperature,"ax",%progbits
 389              	 .align 2
 390              	 .global XMC_SCU_CalcTemperature
 391              	 .code 16
 392              	 .thumb_func
 394              	XMC_SCU_CalcTemperature:
 395 0000 08B5     	 push {r3,lr}
 396 0002 8623     	 mov r3,#134
 397 0004 5B00     	 lsl r3,r3,#1
 398 0006 1B68     	 ldr r3,[r3]
 399 0008 9847     	 blx r3
 400              	 
 401 000a 08BD     	 pop {r3,pc}
 403              	 .section .text.XMC_SCU_CLOCK_SetRtcClockSource,"ax",%progbits
 404              	 .align 2
 405              	 .global XMC_SCU_CLOCK_SetRtcClockSource
 406              	 .code 16
 407              	 .thumb_func
 409              	XMC_SCU_CLOCK_SetRtcClockSource:
 410 0000 C023     	 mov r3,#192
 411 0002 0421     	 mov r1,#4
 412 0004 074A     	 ldr r2,.L79
 413 0006 5362     	 str r3,[r2,#36]
 414              	.L77:
 415 0008 536A     	 ldr r3,[r2,#36]
 416 000a 1942     	 tst r1,r3
 417 000c FCD1     	 bne .L77
 418 000e 064A     	 ldr r2,.L79+4
 419 0010 064B     	 ldr r3,.L79+8
 420 0012 1168     	 ldr r1,[r2]
 421              	 
 422 0014 0B40     	 and r3,r1
 423 0016 1843     	 orr r0,r3
 424 0018 1060     	 str r0,[r2]
 425 001a C322     	 mov r2,#195
 426 001c 014B     	 ldr r3,.L79
 427 001e 5A62     	 str r2,[r3,#36]
 428 0020 7047     	 bx lr
 429              	.L80:
 430 0022 C046     	 .align 2
 431              	.L79:
 432 0024 00000140 	 .word 1073807360
 433 0028 00030140 	 .word 1073808128
 434 002c FFFFF1FF 	 .word -917505
 436              	 .section .text.XMC_SCU_CLOCK_SetFastPeripheralClockSource,"ax",%progbits
 437              	 .align 2
 438              	 .global XMC_SCU_CLOCK_SetFastPeripheralClockSource
 439              	 .code 16
 440              	 .thumb_func
 442              	XMC_SCU_CLOCK_SetFastPeripheralClockSource:
 443 0000 C023     	 mov r3,#192
 444 0002 0421     	 mov r1,#4
 445 0004 074A     	 ldr r2,.L84
 446 0006 5362     	 str r3,[r2,#36]
 447              	.L82:
 448 0008 536A     	 ldr r3,[r2,#36]
 449 000a 1942     	 tst r1,r3
 450 000c FCD1     	 bne .L82
 451 000e 064A     	 ldr r2,.L84+4
 452 0010 064B     	 ldr r3,.L84+8
 453 0012 1168     	 ldr r1,[r2]
 454              	 
 455 0014 0B40     	 and r3,r1
 456 0016 1843     	 orr r0,r3
 457 0018 1060     	 str r0,[r2]
 458 001a C322     	 mov r2,#195
 459 001c 014B     	 ldr r3,.L84
 460 001e 5A62     	 str r2,[r3,#36]
 461 0020 7047     	 bx lr
 462              	.L85:
 463 0022 C046     	 .align 2
 464              	.L84:
 465 0024 00000140 	 .word 1073807360
 466 0028 00030140 	 .word 1073808128
 467 002c FFFFFEFF 	 .word -65537
 469              	 .section .text.XMC_SCU_CLOCK_GatePeripheralClock,"ax",%progbits
 470              	 .align 2
 471              	 .global XMC_SCU_CLOCK_GatePeripheralClock
 472              	 .code 16
 473              	 .thumb_func
 475              	XMC_SCU_CLOCK_GatePeripheralClock:
 476 0000 C023     	 mov r3,#192
 477 0002 0421     	 mov r1,#4
 478 0004 064A     	 ldr r2,.L89
 479 0006 5362     	 str r3,[r2,#36]
 480              	.L87:
 481 0008 536A     	 ldr r3,[r2,#36]
 482 000a 1942     	 tst r1,r3
 483 000c FCD1     	 bne .L87
 484 000e 054A     	 ldr r2,.L89+4
 485              	 
 486 0010 D368     	 ldr r3,[r2,#12]
 487 0012 1843     	 orr r0,r3
 488 0014 D060     	 str r0,[r2,#12]
 489 0016 C322     	 mov r2,#195
 490 0018 014B     	 ldr r3,.L89
 491 001a 5A62     	 str r2,[r3,#36]
 492 001c 7047     	 bx lr
 493              	.L90:
 494 001e C046     	 .align 2
 495              	.L89:
 496 0020 00000140 	 .word 1073807360
 497 0024 00030140 	 .word 1073808128
 499              	 .section .text.XMC_SCU_CLOCK_UngatePeripheralClock,"ax",%progbits
 500              	 .align 2
 501              	 .global XMC_SCU_CLOCK_UngatePeripheralClock
 502              	 .code 16
 503              	 .thumb_func
 505              	XMC_SCU_CLOCK_UngatePeripheralClock:
 506 0000 C023     	 mov r3,#192
 507 0002 0421     	 mov r1,#4
 508 0004 084A     	 ldr r2,.L96
 509 0006 5362     	 str r3,[r2,#36]
 510              	.L92:
 511 0008 536A     	 ldr r3,[r2,#36]
 512 000a 1942     	 tst r1,r3
 513 000c FCD1     	 bne .L92
 514 000e 8021     	 mov r1,#128
 515 0010 064A     	 ldr r2,.L96+4
 516 0012 C905     	 lsl r1,r1,#23
 517 0014 1369     	 ldr r3,[r2,#16]
 518 0016 1843     	 orr r0,r3
 519 0018 1061     	 str r0,[r2,#16]
 520              	.L93:
 521 001a 1368     	 ldr r3,[r2]
 522 001c 0B42     	 tst r3,r1
 523 001e FCD1     	 bne .L93
 524 0020 C322     	 mov r2,#195
 525 0022 014B     	 ldr r3,.L96
 526              	 
 527 0024 5A62     	 str r2,[r3,#36]
 528 0026 7047     	 bx lr
 529              	.L97:
 530              	 .align 2
 531              	.L96:
 532 0028 00000140 	 .word 1073807360
 533 002c 00030140 	 .word 1073808128
 535              	 .section .text.XMC_SCU_CLOCK_IsPeripheralClockGated,"ax",%progbits
 536              	 .align 2
 537              	 .global XMC_SCU_CLOCK_IsPeripheralClockGated
 538              	 .code 16
 539              	 .thumb_func
 541              	XMC_SCU_CLOCK_IsPeripheralClockGated:
 542 0000 034B     	 ldr r3,.L99
 543              	 
 544 0002 9B68     	 ldr r3,[r3,#8]
 545 0004 1840     	 and r0,r3
 546 0006 431E     	 sub r3,r0,#1
 547 0008 9841     	 sbc r0,r0,r3
 548 000a C0B2     	 uxtb r0,r0
 549 000c 7047     	 bx lr
 550              	.L100:
 551 000e C046     	 .align 2
 552              	.L99:
 553 0010 00030140 	 .word 1073808128
 555              	 .section .text.XMC_SCU_CLOCK_ScaleMCLKFrequency,"ax",%progbits
 556              	 .align 2
 557              	 .global XMC_SCU_CLOCK_ScaleMCLKFrequency
 558              	 .code 16
 559              	 .thumb_func
 561              	XMC_SCU_CLOCK_ScaleMCLKFrequency:
 562 0000 F8B5     	 push {r3,r4,r5,r6,r7,lr}
 563 0002 C023     	 mov r3,#192
 564 0004 0424     	 mov r4,#4
 565 0006 2D4A     	 ldr r2,.L120
 566 0008 5362     	 str r3,[r2,#36]
 567              	.L102:
 568 000a 536A     	 ldr r3,[r2,#36]
 569 000c 1C42     	 tst r4,r3
 570 000e FCD1     	 bne .L102
 571 0010 2B4A     	 ldr r2,.L120+4
 572 0012 2C4D     	 ldr r5,.L120+8
 573 0014 1468     	 ldr r4,[r2]
 574 0016 1368     	 ldr r3,[r2]
 575 0018 2404     	 lsl r4,r4,#16
 576 001a 1D40     	 and r5,r3
 577 001c 2A4B     	 ldr r3,.L120+12
 578 001e 240E     	 lsr r4,r4,#24
 579 0020 2B43     	 orr r3,r5
 580 0022 0B43     	 orr r3,r1
 581 0024 8021     	 mov r1,#128
 582 0026 1360     	 str r3,[r2]
 583 0028 C905     	 lsl r1,r1,#23
 584              	.L103:
 585 002a 1368     	 ldr r3,[r2]
 586 002c 0B42     	 tst r3,r1
 587 002e FCD1     	 bne .L103
 588 0030 8442     	 cmp r4,r0
 589 0032 29D9     	 bls .L104
 590 0034 8021     	 mov r1,#128
 591 0036 254B     	 ldr r3,.L120+16
 592 0038 8600     	 lsl r6,r0,#2
 593 003a 214A     	 ldr r2,.L120+4
 594 003c 9C46     	 mov ip,r3
 595 003e 224F     	 ldr r7,.L120+12
 596 0040 C905     	 lsl r1,r1,#23
 597 0042 B442     	 cmp r4,r6
 598 0044 0CD9     	 bls .L113
 599              	.L112:
 600 0046 6546     	 mov r5,ip
 601 0048 1368     	 ldr r3,[r2]
 602 004a A408     	 lsr r4,r4,#2
 603 004c 2B40     	 and r3,r5
 604 004e 3B43     	 orr r3,r7
 605 0050 2502     	 lsl r5,r4,#8
 606 0052 2B43     	 orr r3,r5
 607 0054 1360     	 str r3,[r2]
 608              	.L111:
 609 0056 1368     	 ldr r3,[r2]
 610 0058 0B42     	 tst r3,r1
 611 005a FCD1     	 bne .L111
 612 005c B442     	 cmp r4,r6
 613 005e F2D8     	 bhi .L112
 614              	.L113:
 615 0060 174A     	 ldr r2,.L120+4
 616 0062 1A4B     	 ldr r3,.L120+16
 617 0064 1168     	 ldr r1,[r2]
 618 0066 0002     	 lsl r0,r0,#8
 619 0068 0B40     	 and r3,r1
 620 006a 1749     	 ldr r1,.L120+12
 621 006c 0B43     	 orr r3,r1
 622 006e 8021     	 mov r1,#128
 623 0070 0343     	 orr r3,r0
 624 0072 1360     	 str r3,[r2]
 625 0074 C905     	 lsl r1,r1,#23
 626              	.L110:
 627 0076 1368     	 ldr r3,[r2]
 628 0078 0B42     	 tst r3,r1
 629 007a FCD1     	 bne .L110
 630 007c C322     	 mov r2,#195
 631 007e 0F4B     	 ldr r3,.L120
 632              	 
 633 0080 5A62     	 str r2,[r3,#36]
 634 0082 FFF7FEFF 	 bl SystemCoreClockUpdate
 635 0086 F8BD     	 pop {r3,r4,r5,r6,r7,pc}
 636              	.L104:
 637 0088 8021     	 mov r1,#128
 638 008a 0D4A     	 ldr r2,.L120+4
 639 008c 0F4F     	 ldr r7,.L120+16
 640 008e 0E4E     	 ldr r6,.L120+12
 641 0090 C905     	 lsl r1,r1,#23
 642              	.L108:
 643 0092 A300     	 lsl r3,r4,#2
 644 0094 9842     	 cmp r0,r3
 645 0096 E3D9     	 bls .L113
 646 0098 002C     	 cmp r4,#0
 647 009a 0AD0     	 beq .L114
 648 009c A502     	 lsl r5,r4,#10
 649 009e 1C1C     	 mov r4,r3
 650              	.L106:
 651 00a0 1368     	 ldr r3,[r2]
 652 00a2 3B40     	 and r3,r7
 653 00a4 3343     	 orr r3,r6
 654 00a6 2B43     	 orr r3,r5
 655 00a8 1360     	 str r3,[r2]
 656              	.L107:
 657 00aa 1368     	 ldr r3,[r2]
 658 00ac 0B42     	 tst r3,r1
 659 00ae FCD1     	 bne .L107
 660 00b0 EFE7     	 b .L108
 661              	.L114:
 662 00b2 8025     	 mov r5,#128
 663 00b4 0424     	 mov r4,#4
 664 00b6 ED00     	 lsl r5,r5,#3
 665 00b8 F2E7     	 b .L106
 666              	.L121:
 667 00ba C046     	 .align 2
 668              	.L120:
 669 00bc 00000140 	 .word 1073807360
 670 00c0 00030140 	 .word 1073808128
 671 00c4 00FF0FC0 	 .word -1072693504
 672 00c8 0000F03F 	 .word 1072693248
 673 00cc FF000FC0 	 .word -1072758529
 675              	 .section .text.XMC_SCU_CLOCK_Init,"ax",%progbits
 676              	 .align 2
 677              	 .global XMC_SCU_CLOCK_Init
 678              	 .code 16
 679              	 .thumb_func
 681              	XMC_SCU_CLOCK_Init:
 682 0000 C023     	 mov r3,#192
 683 0002 0421     	 mov r1,#4
 684 0004 0B4A     	 ldr r2,.L125
 685 0006 10B5     	 push {r4,lr}
 686 0008 5362     	 str r3,[r2,#36]
 687              	.L123:
 688 000a 536A     	 ldr r3,[r2,#36]
 689 000c 1942     	 tst r1,r3
 690 000e FCD1     	 bne .L123
 691 0010 8268     	 ldr r2,[r0,#8]
 692 0012 4168     	 ldr r1,[r0,#4]
 693 0014 084C     	 ldr r4,.L125+4
 694 0016 1143     	 orr r1,r2
 695 0018 2368     	 ldr r3,[r4]
 696 001a 084A     	 ldr r2,.L125+8
 697              	 
 698 001c 1340     	 and r3,r2
 699 001e C322     	 mov r2,#195
 700 0020 0B43     	 orr r3,r1
 701 0022 2360     	 str r3,[r4]
 702 0024 034B     	 ldr r3,.L125
 703 0026 5A62     	 str r2,[r3,#36]
 704 0028 4378     	 ldrb r3,[r0,#1]
 705 002a 0178     	 ldrb r1,[r0]
 706 002c 181C     	 mov r0,r3
 707 002e FFF7FEFF 	 bl XMC_SCU_CLOCK_ScaleMCLKFrequency
 708 0032 10BD     	 pop {r4,pc}
 709              	.L126:
 710              	 .align 2
 711              	.L125:
 712 0034 00000140 	 .word 1073807360
 713 0038 00030140 	 .word 1073808128
 714 003c FFFFF0FF 	 .word -983041
 716              	 .global __aeabi_uidiv
 717              	 .section .text.XMC_SCU_CLOCK_SetMCLKFrequency,"ax",%progbits
 718              	 .align 2
 719              	 .global XMC_SCU_CLOCK_SetMCLKFrequency
 720              	 .code 16
 721              	 .thumb_func
 723              	XMC_SCU_CLOCK_SetMCLKFrequency:
 724 0000 011C     	 mov r1,r0
 725 0002 FA20     	 mov r0,#250
 726 0004 08B5     	 push {r3,lr}
 727 0006 C003     	 lsl r0,r0,#15
 728 0008 FFF7FEFF 	 bl __aeabi_uidiv
 729 000c 054B     	 ldr r3,.L129
 730 000e 011E     	 sub r1,r0,#0
 731 0010 9942     	 cmp r1,r3
 732 0012 00D9     	 bls .L128
 733 0014 191C     	 mov r1,r3
 734              	.L128:
 735 0016 FF23     	 mov r3,#255
 736 0018 080A     	 lsr r0,r1,#8
 737 001a 1940     	 and r1,r3
 738 001c FFF7FEFF 	 bl XMC_SCU_CLOCK_ScaleMCLKFrequency
 739              	 
 740 0020 08BD     	 pop {r3,pc}
 741              	.L130:
 742 0022 C046     	 .align 2
 743              	.L129:
 744 0024 FFFF0000 	 .word 65535
 746              	 .section .text.XMC_SCU_CLOCK_GetPeripheralClockFrequency,"ax",%progbits
 747              	 .align 2
 748              	 .global XMC_SCU_CLOCK_GetPeripheralClockFrequency
 749              	 .code 16
 750              	 .thumb_func
 752              	XMC_SCU_CLOCK_GetPeripheralClockFrequency:
 753 0000 014B     	 ldr r3,.L132
 754              	 
 755 0002 1868     	 ldr r0,[r3]
 756 0004 7047     	 bx lr
 757              	.L133:
 758 0006 C046     	 .align 2
 759              	.L132:
 760 0008 00000000 	 .word SystemCoreClock
 762              	 .section .text.XMC_SCU_CLOCK_GetFastPeripheralClockFrequency,"ax",%progbits
 763              	 .align 2
 764              	 .global XMC_SCU_CLOCK_GetFastPeripheralClockFrequency
 765              	 .code 16
 766              	 .thumb_func
 768              	XMC_SCU_CLOCK_GetFastPeripheralClockFrequency:
 769 0000 044B     	 ldr r3,.L135
 770              	 
 771 0002 1868     	 ldr r0,[r3]
 772 0004 044B     	 ldr r3,.L135+4
 773 0006 C003     	 lsl r0,r0,#15
 774 0008 1B68     	 ldr r3,[r3]
 775 000a C00F     	 lsr r0,r0,#31
 776 000c 8340     	 lsl r3,r3,r0
 777 000e 181C     	 mov r0,r3
 778 0010 7047     	 bx lr
 779              	.L136:
 780 0012 C046     	 .align 2
 781              	.L135:
 782 0014 00030140 	 .word 1073808128
 783 0018 00000000 	 .word SystemCoreClock
 785              	 .global __aeabi_idiv
 786              	 .section .text.XMC_SCU_CLOCK_CalibrateOscillatorOnTemperature,"ax",%progbits
 787              	 .align 2
 788              	 .global XMC_SCU_CLOCK_CalibrateOscillatorOnTemperature
 789              	 .code 16
 790              	 .thumb_func
 792              	XMC_SCU_CLOCK_CalibrateOscillatorOnTemperature:
 793 0000 10B5     	 push {r4,lr}
 794 0002 104B     	 ldr r3,.L140
 795 0004 1C78     	 ldrb r4,[r3]
 796 0006 104B     	 ldr r3,.L140+4
 797 0008 1978     	 ldrb r1,[r3]
 798 000a 104B     	 ldr r3,.L140+8
 799 000c 401A     	 sub r0,r0,r1
 800 000e 1B78     	 ldrb r3,[r3]
 801 0010 1B1B     	 sub r3,r3,r4
 802 0012 5843     	 mul r0,r3
 803 0014 0E4B     	 ldr r3,.L140+12
 804 0016 1B78     	 ldrb r3,[r3]
 805 0018 591A     	 sub r1,r3,r1
 806 001a FFF7FEFF 	 bl __aeabi_idiv
 807 001e C023     	 mov r3,#192
 808 0020 0419     	 add r4,r0,r4
 809 0022 0F20     	 mov r0,#15
 810 0024 0421     	 mov r1,#4
 811 0026 0B4A     	 ldr r2,.L140+16
 812 0028 0440     	 and r4,r0
 813 002a 5362     	 str r3,[r2,#36]
 814              	.L138:
 815 002c 536A     	 ldr r3,[r2,#36]
 816 002e 1942     	 tst r1,r3
 817 0030 FCD1     	 bne .L138
 818 0032 6C23     	 mov r3,#108
 819 0034 084A     	 ldr r2,.L140+20
 820 0036 A4B2     	 uxth r4,r4
 821 0038 D452     	 strh r4,[r2,r3]
 822 003a C322     	 mov r2,#195
 823 003c 054B     	 ldr r3,.L140+16
 824              	 
 825 003e 5A62     	 str r2,[r3,#36]
 826 0040 10BD     	 pop {r4,pc}
 827              	.L141:
 828 0042 C046     	 .align 2
 829              	.L140:
 830 0044 320F0010 	 .word 268439346
 831 0048 300F0010 	 .word 268439344
 832 004c 330F0010 	 .word 268439347
 833 0050 310F0010 	 .word 268439345
 834 0054 00000140 	 .word 1073807360
 835 0058 00100140 	 .word 1073811456
 837              	 .section .text.XMC_SCU_INTERRUPT_SetEventHandler,"ax",%progbits
 838              	 .align 2
 839              	 .global XMC_SCU_INTERRUPT_SetEventHandler
 840              	 .code 16
 841              	 .thumb_func
 843              	XMC_SCU_INTERRUPT_SetEventHandler:
 844 0000 10B5     	 push {r4,lr}
 845 0002 C307     	 lsl r3,r0,#31
 846 0004 13D4     	 bmi .L147
 847 0006 0023     	 mov r3,#0
 848 0008 0124     	 mov r4,#1
 849 000a 01E0     	 b .L145
 850              	.L152:
 851 000c 202B     	 cmp r3,#32
 852 000e 0CD0     	 beq .L151
 853              	.L145:
 854 0010 021C     	 mov r2,r0
 855 0012 0133     	 add r3,r3,#1
 856 0014 DA40     	 lsr r2,r2,r3
 857 0016 1442     	 tst r4,r2
 858 0018 F8D0     	 beq .L152
 859 001a 0120     	 mov r0,#1
 860 001c 202B     	 cmp r3,#32
 861 001e 03D0     	 beq .L146
 862              	.L143:
 863 0020 0020     	 mov r0,#0
 864 0022 044A     	 ldr r2,.L153
 865 0024 9B00     	 lsl r3,r3,#2
 866 0026 9950     	 str r1,[r3,r2]
 867              	.L146:
 868              	 
 869 0028 10BD     	 pop {r4,pc}
 870              	.L151:
 871 002a 0120     	 mov r0,#1
 872 002c FCE7     	 b .L146
 873              	.L147:
 874 002e 0023     	 mov r3,#0
 875 0030 F6E7     	 b .L143
 876              	.L154:
 877 0032 C046     	 .align 2
 878              	.L153:
 879 0034 00000000 	 .word .LANCHOR0
 881              	 .section .text.XMC_SCU_IRQHandler,"ax",%progbits
 882              	 .align 2
 883              	 .global XMC_SCU_IRQHandler
 884              	 .code 16
 885              	 .thumb_func
 887              	XMC_SCU_IRQHandler:
 888 0000 F8B5     	 push {r3,r4,r5,r6,r7,lr}
 889 0002 1049     	 ldr r1,.L172
 890 0004 104B     	 ldr r3,.L172+4
 891 0006 8000     	 lsl r0,r0,#2
 892 0008 1A68     	 ldr r2,[r3]
 893 000a 4558     	 ldr r5,[r0,r1]
 894 000c 0024     	 mov r4,#0
 895 000e 1540     	 and r5,r2
 896 0010 9A68     	 ldr r2,[r3,#8]
 897 0012 2A43     	 orr r2,r5
 898 0014 9A60     	 str r2,[r3,#8]
 899 0016 002D     	 cmp r5,#0
 900 0018 13D0     	 beq .L155
 901 001a 0126     	 mov r6,#1
 902 001c 0B4F     	 ldr r7,.L172+8
 903 001e 01E0     	 b .L166
 904              	.L171:
 905 0020 202C     	 cmp r4,#32
 906 0022 0ED0     	 beq .L155
 907              	.L166:
 908 0024 2B1C     	 mov r3,r5
 909 0026 E340     	 lsr r3,r3,r4
 910 0028 1E42     	 tst r6,r3
 911 002a 07D0     	 beq .L157
 912 002c 331C     	 mov r3,r6
 913 002e A340     	 lsl r3,r3,r4
 914 0030 9D43     	 bic r5,r3
 915 0032 A300     	 lsl r3,r4,#2
 916 0034 DB59     	 ldr r3,[r3,r7]
 917 0036 002B     	 cmp r3,#0
 918 0038 00D0     	 beq .L157
 919 003a 9847     	 blx r3
 920              	.L157:
 921 003c 0134     	 add r4,r4,#1
 922 003e 002D     	 cmp r5,#0
 923 0040 EED1     	 bne .L171
 924              	.L155:
 925              	 
 926 0042 F8BD     	 pop {r3,r4,r5,r6,r7,pc}
 927              	.L173:
 928              	 .align 2
 929              	.L172:
 930 0044 00000000 	 .word .LANCHOR1
 931 0048 38000140 	 .word 1073807416
 932 004c 00000000 	 .word .LANCHOR0
 934              	 .section .text.XMC_SCU_SetBMI,"ax",%progbits
 935              	 .align 2
 936              	 .global XMC_SCU_SetBMI
 937              	 .code 16
 938              	 .thumb_func
 940              	XMC_SCU_SetBMI:
 941 0000 08B5     	 push {r3,lr}
 942 0002 8C23     	 mov r3,#140
 943 0004 4005     	 lsl r0,r0,#21
 944 0006 1B01     	 lsl r3,r3,#4
 945 0008 400D     	 lsr r0,r0,#21
 946 000a 1843     	 orr r0,r3
 947 000c 8423     	 mov r3,#132
 948 000e 0907     	 lsl r1,r1,#28
 949 0010 090C     	 lsr r1,r1,#16
 950 0012 5B00     	 lsl r3,r3,#1
 951 0014 0843     	 orr r0,r1
 952 0016 1B68     	 ldr r3,[r3]
 953 0018 9847     	 blx r3
 954              	 
 955 001a 08BD     	 pop {r3,pc}
 957              	 .section .bss.event_handler_list,"aw",%nobits
 958              	 .align 2
 959              	 .set .LANCHOR0,.+0
 962              	event_handler_list:
 963 0000 00000000 	 .space 128
 963      00000000 
 963      00000000 
 963      00000000 
 963      00000000 
 964              	 .section .rodata.event_masks,"a",%progbits
 965              	 .align 2
 966              	 .set .LANCHOR1,.+0
 969              	event_masks:
 970 0000 00001F00 	 .word 2031616
 971 0004 8F0060FF 	 .word -10485617
 972 0008 70FF0000 	 .word 65392
 973              	 .ident "GCC: (GNU Tools for ARM Embedded Processors) 4.9.3 20141119 (release) [ARM/embedded-4_9-branch revision 218278]"
DEFINED SYMBOLS
                            *ABS*:00000000 xmc1_scu.c
    {standard input}:13     .text.XMC_SCU_INTERRUPT_EnableEvent:00000000 $t
    {standard input}:18     .text.XMC_SCU_INTERRUPT_EnableEvent:00000000 XMC_SCU_INTERRUPT_EnableEvent
    {standard input}:28     .text.XMC_SCU_INTERRUPT_EnableEvent:0000000c $d
    {standard input}:31     .text.XMC_SCU_INTERRUPT_DisableEvent:00000000 $t
    {standard input}:36     .text.XMC_SCU_INTERRUPT_DisableEvent:00000000 XMC_SCU_INTERRUPT_DisableEvent
    {standard input}:46     .text.XMC_SCU_INTERRUPT_DisableEvent:0000000c $d
    {standard input}:49     .text.XMC_SCU_INTERRUPT_TriggerEvent:00000000 $t
    {standard input}:54     .text.XMC_SCU_INTERRUPT_TriggerEvent:00000000 XMC_SCU_INTERRUPT_TriggerEvent
    {standard input}:64     .text.XMC_SCU_INTERRUPT_TriggerEvent:0000000c $d
    {standard input}:67     .text.XMC_SCU_INTERUPT_GetEventStatus:00000000 $t
    {standard input}:72     .text.XMC_SCU_INTERUPT_GetEventStatus:00000000 XMC_SCU_INTERUPT_GetEventStatus
    {standard input}:80     .text.XMC_SCU_INTERUPT_GetEventStatus:00000008 $d
    {standard input}:83     .text.XMC_SCU_INTERRUPT_ClearEventStatus:00000000 $t
    {standard input}:88     .text.XMC_SCU_INTERRUPT_ClearEventStatus:00000000 XMC_SCU_INTERRUPT_ClearEventStatus
    {standard input}:98     .text.XMC_SCU_INTERRUPT_ClearEventStatus:0000000c $d
    {standard input}:101    .text.XMC_SCU_LockProtectedBits:00000000 $t
    {standard input}:106    .text.XMC_SCU_LockProtectedBits:00000000 XMC_SCU_LockProtectedBits
    {standard input}:115    .text.XMC_SCU_LockProtectedBits:00000008 $d
    {standard input}:118    .text.XMC_SCU_UnlockProtectedBits:00000000 $t
    {standard input}:123    .text.XMC_SCU_UnlockProtectedBits:00000000 XMC_SCU_UnlockProtectedBits
    {standard input}:137    .text.XMC_SCU_UnlockProtectedBits:00000010 $d
    {standard input}:140    .text.XMC_SCU_SupplyMonitorInit:00000000 $t
    {standard input}:145    .text.XMC_SCU_SupplyMonitorInit:00000000 XMC_SCU_SupplyMonitorInit
    {standard input}:191    .text.XMC_SCU_SupplyMonitorInit:00000048 $d
    {standard input}:195    .text.XMC_SCU_SetTempLowLimit:00000000 $t
    {standard input}:200    .text.XMC_SCU_SetTempLowLimit:00000000 XMC_SCU_SetTempLowLimit
    {standard input}:234    .text.XMC_SCU_SetTempLowLimit:00000034 $d
    {standard input}:237    .text.XMC_SCU_SetTempHighLimit:00000000 $t
    {standard input}:242    .text.XMC_SCU_SetTempHighLimit:00000000 XMC_SCU_SetTempHighLimit
    {standard input}:276    .text.XMC_SCU_SetTempHighLimit:00000034 $d
    {standard input}:279    .text.XMC_SCU_SetRawTempLimits:00000000 $t
    {standard input}:284    .text.XMC_SCU_SetRawTempLimits:00000000 XMC_SCU_SetRawTempLimits
    {standard input}:295    .text.XMC_SCU_SetRawTempLimits:0000000c $d
    {standard input}:298    .text.XMC_SCU_StartTempMeasurement:00000000 $t
    {standard input}:303    .text.XMC_SCU_StartTempMeasurement:00000000 XMC_SCU_StartTempMeasurement
    {standard input}:314    .text.XMC_SCU_StartTempMeasurement:0000000c $d
    {standard input}:317    .text.XMC_SCU_StopTempMeasurement:00000000 $t
    {standard input}:322    .text.XMC_SCU_StopTempMeasurement:00000000 XMC_SCU_StopTempMeasurement
    {standard input}:333    .text.XMC_SCU_StopTempMeasurement:0000000c $d
    {standard input}:336    .text.XMC_SCU_HighTemperature:00000000 $t
    {standard input}:341    .text.XMC_SCU_HighTemperature:00000000 XMC_SCU_HighTemperature
    {standard input}:351    .text.XMC_SCU_HighTemperature:0000000c $d
    {standard input}:354    .text.XMC_SCU_LowTemperature:00000000 $t
    {standard input}:359    .text.XMC_SCU_LowTemperature:00000000 XMC_SCU_LowTemperature
    {standard input}:368    .text.XMC_SCU_LowTemperature:00000008 $d
    {standard input}:371    .text.XMC_SCU_GetTemperature:00000000 $t
    {standard input}:376    .text.XMC_SCU_GetTemperature:00000000 XMC_SCU_GetTemperature
    {standard input}:386    .text.XMC_SCU_GetTemperature:0000000c $d
    {standard input}:389    .text.XMC_SCU_CalcTemperature:00000000 $t
    {standard input}:394    .text.XMC_SCU_CalcTemperature:00000000 XMC_SCU_CalcTemperature
    {standard input}:404    .text.XMC_SCU_CLOCK_SetRtcClockSource:00000000 $t
    {standard input}:409    .text.XMC_SCU_CLOCK_SetRtcClockSource:00000000 XMC_SCU_CLOCK_SetRtcClockSource
    {standard input}:432    .text.XMC_SCU_CLOCK_SetRtcClockSource:00000024 $d
    {standard input}:437    .text.XMC_SCU_CLOCK_SetFastPeripheralClockSource:00000000 $t
    {standard input}:442    .text.XMC_SCU_CLOCK_SetFastPeripheralClockSource:00000000 XMC_SCU_CLOCK_SetFastPeripheralClockSource
    {standard input}:465    .text.XMC_SCU_CLOCK_SetFastPeripheralClockSource:00000024 $d
    {standard input}:470    .text.XMC_SCU_CLOCK_GatePeripheralClock:00000000 $t
    {standard input}:475    .text.XMC_SCU_CLOCK_GatePeripheralClock:00000000 XMC_SCU_CLOCK_GatePeripheralClock
    {standard input}:496    .text.XMC_SCU_CLOCK_GatePeripheralClock:00000020 $d
    {standard input}:500    .text.XMC_SCU_CLOCK_UngatePeripheralClock:00000000 $t
    {standard input}:505    .text.XMC_SCU_CLOCK_UngatePeripheralClock:00000000 XMC_SCU_CLOCK_UngatePeripheralClock
    {standard input}:532    .text.XMC_SCU_CLOCK_UngatePeripheralClock:00000028 $d
    {standard input}:536    .text.XMC_SCU_CLOCK_IsPeripheralClockGated:00000000 $t
    {standard input}:541    .text.XMC_SCU_CLOCK_IsPeripheralClockGated:00000000 XMC_SCU_CLOCK_IsPeripheralClockGated
    {standard input}:553    .text.XMC_SCU_CLOCK_IsPeripheralClockGated:00000010 $d
    {standard input}:556    .text.XMC_SCU_CLOCK_ScaleMCLKFrequency:00000000 $t
    {standard input}:561    .text.XMC_SCU_CLOCK_ScaleMCLKFrequency:00000000 XMC_SCU_CLOCK_ScaleMCLKFrequency
    {standard input}:669    .text.XMC_SCU_CLOCK_ScaleMCLKFrequency:000000bc $d
    {standard input}:676    .text.XMC_SCU_CLOCK_Init:00000000 $t
    {standard input}:681    .text.XMC_SCU_CLOCK_Init:00000000 XMC_SCU_CLOCK_Init
    {standard input}:712    .text.XMC_SCU_CLOCK_Init:00000034 $d
    {standard input}:718    .text.XMC_SCU_CLOCK_SetMCLKFrequency:00000000 $t
    {standard input}:723    .text.XMC_SCU_CLOCK_SetMCLKFrequency:00000000 XMC_SCU_CLOCK_SetMCLKFrequency
    {standard input}:744    .text.XMC_SCU_CLOCK_SetMCLKFrequency:00000024 $d
    {standard input}:747    .text.XMC_SCU_CLOCK_GetPeripheralClockFrequency:00000000 $t
    {standard input}:752    .text.XMC_SCU_CLOCK_GetPeripheralClockFrequency:00000000 XMC_SCU_CLOCK_GetPeripheralClockFrequency
    {standard input}:760    .text.XMC_SCU_CLOCK_GetPeripheralClockFrequency:00000008 $d
    {standard input}:763    .text.XMC_SCU_CLOCK_GetFastPeripheralClockFrequency:00000000 $t
    {standard input}:768    .text.XMC_SCU_CLOCK_GetFastPeripheralClockFrequency:00000000 XMC_SCU_CLOCK_GetFastPeripheralClockFrequency
    {standard input}:782    .text.XMC_SCU_CLOCK_GetFastPeripheralClockFrequency:00000014 $d
    {standard input}:787    .text.XMC_SCU_CLOCK_CalibrateOscillatorOnTemperature:00000000 $t
    {standard input}:792    .text.XMC_SCU_CLOCK_CalibrateOscillatorOnTemperature:00000000 XMC_SCU_CLOCK_CalibrateOscillatorOnTemperature
    {standard input}:830    .text.XMC_SCU_CLOCK_CalibrateOscillatorOnTemperature:00000044 $d
    {standard input}:838    .text.XMC_SCU_INTERRUPT_SetEventHandler:00000000 $t
    {standard input}:843    .text.XMC_SCU_INTERRUPT_SetEventHandler:00000000 XMC_SCU_INTERRUPT_SetEventHandler
    {standard input}:879    .text.XMC_SCU_INTERRUPT_SetEventHandler:00000034 $d
    {standard input}:882    .text.XMC_SCU_IRQHandler:00000000 $t
    {standard input}:887    .text.XMC_SCU_IRQHandler:00000000 XMC_SCU_IRQHandler
    {standard input}:930    .text.XMC_SCU_IRQHandler:00000044 $d
    {standard input}:935    .text.XMC_SCU_SetBMI:00000000 $t
    {standard input}:940    .text.XMC_SCU_SetBMI:00000000 XMC_SCU_SetBMI
    {standard input}:958    .bss.event_handler_list:00000000 $d
    {standard input}:962    .bss.event_handler_list:00000000 event_handler_list
    {standard input}:965    .rodata.event_masks:00000000 $d
    {standard input}:969    .rodata.event_masks:00000000 event_masks

UNDEFINED SYMBOLS
SystemCoreClockUpdate
__aeabi_uidiv
SystemCoreClock
__aeabi_idiv
