   1              	 .cpu cortex-m0
   2              	 .fpu softvfp
   3              	 .eabi_attribute 23,1
   4              	 .eabi_attribute 24,1
   5              	 .eabi_attribute 25,1
   6              	 .eabi_attribute 26,1
   7              	 .eabi_attribute 30,2
   8              	 .eabi_attribute 34,0
   9              	 .eabi_attribute 18,4
  10              	 .code 16
  11              	 .file "xmc_gpio.c"
  12              	 .section .text.XMC_GPIO_SetMode,"ax",%progbits
  13              	 .align 2
  14              	 .global XMC_GPIO_SetMode
  15              	 .code 16
  16              	 .thumb_func
  18              	XMC_GPIO_SetMode:
  19 0000 10B5     	 push {r4,lr}
  20 0002 0324     	 mov r4,#3
  21 0004 8B08     	 lsr r3,r1,#2
  22 0006 2140     	 and r1,r4
  23 0008 C900     	 lsl r1,r1,#3
  24 000a 8A40     	 lsl r2,r2,r1
  25 000c F534     	 add r4,r4,#245
  26 000e 8C40     	 lsl r4,r4,r1
  27 0010 111C     	 mov r1,r2
  28 0012 9B00     	 lsl r3,r3,#2
  29 0014 C018     	 add r0,r0,r3
  30 0016 0369     	 ldr r3,[r0,#16]
  31              	 
  32 0018 A343     	 bic r3,r4
  33 001a 0361     	 str r3,[r0,#16]
  34 001c 0369     	 ldr r3,[r0,#16]
  35 001e 1943     	 orr r1,r3
  36 0020 0161     	 str r1,[r0,#16]
  37 0022 10BD     	 pop {r4,pc}
  39              	 .section .text.XMC_GPIO_SetHardwareControl,"ax",%progbits
  40              	 .align 2
  41              	 .global XMC_GPIO_SetHardwareControl
  42              	 .code 16
  43              	 .thumb_func
  45              	XMC_GPIO_SetHardwareControl:
  46 0000 10B5     	 push {r4,lr}
  47 0002 0324     	 mov r4,#3
  48 0004 4900     	 lsl r1,r1,#1
  49 0006 8A40     	 lsl r2,r2,r1
  50 0008 8C40     	 lsl r4,r4,r1
  51 000a 111C     	 mov r1,r2
  52 000c 436F     	 ldr r3,[r0,#116]
  53              	 
  54 000e A343     	 bic r3,r4
  55 0010 4367     	 str r3,[r0,#116]
  56 0012 436F     	 ldr r3,[r0,#116]
  57 0014 1943     	 orr r1,r3
  58 0016 4167     	 str r1,[r0,#116]
  59 0018 10BD     	 pop {r4,pc}
  61 001a C046     	 .ident "GCC: (GNU Tools for ARM Embedded Processors) 4.9.3 20141119 (release) [ARM/embedded-4_9-branch revision 218278]"
DEFINED SYMBOLS
                            *ABS*:00000000 xmc_gpio.c
    {standard input}:13     .text.XMC_GPIO_SetMode:00000000 $t
    {standard input}:18     .text.XMC_GPIO_SetMode:00000000 XMC_GPIO_SetMode
    {standard input}:40     .text.XMC_GPIO_SetHardwareControl:00000000 $t
    {standard input}:45     .text.XMC_GPIO_SetHardwareControl:00000000 XMC_GPIO_SetHardwareControl

NO UNDEFINED SYMBOLS
