   1              	 .cpu cortex-m0
   2              	 .fpu softvfp
   3              	 .eabi_attribute 23,1
   4              	 .eabi_attribute 24,1
   5              	 .eabi_attribute 25,1
   6              	 .eabi_attribute 26,1
   7              	 .eabi_attribute 30,2
   8              	 .eabi_attribute 34,0
   9              	 .eabi_attribute 18,4
  10              	 .code 16
  11              	 .file "xmc_pau.c"
  12              	 .section .text.XMC_PAU_EnablePeripheralAccess,"ax",%progbits
  13              	 .align 2
  14              	 .global XMC_PAU_EnablePeripheralAccess
  15              	 .code 16
  16              	 .thumb_func
  18              	XMC_PAU_EnablePeripheralAccess:
  19 0000 8022     	 mov r2,#128
  20 0002 D205     	 lsl r2,r2,#23
  21 0004 9446     	 mov ip,r2
  22 0006 8021     	 mov r1,#128
  23 0008 030F     	 lsr r3,r0,#28
  24 000a 9B00     	 lsl r3,r3,#2
  25 000c 6344     	 add r3,r3,ip
  26 000e 5A58     	 ldr r2,[r3,r1]
  27 0010 0001     	 lsl r0,r0,#4
  28 0012 0009     	 lsr r0,r0,#4
  29 0014 8243     	 bic r2,r0
  30 0016 5A50     	 str r2,[r3,r1]
  31              	 
  32 0018 7047     	 bx lr
  34 001a C046     	 .section .text.XMC_PAU_DisablePeripheralAccess,"ax",%progbits
  35              	 .align 2
  36              	 .global XMC_PAU_DisablePeripheralAccess
  37              	 .code 16
  38              	 .thumb_func
  40              	XMC_PAU_DisablePeripheralAccess:
  41 0000 8022     	 mov r2,#128
  42 0002 D205     	 lsl r2,r2,#23
  43 0004 9446     	 mov ip,r2
  44 0006 8022     	 mov r2,#128
  45 0008 030F     	 lsr r3,r0,#28
  46 000a 9B00     	 lsl r3,r3,#2
  47 000c 6344     	 add r3,r3,ip
  48 000e 9958     	 ldr r1,[r3,r2]
  49 0010 0001     	 lsl r0,r0,#4
  50 0012 0009     	 lsr r0,r0,#4
  51 0014 0843     	 orr r0,r1
  52 0016 9850     	 str r0,[r3,r2]
  53              	 
  54 0018 7047     	 bx lr
  56 001a C046     	 .section .text.XMC_PAU_IsPeripheralAccessEnabled,"ax",%progbits
  57              	 .align 2
  58              	 .global XMC_PAU_IsPeripheralAccessEnabled
  59              	 .code 16
  60              	 .thumb_func
  62              	XMC_PAU_IsPeripheralAccessEnabled:
  63 0000 8022     	 mov r2,#128
  64 0002 030F     	 lsr r3,r0,#28
  65 0004 2033     	 add r3,r3,#32
  66 0006 D205     	 lsl r2,r2,#23
  67 0008 9B00     	 lsl r3,r3,#2
  68 000a 9B58     	 ldr r3,[r3,r2]
  69 000c 0001     	 lsl r0,r0,#4
  70 000e 0009     	 lsr r0,r0,#4
  71 0010 1840     	 and r0,r3
  72 0012 431E     	 sub r3,r0,#1
  73 0014 9841     	 sbc r0,r0,r3
  74              	 
  75 0016 C0B2     	 uxtb r0,r0
  76 0018 7047     	 bx lr
  78 001a C046     	 .section .text.XMC_PAU_IsPeripheralAvailable,"ax",%progbits
  79              	 .align 2
  80              	 .global XMC_PAU_IsPeripheralAvailable
  81              	 .code 16
  82              	 .thumb_func
  84              	XMC_PAU_IsPeripheralAvailable:
  85 0000 8022     	 mov r2,#128
  86 0002 030F     	 lsr r3,r0,#28
  87 0004 1033     	 add r3,r3,#16
  88 0006 D205     	 lsl r2,r2,#23
  89 0008 9B00     	 lsl r3,r3,#2
  90 000a 9B58     	 ldr r3,[r3,r2]
  91 000c 0001     	 lsl r0,r0,#4
  92 000e 0009     	 lsr r0,r0,#4
  93 0010 1840     	 and r0,r3
  94 0012 431E     	 sub r3,r0,#1
  95 0014 9841     	 sbc r0,r0,r3
  96              	 
  97 0016 C0B2     	 uxtb r0,r0
  98 0018 7047     	 bx lr
 100 001a C046     	 .ident "GCC: (GNU Tools for ARM Embedded Processors) 4.9.3 20141119 (release) [ARM/embedded-4_9-branch revision 218278]"
DEFINED SYMBOLS
                            *ABS*:00000000 xmc_pau.c
    {standard input}:13     .text.XMC_PAU_EnablePeripheralAccess:00000000 $t
    {standard input}:18     .text.XMC_PAU_EnablePeripheralAccess:00000000 XMC_PAU_EnablePeripheralAccess
    {standard input}:35     .text.XMC_PAU_DisablePeripheralAccess:00000000 $t
    {standard input}:40     .text.XMC_PAU_DisablePeripheralAccess:00000000 XMC_PAU_DisablePeripheralAccess
    {standard input}:57     .text.XMC_PAU_IsPeripheralAccessEnabled:00000000 $t
    {standard input}:62     .text.XMC_PAU_IsPeripheralAccessEnabled:00000000 XMC_PAU_IsPeripheralAccessEnabled
    {standard input}:79     .text.XMC_PAU_IsPeripheralAvailable:00000000 $t
    {standard input}:84     .text.XMC_PAU_IsPeripheralAvailable:00000000 XMC_PAU_IsPeripheralAvailable

NO UNDEFINED SYMBOLS
