   1              	 .cpu cortex-m0
   2              	 .fpu softvfp
   3              	 .eabi_attribute 23,1
   4              	 .eabi_attribute 24,1
   5              	 .eabi_attribute 25,1
   6              	 .eabi_attribute 26,1
   7              	 .eabi_attribute 30,2
   8              	 .eabi_attribute 34,0
   9              	 .eabi_attribute 18,4
  10              	 .code 16
  11              	 .file "global_adc.c"
  12              	 .section .text.GLOBAL_ADC_GetAppVersion,"ax",%progbits
  13              	 .align 2
  14              	 .global GLOBAL_ADC_GetAppVersion
  15              	 .code 16
  16              	 .thumb_func
  18              	GLOBAL_ADC_GetAppVersion:
  19 0000 0148     	 ldr r0,.L2
  20 0002 82B0     	 sub sp,sp,#8
  21 0004 02B0     	 add sp,sp,#8
  22              	 
  23 0006 7047     	 bx lr
  24              	.L3:
  25              	 .align 2
  26              	.L2:
  27 0008 04001600 	 .word 1441796
  29              	 .section .text.GLOBAL_ADC_Init,"ax",%progbits
  30              	 .align 2
  31              	 .global GLOBAL_ADC_Init
  32              	 .code 16
  33              	 .thumb_func
  35              	GLOBAL_ADC_Init:
  36 0000 F8B5     	 push {r3,r4,r5,r6,r7,lr}
  37 0002 4F46     	 mov r7,r9
  38 0004 4646     	 mov r6,r8
  39 0006 C0B4     	 push {r6,r7}
  40 0008 037E     	 ldrb r3,[r0,#24]
  41 000a 022B     	 cmp r3,#2
  42 000c 04D0     	 beq .L14
  43              	.L5:
  44 000e 181C     	 mov r0,r3
  45              	 
  46 0010 0CBC     	 pop {r2,r3}
  47 0012 9046     	 mov r8,r2
  48 0014 9946     	 mov r9,r3
  49 0016 F8BD     	 pop {r3,r4,r5,r6,r7,pc}
  50              	.L14:
  51 0018 041C     	 mov r4,r0
  52 001a C068     	 ldr r0,[r0,#12]
  53 001c A168     	 ldr r1,[r4,#8]
  54 001e FFF7FEFF 	 bl XMC_VADC_GLOBAL_Init
  55 0022 8023     	 mov r3,#128
  56 0024 9846     	 mov r8,r3
  57 0026 7F3B     	 sub r3,r3,#127
  58 0028 251C     	 mov r5,r4
  59 002a 0026     	 mov r6,#0
  60 002c 9946     	 mov r9,r3
  61 002e 0027     	 mov r7,#0
  62              	.L7:
  63 0030 2B68     	 ldr r3,[r5]
  64 0032 03CB     	 ldmia r3!,{r0,r1}
  65 0034 FFF7FEFF 	 bl XMC_VADC_GROUP_Init
  66 0038 2B68     	 ldr r3,[r5]
  67 003a 0321     	 mov r1,#3
  68 003c 1868     	 ldr r0,[r3]
  69 003e FFF7FEFF 	 bl XMC_VADC_GROUP_SetPowerMode
  70 0042 2B68     	 ldr r3,[r5]
  71 0044 1B7A     	 ldrb r3,[r3,#8]
  72 0046 002B     	 cmp r3,#0
  73 0048 0AD1     	 bne .L6
  74 004a 4346     	 mov r3,r8
  75 004c E168     	 ldr r1,[r4,#12]
  76 004e 4846     	 mov r0,r9
  77 0050 CA58     	 ldr r2,[r1,r3]
  78 0052 331C     	 mov r3,r6
  79 0054 1033     	 add r3,r3,#16
  80 0056 9840     	 lsl r0,r0,r3
  81 0058 031C     	 mov r3,r0
  82 005a 1343     	 orr r3,r2
  83 005c 4246     	 mov r2,r8
  84 005e 8B50     	 str r3,[r1,r2]
  85              	.L6:
  86 0060 F1B2     	 uxtb r1,r6
  87 0062 2069     	 ldr r0,[r4,#16]
  88 0064 FFF7FEFF 	 bl XMC_VADC_GLOBAL_SHS_EnableAcceleratedMode
  89 0068 08CD     	 ldmia r5!,{r3}
  90 006a 5F72     	 strb r7,[r3,#9]
  91 006c 012E     	 cmp r6,#1
  92 006e 15D1     	 bne .L9
  93 0070 8020     	 mov r0,#128
  94 0072 2369     	 ldr r3,[r4,#16]
  95 0074 0C4A     	 ldr r2,.L16
  96 0076 196C     	 ldr r1,[r3,#64]
  97 0078 0002     	 lsl r0,r0,#8
  98 007a 1140     	 and r1,r2
  99 007c 0143     	 orr r1,r0
 100 007e 1964     	 str r1,[r3,#64]
 101 0080 1A6C     	 ldr r2,[r3,#64]
 102 0082 0A49     	 ldr r1,.L16+4
 103 0084 0243     	 orr r2,r0
 104 0086 1A64     	 str r2,[r3,#64]
 105 0088 1A6C     	 ldr r2,[r3,#64]
 106 008a 0A40     	 and r2,r1
 107 008c 0243     	 orr r2,r0
 108 008e 1A64     	 str r2,[r3,#64]
 109 0090 637E     	 ldrb r3,[r4,#25]
 110 0092 002B     	 cmp r3,#0
 111 0094 04D1     	 bne .L15
 112              	.L8:
 113 0096 0023     	 mov r3,#0
 114 0098 2376     	 strb r3,[r4,#24]
 115 009a B8E7     	 b .L5
 116              	.L9:
 117 009c 0126     	 mov r6,#1
 118 009e C7E7     	 b .L7
 119              	.L15:
 120 00a0 E068     	 ldr r0,[r4,#12]
 121 00a2 FFF7FEFF 	 bl XMC_VADC_GLOBAL_StartupCalibration
 122 00a6 F6E7     	 b .L8
 123              	.L17:
 124              	 .align 2
 125              	.L16:
 126 00a8 F07FFFFF 	 .word -32784
 127 00ac FFF3FFFF 	 .word -3073
 129              	 .ident "GCC: (GNU Tools for ARM Embedded Processors) 4.9.3 20141119 (release) [ARM/embedded-4_9-branch revision 218278]"
DEFINED SYMBOLS
                            *ABS*:00000000 global_adc.c
    {standard input}:13     .text.GLOBAL_ADC_GetAppVersion:00000000 $t
    {standard input}:18     .text.GLOBAL_ADC_GetAppVersion:00000000 GLOBAL_ADC_GetAppVersion
    {standard input}:27     .text.GLOBAL_ADC_GetAppVersion:00000008 $d
    {standard input}:30     .text.GLOBAL_ADC_Init:00000000 $t
    {standard input}:35     .text.GLOBAL_ADC_Init:00000000 GLOBAL_ADC_Init
    {standard input}:126    .text.GLOBAL_ADC_Init:000000a8 $d

UNDEFINED SYMBOLS
XMC_VADC_GLOBAL_Init
XMC_VADC_GROUP_Init
XMC_VADC_GROUP_SetPowerMode
XMC_VADC_GLOBAL_SHS_EnableAcceleratedMode
XMC_VADC_GLOBAL_StartupCalibration
