   1              	 .cpu cortex-m0
   2              	 .fpu softvfp
   3              	 .eabi_attribute 23,1
   4              	 .eabi_attribute 24,1
   5              	 .eabi_attribute 25,1
   6              	 .eabi_attribute 26,1
   7              	 .eabi_attribute 30,2
   8              	 .eabi_attribute 34,0
   9              	 .eabi_attribute 18,4
  10              	 .code 16
  11              	 .file "clock_xmc1.c"
  12              	 .section .text.CLOCK_XMC1_GetAppVersion,"ax",%progbits
  13              	 .align 2
  14              	 .global CLOCK_XMC1_GetAppVersion
  15              	 .code 16
  16              	 .thumb_func
  18              	CLOCK_XMC1_GetAppVersion:
  19 0000 0148     	 ldr r0,.L2
  20 0002 82B0     	 sub sp,sp,#8
  21 0004 02B0     	 add sp,sp,#8
  22              	 
  23 0006 7047     	 bx lr
  24              	.L3:
  25              	 .align 2
  26              	.L2:
  27 0008 04001A00 	 .word 1703940
  29              	 .section .text.CLOCK_XMC1_Init,"ax",%progbits
  30              	 .align 2
  31              	 .global CLOCK_XMC1_Init
  32              	 .code 16
  33              	 .thumb_func
  35              	CLOCK_XMC1_Init:
  36 0000 0378     	 ldrb r3,[r0]
  37 0002 002B     	 cmp r3,#0
  38 0004 01D1     	 bne .L5
  39 0006 0133     	 add r3,r3,#1
  40 0008 0370     	 strb r3,[r0]
  41              	.L5:
  42 000a 0020     	 mov r0,#0
  43              	 
  44 000c 7047     	 bx lr
  46 000e C046     	 .section .text.CLOCK_XMC1_SetMCLKFrequency,"ax",%progbits
  47              	 .align 2
  48              	 .global CLOCK_XMC1_SetMCLKFrequency
  49              	 .code 16
  50              	 .thumb_func
  52              	CLOCK_XMC1_SetMCLKFrequency:
  53 0000 08B5     	 push {r3,lr}
  54 0002 FFF7FEFF 	 bl XMC_SCU_CLOCK_SetMCLKFrequency
  55              	 
  56 0006 08BD     	 pop {r3,pc}
  58              	 .ident "GCC: (GNU Tools for ARM Embedded Processors) 4.9.3 20141119 (release) [ARM/embedded-4_9-branch revision 218278]"
DEFINED SYMBOLS
                            *ABS*:00000000 clock_xmc1.c
    {standard input}:13     .text.CLOCK_XMC1_GetAppVersion:00000000 $t
    {standard input}:18     .text.CLOCK_XMC1_GetAppVersion:00000000 CLOCK_XMC1_GetAppVersion
    {standard input}:27     .text.CLOCK_XMC1_GetAppVersion:00000008 $d
    {standard input}:30     .text.CLOCK_XMC1_Init:00000000 $t
    {standard input}:35     .text.CLOCK_XMC1_Init:00000000 CLOCK_XMC1_Init
    {standard input}:47     .text.CLOCK_XMC1_SetMCLKFrequency:00000000 $t
    {standard input}:52     .text.CLOCK_XMC1_SetMCLKFrequency:00000000 CLOCK_XMC1_SetMCLKFrequency

UNDEFINED SYMBOLS
XMC_SCU_CLOCK_SetMCLKFrequency
