   1              	 .cpu cortex-m0
   2              	 .fpu softvfp
   3              	 .eabi_attribute 23,1
   4              	 .eabi_attribute 24,1
   5              	 .eabi_attribute 25,1
   6              	 .eabi_attribute 26,1
   7              	 .eabi_attribute 30,2
   8              	 .eabi_attribute 34,0
   9              	 .eabi_attribute 18,4
  10              	 .code 16
  11              	 .file "Fridge_300W.c"
  12              	 .section .text.Set_Current_Loop_PI_Charge.part.4,"ax",%progbits
  13              	 .align 2
  14              	 .code 16
  15              	 .thumb_func
  17              	Set_Current_Loop_PI_Charge.part.4:
  18 0000 174B     	 ldr r3,.L7
  19 0002 6822     	 mov r2,#104
  20 0004 9C46     	 mov ip,r3
  21 0006 6044     	 add r0,r0,ip
  22 0008 4300     	 lsl r3,r0,#1
  23 000a 1818     	 add r0,r3,r0
  24 000c C000     	 lsl r0,r0,#3
  25 000e 091A     	 sub r1,r1,r0
  26 0010 1448     	 ldr r0,.L7+4
  27 0012 4A43     	 mul r2,r1
  28 0014 0368     	 ldr r3,[r0]
  29 0016 D213     	 asr r2,r2,#15
  30 0018 9C46     	 mov ip,r3
  31 001a 134B     	 ldr r3,.L7+8
  32 001c 10B5     	 push {r4,lr}
  33 001e 5943     	 mul r1,r3
  34 0020 6244     	 add r2,r2,ip
  35 0022 C913     	 asr r1,r1,#15
  36 0024 114C     	 ldr r4,.L7+12
  37 0026 8918     	 add r1,r1,r2
  38 0028 0260     	 str r2,[r0]
  39 002a 114B     	 ldr r3,.L7+16
  40 002c A142     	 cmp r1,r4
  41 002e 10DD     	 ble .L2
  42 0030 211C     	 mov r1,r4
  43 0032 1A68     	 ldr r2,[r3]
  44 0034 0260     	 str r2,[r0]
  45              	.L3:
  46 0036 1A60     	 str r2,[r3]
  47 0038 0E4A     	 ldr r2,.L7+20
  48              	 
  49 003a 9068     	 ldr r0,[r2,#8]
  50 003c 036B     	 ldr r3,[r0,#48]
  51 003e 0133     	 add r3,r3,#1
  52 0040 9BB2     	 uxth r3,r3
  53 0042 5943     	 mul r1,r3
  54 0044 C913     	 asr r1,r1,#15
  55 0046 591A     	 sub r1,r3,r1
  56 0048 5368     	 ldr r3,[r2,#4]
  57 004a 1022     	 mov r2,#16
  58 004c C163     	 str r1,[r0,#60]
  59 004e 1A61     	 str r2,[r3,#16]
  60 0050 10BD     	 pop {r4,pc}
  61              	.L2:
  62 0052 0029     	 cmp r1,#0
  63 0054 EFDA     	 bge .L3
  64 0056 1A68     	 ldr r2,[r3]
  65 0058 0021     	 mov r1,#0
  66 005a 0260     	 str r2,[r0]
  67 005c EBE7     	 b .L3
  68              	.L8:
  69 005e C046     	 .align 2
  70              	.L7:
  71 0060 55FAFFFF 	 .word -1451
  72 0064 00000000 	 .word .LANCHOR0
  73 0068 BE180000 	 .word 6334
  74 006c B87E0000 	 .word 32440
  75 0070 00000000 	 .word .LANCHOR1
  76 0074 00000000 	 .word PWM_CCU8_0
  78              	 .section .text.Check_Protection,"ax",%progbits
  79              	 .align 2
  80              	 .global Check_Protection
  81              	 .code 16
  82              	 .thumb_func
  84              	Check_Protection:
  85              	 
  86 0000 7047     	 bx lr
  88 0002 C046     	 .section .text.Check_Charging_Mode,"ax",%progbits
  89              	 .align 2
  90              	 .global Check_Charging_Mode
  91              	 .code 16
  92              	 .thumb_func
  94              	Check_Charging_Mode:
  95 0000 0278     	 ldrb r2,[r0]
  96 0002 38B5     	 push {r3,r4,r5,lr}
  97 0004 041C     	 mov r4,r0
  98 0006 0D1C     	 mov r5,r1
  99 0008 072A     	 cmp r2,#7
 100 000a 00D1     	 bne .LCB93
 101 000c 86E0     	 b .L27
 102              	.LCB93:
 103 000e 062A     	 cmp r2,#6
 104 0010 21D0     	 beq .L28
 105 0012 022A     	 cmp r2,#2
 106 0014 27D0     	 beq .L29
 107 0016 0B2A     	 cmp r2,#11
 108 0018 3AD0     	 beq .L30
 109 001a D12A     	 cmp r2,#209
 110 001c 4DD0     	 beq .L31
 111 001e D22A     	 cmp r2,#210
 112 0020 00D1     	 bne .LCB103
 113 0022 9AE0     	 b .L32
 114              	.LCB103:
 115 0024 002A     	 cmp r2,#0
 116 0026 00D1     	 bne .LCB105
 117 0028 C2E0     	 b .L33
 118              	.LCB105:
 119 002a 0D2A     	 cmp r2,#13
 120 002c 00D1     	 bne .LCB107
 121 002e DEE0     	 b .L34
 122              	.LCB107:
 123 0030 0E2A     	 cmp r2,#14
 124 0032 00D1     	 bne .LCB109
 125 0034 AEE0     	 b .L35
 126              	.LCB109:
 127 0036 0F2A     	 cmp r2,#15
 128 0038 00D1     	 bne .LCB111
 129 003a F4E0     	 b .L36
 130              	.LCB111:
 131 003c 102A     	 cmp r2,#16
 132 003e 00D1     	 bne .LCB113
 133 0040 AFE0     	 b .L37
 134              	.LCB113:
 135 0042 112A     	 cmp r2,#17
 136 0044 00D1     	 bne .LCB115
 137 0046 F5E0     	 b .L38
 138              	.LCB115:
 139              	.L16:
 140 0048 122A     	 cmp r2,#18
 141 004a 03D1     	 bne .L10
 142 004c 7D4B     	 ldr r3,.L39
 143 004e 9D42     	 cmp r5,r3
 144 0050 00D9     	 bls .LCB121
 145 0052 69E0     	 b .L25
 146              	.LCB121:
 147              	.L10:
 148              	 
 149 0054 38BD     	 pop {r3,r4,r5,pc}
 150              	.L28:
 151 0056 7C4B     	 ldr r3,.L39+4
 152 0058 1A88     	 ldrh r2,[r3]
 153 005a 7C4B     	 ldr r3,.L39+8
 154 005c 9A42     	 cmp r2,r3
 155 005e F9D9     	 bls .L10
 156 0060 0723     	 mov r3,#7
 157 0062 0370     	 strb r3,[r0]
 158 0064 F6E7     	 b .L10
 159              	.L29:
 160 0066 7A4A     	 ldr r2,.L39+12
 161 0068 9142     	 cmp r1,r2
 162 006a F3D9     	 bls .L10
 163 006c A23A     	 sub r2,r2,#162
 164 006e 9342     	 cmp r3,r2
 165 0070 F0D9     	 bls .L10
 166 0072 784B     	 ldr r3,.L39+16
 167 0074 1A68     	 ldr r2,[r3]
 168 0076 197B     	 ldrb r1,[r3,#12]
 169 0078 8023     	 mov r3,#128
 170 007a 5B02     	 lsl r3,r3,#9
 171 007c 8B40     	 lsl r3,r3,r1
 172 007e 5360     	 str r3,[r2,#4]
 173 0080 754B     	 ldr r3,.L39+20
 174 0082 1A68     	 ldr r2,[r3]
 175 0084 197B     	 ldrb r1,[r3,#12]
 176 0086 0123     	 mov r3,#1
 177 0088 8B40     	 lsl r3,r3,r1
 178 008a 5360     	 str r3,[r2,#4]
 179 008c 0623     	 mov r3,#6
 180 008e 24E0     	 b .L26
 181              	.L30:
 182 0090 6F4A     	 ldr r2,.L39+12
 183 0092 9142     	 cmp r1,r2
 184 0094 DED9     	 bls .L10
 185 0096 A23A     	 sub r2,r2,#162
 186 0098 9342     	 cmp r3,r2
 187 009a DBD9     	 bls .L10
 188 009c 6D4B     	 ldr r3,.L39+16
 189 009e 1A68     	 ldr r2,[r3]
 190 00a0 197B     	 ldrb r1,[r3,#12]
 191 00a2 8023     	 mov r3,#128
 192 00a4 5B02     	 lsl r3,r3,#9
 193 00a6 8B40     	 lsl r3,r3,r1
 194 00a8 5360     	 str r3,[r2,#4]
 195 00aa 6B4B     	 ldr r3,.L39+20
 196 00ac 1A68     	 ldr r2,[r3]
 197 00ae 197B     	 ldrb r1,[r3,#12]
 198 00b0 0123     	 mov r3,#1
 199 00b2 8B40     	 lsl r3,r3,r1
 200 00b4 5360     	 str r3,[r2,#4]
 201 00b6 0A23     	 mov r3,#10
 202 00b8 0FE0     	 b .L26
 203              	.L31:
 204 00ba 654B     	 ldr r3,.L39+12
 205 00bc 9942     	 cmp r1,r3
 206 00be C9D9     	 bls .L10
 207 00c0 644B     	 ldr r3,.L39+16
 208 00c2 1968     	 ldr r1,[r3]
 209 00c4 1A7B     	 ldrb r2,[r3,#12]
 210 00c6 0123     	 mov r3,#1
 211 00c8 181C     	 mov r0,r3
 212 00ca 9040     	 lsl r0,r0,r2
 213 00cc 624A     	 ldr r2,.L39+20
 214 00ce 4860     	 str r0,[r1,#4]
 215 00d0 1168     	 ldr r1,[r2]
 216 00d2 127B     	 ldrb r2,[r2,#12]
 217 00d4 9340     	 lsl r3,r3,r2
 218 00d6 4B60     	 str r3,[r1,#4]
 219 00d8 D223     	 mov r3,#210
 220              	.L26:
 221 00da 6048     	 ldr r0,.L39+24
 222 00dc 2370     	 strb r3,[r4]
 223 00de 8268     	 ldr r2,[r0,#8]
 224 00e0 136B     	 ldr r3,[r2,#48]
 225 00e2 0133     	 add r3,r3,#1
 226 00e4 9BB2     	 uxth r3,r3
 227 00e6 D363     	 str r3,[r2,#60]
 228 00e8 1022     	 mov r2,#16
 229 00ea 4368     	 ldr r3,[r0,#4]
 230 00ec 1A61     	 str r2,[r3,#16]
 231 00ee 5C4B     	 ldr r3,.L39+28
 232 00f0 5C4A     	 ldr r2,.L39+32
 233 00f2 5969     	 ldr r1,[r3,#20]
 234 00f4 0A40     	 and r2,r1
 235 00f6 A821     	 mov r1,#168
 236 00f8 5A61     	 str r2,[r3,#20]
 237 00fa 5A69     	 ldr r2,[r3,#20]
 238 00fc 0904     	 lsl r1,r1,#16
 239 00fe 0A43     	 orr r2,r1
 240 0100 A821     	 mov r1,#168
 241 0102 5A61     	 str r2,[r3,#20]
 242 0104 5A69     	 ldr r2,[r3,#20]
 243 0106 0906     	 lsl r1,r1,#24
 244 0108 5201     	 lsl r2,r2,#5
 245 010a 5209     	 lsr r2,r2,#5
 246 010c 5A61     	 str r2,[r3,#20]
 247 010e 5A69     	 ldr r2,[r3,#20]
 248 0110 0A43     	 orr r2,r1
 249 0112 5A61     	 str r2,[r3,#20]
 250 0114 FFF7FEFF 	 bl PWM_CCU8_Start
 251 0118 2278     	 ldrb r2,[r4]
 252 011a 95E7     	 b .L16
 253              	.L27:
 254 011c 524B     	 ldr r3,.L39+36
 255 011e 1A88     	 ldrh r2,[r3]
 256 0120 524B     	 ldr r3,.L39+40
 257 0122 9A42     	 cmp r2,r3
 258 0124 00D9     	 bls .LCB247
 259 0126 95E7     	 b .L10
 260              	.LCB247:
 261              	.L25:
 262 0128 4D4B     	 ldr r3,.L39+28
 263 012a 4E4A     	 ldr r2,.L39+32
 264 012c 5969     	 ldr r1,[r3,#20]
 265 012e 4B48     	 ldr r0,.L39+24
 266 0130 0A40     	 and r2,r1
 267 0132 8021     	 mov r1,#128
 268 0134 5A61     	 str r2,[r3,#20]
 269 0136 5A69     	 ldr r2,[r3,#20]
 270 0138 0904     	 lsl r1,r1,#16
 271 013a 0A43     	 orr r2,r1
 272 013c 8021     	 mov r1,#128
 273 013e 5A61     	 str r2,[r3,#20]
 274 0140 5A69     	 ldr r2,[r3,#20]
 275 0142 0906     	 lsl r1,r1,#24
 276 0144 5201     	 lsl r2,r2,#5
 277 0146 5209     	 lsr r2,r2,#5
 278 0148 5A61     	 str r2,[r3,#20]
 279 014a 5A69     	 ldr r2,[r3,#20]
 280 014c 0A43     	 orr r2,r1
 281 014e 5A61     	 str r2,[r3,#20]
 282 0150 FFF7FEFF 	 bl PWM_CCU8_Stop
 283 0154 0923     	 mov r3,#9
 284 0156 2370     	 strb r3,[r4]
 285 0158 7CE7     	 b .L10
 286              	.L32:
 287 015a 454B     	 ldr r3,.L39+44
 288 015c 9942     	 cmp r1,r3
 289 015e 00D9     	 bls .LCB278
 290 0160 78E7     	 b .L10
 291              	.LCB278:
 292 0162 3F4B     	 ldr r3,.L39+28
 293 0164 3F4A     	 ldr r2,.L39+32
 294 0166 5969     	 ldr r1,[r3,#20]
 295 0168 3C48     	 ldr r0,.L39+24
 296 016a 0A40     	 and r2,r1
 297 016c 8021     	 mov r1,#128
 298 016e 5A61     	 str r2,[r3,#20]
 299 0170 5A69     	 ldr r2,[r3,#20]
 300 0172 0904     	 lsl r1,r1,#16
 301 0174 0A43     	 orr r2,r1
 302 0176 8021     	 mov r1,#128
 303 0178 5A61     	 str r2,[r3,#20]
 304 017a 5A69     	 ldr r2,[r3,#20]
 305 017c 0906     	 lsl r1,r1,#24
 306 017e 5201     	 lsl r2,r2,#5
 307 0180 5209     	 lsr r2,r2,#5
 308 0182 5A61     	 str r2,[r3,#20]
 309 0184 5A69     	 ldr r2,[r3,#20]
 310 0186 0A43     	 orr r2,r1
 311 0188 5A61     	 str r2,[r3,#20]
 312 018a FFF7FEFF 	 bl PWM_CCU8_Stop
 313 018e 0C23     	 mov r3,#12
 314 0190 2370     	 strb r3,[r4]
 315 0192 5FE7     	 b .L10
 316              	.L35:
 317 0194 2B4B     	 ldr r3,.L39
 318 0196 9942     	 cmp r1,r3
 319 0198 00D8     	 bhi .LCB308
 320 019a 5BE7     	 b .L10
 321              	.LCB308:
 322 019c 0F23     	 mov r3,#15
 323 019e 0370     	 strb r3,[r0]
 324 01a0 58E7     	 b .L10
 325              	.L37:
 326 01a2 284B     	 ldr r3,.L39
 327 01a4 9942     	 cmp r1,r3
 328 01a6 00D8     	 bhi .LCB317
 329 01a8 54E7     	 b .L10
 330              	.LCB317:
 331 01aa 1123     	 mov r3,#17
 332 01ac 0370     	 strb r3,[r0]
 333 01ae 51E7     	 b .L10
 334              	.L33:
 335 01b0 284B     	 ldr r3,.L39+16
 336 01b2 2A48     	 ldr r0,.L39+24
 337 01b4 1A68     	 ldr r2,[r3]
 338 01b6 197B     	 ldrb r1,[r3,#12]
 339 01b8 8023     	 mov r3,#128
 340 01ba 5B02     	 lsl r3,r3,#9
 341 01bc 8B40     	 lsl r3,r3,r1
 342 01be 5360     	 str r3,[r2,#4]
 343 01c0 274B     	 ldr r3,.L39+28
 344 01c2 284A     	 ldr r2,.L39+32
 345 01c4 5969     	 ldr r1,[r3,#20]
 346 01c6 0A40     	 and r2,r1
 347 01c8 8021     	 mov r1,#128
 348 01ca 5A61     	 str r2,[r3,#20]
 349 01cc 5A69     	 ldr r2,[r3,#20]
 350 01ce 0904     	 lsl r1,r1,#16
 351 01d0 0A43     	 orr r2,r1
 352 01d2 8021     	 mov r1,#128
 353 01d4 5A61     	 str r2,[r3,#20]
 354 01d6 5A69     	 ldr r2,[r3,#20]
 355 01d8 0906     	 lsl r1,r1,#24
 356 01da 5201     	 lsl r2,r2,#5
 357 01dc 5209     	 lsr r2,r2,#5
 358 01de 5A61     	 str r2,[r3,#20]
 359 01e0 5A69     	 ldr r2,[r3,#20]
 360 01e2 0A43     	 orr r2,r1
 361 01e4 5A61     	 str r2,[r3,#20]
 362 01e6 FFF7FEFF 	 bl PWM_CCU8_Stop
 363 01ea 2278     	 ldrb r2,[r4]
 364 01ec 2CE7     	 b .L16
 365              	.L34:
 366 01ee 214A     	 ldr r2,.L39+48
 367 01f0 8A18     	 add r2,r1,r2
 368 01f2 2821     	 mov r1,#40
 369 01f4 92B2     	 uxth r2,r2
 370 01f6 FF31     	 add r1,r1,#255
 371 01f8 8A42     	 cmp r2,r1
 372 01fa 00D9     	 bls .LCB363
 373 01fc 2AE7     	 b .L10
 374              	.LCB363:
 375 01fe BA22     	 mov r2,#186
 376 0200 5200     	 lsl r2,r2,#1
 377 0202 9342     	 cmp r3,r2
 378 0204 00D8     	 bhi .LCB367
 379 0206 25E7     	 b .L10
 380              	.LCB367:
 381 0208 124B     	 ldr r3,.L39+16
 382 020a 1A68     	 ldr r2,[r3]
 383 020c 197B     	 ldrb r1,[r3,#12]
 384 020e 8023     	 mov r3,#128
 385 0210 5B02     	 lsl r3,r3,#9
 386 0212 8B40     	 lsl r3,r3,r1
 387 0214 5360     	 str r3,[r2,#4]
 388 0216 104B     	 ldr r3,.L39+20
 389 0218 1A68     	 ldr r2,[r3]
 390 021a 197B     	 ldrb r1,[r3,#12]
 391 021c 0123     	 mov r3,#1
 392 021e 8B40     	 lsl r3,r3,r1
 393 0220 5360     	 str r3,[r2,#4]
 394 0222 0E23     	 mov r3,#14
 395 0224 59E7     	 b .L26
 396              	.L36:
 397 0226 074B     	 ldr r3,.L39
 398 0228 9942     	 cmp r1,r3
 399 022a 00D8     	 bhi .LCB388
 400 022c 12E7     	 b .L10
 401              	.LCB388:
 402 022e 1023     	 mov r3,#16
 403 0230 0370     	 strb r3,[r0]
 404 0232 0FE7     	 b .L10
 405              	.L38:
 406 0234 034B     	 ldr r3,.L39
 407 0236 9942     	 cmp r1,r3
 408 0238 00D8     	 bhi .LCB397
 409 023a 0BE7     	 b .L10
 410              	.LCB397:
 411 023c 1223     	 mov r3,#18
 412 023e 0370     	 strb r3,[r0]
 413 0240 72E7     	 b .L25
 414              	.L40:
 415 0242 C046     	 .align 2
 416              	.L39:
 417 0244 49030000 	 .word 841
 418 0248 00000000 	 .word ADC_Vbat_Average_32768_Cycles
 419 024c 3F030000 	 .word 831
 420 0250 16020000 	 .word 534
 421 0254 00000000 	 .word RELAY_IN_12
 422 0258 00000000 	 .word RELAY_OUT_8
 423 025c 00000000 	 .word PWM_CCU8_0
 424 0260 00000440 	 .word 1074003968
 425 0264 FFFF07FF 	 .word -16252929
 426 0268 00000000 	 .word ADC_Ibat_Average_32768_Cycles
 427 026c D7070000 	 .word 2007
 428 0270 15020000 	 .word 533
 429 0274 E9FDFFFF 	 .word -535
 431              	 .section .text.Set_CC_CV_Control_Mode,"ax",%progbits
 432              	 .align 2
 433              	 .global Set_CC_CV_Control_Mode
 434              	 .code 16
 435              	 .thumb_func
 437              	Set_CC_CV_Control_Mode:
 438 0000 38B5     	 push {r3,r4,r5,lr}
 439 0002 0378     	 ldrb r3,[r0]
 440 0004 072B     	 cmp r3,#7
 441 0006 4ED0     	 beq .L42
 442 0008 002B     	 cmp r3,#0
 443 000a 08D1     	 bne .L43
 444 000c 8021     	 mov r1,#128
 445 000e 8A4A     	 ldr r2,.L85
 446 0010 0902     	 lsl r1,r1,#8
 447 0012 1160     	 str r1,[r2]
 448 0014 894A     	 ldr r2,.L85+4
 449 0016 1360     	 str r3,[r2]
 450 0018 894A     	 ldr r2,.L85+8
 451 001a 1360     	 str r3,[r2]
 452              	.L41:
 453              	 
 454 001c 38BD     	 pop {r3,r4,r5,pc}
 455              	.L43:
 456 001e 991F     	 sub r1,r3,#6
 457 0020 0129     	 cmp r1,#1
 458 0022 17D9     	 bls .L49
 459 0024 0A2B     	 cmp r3,#10
 460 0026 15D0     	 beq .L49
 461 0028 D22B     	 cmp r3,#210
 462 002a 00D1     	 bne .LCB456
 463 002c AAE0     	 b .L78
 464              	.LCB456:
 465 002e 0E2B     	 cmp r3,#14
 466 0030 00D1     	 bne .LCB458
 467 0032 87E0     	 b .L79
 468              	.LCB458:
 469 0034 0F2B     	 cmp r3,#15
 470 0036 00D1     	 bne .LCB460
 471 0038 CBE0     	 b .L80
 472              	.LCB460:
 473 003a 101C     	 mov r0,r2
 474 003c 102B     	 cmp r3,#16
 475 003e 00D1     	 bne .LCB463
 476 0040 E3E0     	 b .L81
 477              	.LCB463:
 478 0042 112B     	 cmp r3,#17
 479 0044 00D1     	 bne .LCB465
 480 0046 F3E0     	 b .L82
 481              	.LCB465:
 482 0048 122B     	 cmp r3,#18
 483 004a E7D1     	 bne .L41
 484 004c 7D49     	 ldr r1,.L85+12
 485 004e FFF7FEFF 	 bl Set_Current_Loop_PI_Charge.part.4
 486 0052 E3E7     	 b .L41
 487              	.L49:
 488 0054 7C49     	 ldr r1,.L85+16
 489 0056 784B     	 ldr r3,.L85
 490 0058 8C46     	 mov ip,r1
 491 005a 6821     	 mov r1,#104
 492 005c 6244     	 add r2,r2,ip
 493 005e 5000     	 lsl r0,r2,#1
 494 0060 8218     	 add r2,r0,r2
 495 0062 1B88     	 ldrh r3,[r3]
 496 0064 D200     	 lsl r2,r2,#3
 497 0066 9B1A     	 sub r3,r3,r2
 498 0068 5943     	 mul r1,r3
 499 006a 744A     	 ldr r2,.L85+4
 500 006c C913     	 asr r1,r1,#15
 501 006e 1068     	 ldr r0,[r2]
 502 0070 734C     	 ldr r4,.L85+8
 503 0072 0818     	 add r0,r1,r0
 504 0074 7549     	 ldr r1,.L85+20
 505 0076 1060     	 str r0,[r2]
 506 0078 4B43     	 mul r3,r1
 507 007a 7549     	 ldr r1,.L85+24
 508 007c DB13     	 asr r3,r3,#15
 509 007e 1B18     	 add r3,r3,r0
 510 0080 8B42     	 cmp r3,r1
 511 0082 59DD     	 ble .L51
 512 0084 0B1C     	 mov r3,r1
 513 0086 2068     	 ldr r0,[r4]
 514 0088 1060     	 str r0,[r2]
 515              	.L52:
 516 008a 2060     	 str r0,[r4]
 517              	.L76:
 518 008c 7149     	 ldr r1,.L85+28
 519 008e 8868     	 ldr r0,[r1,#8]
 520 0090 026B     	 ldr r2,[r0,#48]
 521 0092 0132     	 add r2,r2,#1
 522 0094 92B2     	 uxth r2,r2
 523 0096 5343     	 mul r3,r2
 524 0098 DB13     	 asr r3,r3,#15
 525 009a D31A     	 sub r3,r2,r3
 526 009c 1022     	 mov r2,#16
 527 009e C363     	 str r3,[r0,#60]
 528 00a0 4B68     	 ldr r3,[r1,#4]
 529 00a2 1A61     	 str r2,[r3,#16]
 530 00a4 BAE7     	 b .L41
 531              	.L42:
 532 00a6 8B00     	 lsl r3,r1,#2
 533 00a8 5918     	 add r1,r3,r1
 534 00aa 4B01     	 lsl r3,r1,#5
 535 00ac C918     	 add r1,r1,r3
 536 00ae 6A4B     	 ldr r3,.L85+32
 537 00b0 6148     	 ldr r0,.L85
 538 00b2 591A     	 sub r1,r3,r1
 539 00b4 694B     	 ldr r3,.L85+36
 540 00b6 4B43     	 mul r3,r1
 541 00b8 0168     	 ldr r1,[r0]
 542 00ba DB13     	 asr r3,r3,#15
 543 00bc 8C46     	 mov ip,r1
 544 00be 8021     	 mov r1,#128
 545 00c0 6344     	 add r3,r3,ip
 546 00c2 0902     	 lsl r1,r1,#8
 547 00c4 8B42     	 cmp r3,r1
 548 00c6 34DC     	 bgt .L83
 549 00c8 6549     	 ldr r1,.L85+40
 550 00ca 8B42     	 cmp r3,r1
 551 00cc 58DC     	 bgt .L47
 552 00ce 8023     	 mov r3,#128
 553 00d0 9B01     	 lsl r3,r3,#6
 554 00d2 0360     	 str r3,[r0]
 555              	.L46:
 556 00d4 5C49     	 ldr r1,.L85+16
 557 00d6 8C46     	 mov ip,r1
 558 00d8 6244     	 add r2,r2,ip
 559 00da 5000     	 lsl r0,r2,#1
 560 00dc 6821     	 mov r1,#104
 561 00de 8218     	 add r2,r0,r2
 562 00e0 5648     	 ldr r0,.L85+4
 563 00e2 D200     	 lsl r2,r2,#3
 564 00e4 9A1A     	 sub r2,r3,r2
 565 00e6 0368     	 ldr r3,[r0]
 566 00e8 5143     	 mul r1,r2
 567 00ea 9C46     	 mov ip,r3
 568 00ec 574B     	 ldr r3,.L85+20
 569 00ee C913     	 asr r1,r1,#15
 570 00f0 5A43     	 mul r2,r3
 571 00f2 6144     	 add r1,r1,ip
 572 00f4 D213     	 asr r2,r2,#15
 573 00f6 564B     	 ldr r3,.L85+24
 574 00f8 5218     	 add r2,r2,r1
 575 00fa 0160     	 str r1,[r0]
 576 00fc 9A42     	 cmp r2,r3
 577 00fe 11DD     	 ble .L84
 578 0100 1A1C     	 mov r2,r3
 579 0102 4F4C     	 ldr r4,.L85+8
 580 0104 2168     	 ldr r1,[r4]
 581 0106 0160     	 str r1,[r0]
 582              	.L48:
 583 0108 2160     	 str r1,[r4]
 584 010a 5249     	 ldr r1,.L85+28
 585 010c 8868     	 ldr r0,[r1,#8]
 586 010e 036B     	 ldr r3,[r0,#48]
 587 0110 0133     	 add r3,r3,#1
 588 0112 9BB2     	 uxth r3,r3
 589 0114 5A43     	 mul r2,r3
 590 0116 D213     	 asr r2,r2,#15
 591 0118 9A1A     	 sub r2,r3,r2
 592 011a C263     	 str r2,[r0,#60]
 593 011c 1022     	 mov r2,#16
 594 011e 4B68     	 ldr r3,[r1,#4]
 595 0120 1A61     	 str r2,[r3,#16]
 596 0122 7BE7     	 b .L41
 597              	.L84:
 598 0124 464C     	 ldr r4,.L85+8
 599 0126 002A     	 cmp r2,#0
 600 0128 EEDA     	 bge .L48
 601 012a 2168     	 ldr r1,[r4]
 602 012c 0022     	 mov r2,#0
 603 012e 0160     	 str r1,[r0]
 604 0130 EAE7     	 b .L48
 605              	.L83:
 606 0132 0160     	 str r1,[r0]
 607 0134 0B1C     	 mov r3,r1
 608 0136 CDE7     	 b .L46
 609              	.L51:
 610 0138 002B     	 cmp r3,#0
 611 013a A6DA     	 bge .L52
 612 013c 2068     	 ldr r0,[r4]
 613 013e 0023     	 mov r3,#0
 614 0140 1060     	 str r0,[r2]
 615 0142 A2E7     	 b .L52
 616              	.L79:
 617 0144 4049     	 ldr r1,.L85+16
 618 0146 3C4B     	 ldr r3,.L85
 619 0148 8C46     	 mov ip,r1
 620 014a 6244     	 add r2,r2,ip
 621 014c 5100     	 lsl r1,r2,#1
 622 014e 8A18     	 add r2,r1,r2
 623 0150 6821     	 mov r1,#104
 624 0152 1B88     	 ldrh r3,[r3]
 625 0154 3948     	 ldr r0,.L85+4
 626 0156 D200     	 lsl r2,r2,#3
 627 0158 9A1A     	 sub r2,r3,r2
 628 015a 0368     	 ldr r3,[r0]
 629 015c 5143     	 mul r1,r2
 630 015e 9C46     	 mov ip,r3
 631 0160 3A4B     	 ldr r3,.L85+20
 632 0162 C913     	 asr r1,r1,#15
 633 0164 5343     	 mul r3,r2
 634 0166 6144     	 add r1,r1,ip
 635 0168 DB13     	 asr r3,r3,#15
 636 016a 394A     	 ldr r2,.L85+24
 637 016c 5B18     	 add r3,r3,r1
 638 016e 0160     	 str r1,[r0]
 639 0170 334C     	 ldr r4,.L85+8
 640 0172 9342     	 cmp r3,r2
 641 0174 4EDD     	 ble .L57
 642 0176 131C     	 mov r3,r2
 643 0178 2168     	 ldr r1,[r4]
 644 017a 0160     	 str r1,[r0]
 645              	.L58:
 646 017c 2160     	 str r1,[r4]
 647 017e 85E7     	 b .L76
 648              	.L47:
 649 0180 0360     	 str r3,[r0]
 650 0182 A7E7     	 b .L46
 651              	.L78:
 652 0184 374B     	 ldr r3,.L85+44
 653 0186 3849     	 ldr r1,.L85+48
 654 0188 9C46     	 mov ip,r3
 655 018a 6244     	 add r2,r2,ip
 656 018c 5300     	 lsl r3,r2,#1
 657 018e 9A18     	 add r2,r3,r2
 658 0190 D200     	 lsl r2,r2,#3
 659 0192 8B1A     	 sub r3,r1,r2
 660 0194 3549     	 ldr r1,.L85+52
 661 0196 364A     	 ldr r2,.L85+56
 662 0198 0868     	 ldr r0,[r1]
 663 019a 5A43     	 mul r2,r3
 664 019c 8446     	 mov ip,r0
 665 019e 5800     	 lsl r0,r3,#1
 666 01a0 C318     	 add r3,r0,r3
 667 01a2 2B48     	 ldr r0,.L85+24
 668 01a4 D213     	 asr r2,r2,#15
 669 01a6 6244     	 add r2,r2,ip
 670 01a8 8446     	 mov ip,r0
 671 01aa 9B03     	 lsl r3,r3,#14
 672 01ac DB13     	 asr r3,r3,#15
 673 01ae 9B18     	 add r3,r3,r2
 674 01b0 6344     	 add r3,r3,ip
 675 01b2 0A60     	 str r2,[r1]
 676 01b4 2F48     	 ldr r0,.L85+60
 677 01b6 6345     	 cmp r3,ip
 678 01b8 04DD     	 ble .L54
 679 01ba 6346     	 mov r3,ip
 680 01bc 0268     	 ldr r2,[r0]
 681 01be 0A60     	 str r2,[r1]
 682              	.L55:
 683 01c0 0260     	 str r2,[r0]
 684 01c2 63E7     	 b .L76
 685              	.L54:
 686 01c4 002B     	 cmp r3,#0
 687 01c6 FBDA     	 bge .L55
 688 01c8 0268     	 ldr r2,[r0]
 689 01ca 0023     	 mov r3,#0
 690 01cc 0A60     	 str r2,[r1]
 691 01ce 0260     	 str r2,[r0]
 692 01d0 5CE7     	 b .L76
 693              	.L80:
 694 01d2 1D4B     	 ldr r3,.L85+16
 695 01d4 6821     	 mov r1,#104
 696 01d6 9C46     	 mov ip,r3
 697 01d8 6244     	 add r2,r2,ip
 698 01da 5300     	 lsl r3,r2,#1
 699 01dc 9A18     	 add r2,r3,r2
 700 01de 264B     	 ldr r3,.L85+64
 701 01e0 D200     	 lsl r2,r2,#3
 702 01e2 981A     	 sub r0,r3,r2
 703 01e4 4143     	 mul r1,r0
 704 01e6 154D     	 ldr r5,.L85+4
 705 01e8 C913     	 asr r1,r1,#15
 706 01ea 2B68     	 ldr r3,[r5]
 707 01ec 144C     	 ldr r4,.L85+8
 708 01ee CA18     	 add r2,r1,r3
 709 01f0 164B     	 ldr r3,.L85+20
 710 01f2 1749     	 ldr r1,.L85+24
 711 01f4 4343     	 mul r3,r0
 712 01f6 DB13     	 asr r3,r3,#15
 713 01f8 9B18     	 add r3,r3,r2
 714 01fa 2A60     	 str r2,[r5]
 715 01fc 8B42     	 cmp r3,r1
 716 01fe 10DD     	 ble .L60
 717 0200 0B1C     	 mov r3,r1
 718 0202 2268     	 ldr r2,[r4]
 719 0204 2A60     	 str r2,[r5]
 720              	.L61:
 721 0206 2260     	 str r2,[r4]
 722 0208 40E7     	 b .L76
 723              	.L81:
 724 020a 8021     	 mov r1,#128
 725 020c C901     	 lsl r1,r1,#7
 726 020e FFF7FEFF 	 bl Set_Current_Loop_PI_Charge.part.4
 727 0212 03E7     	 b .L41
 728              	.L57:
 729 0214 002B     	 cmp r3,#0
 730 0216 B1DA     	 bge .L58
 731 0218 2168     	 ldr r1,[r4]
 732 021a 0023     	 mov r3,#0
 733 021c 0160     	 str r1,[r0]
 734 021e 2160     	 str r1,[r4]
 735 0220 34E7     	 b .L76
 736              	.L60:
 737 0222 002B     	 cmp r3,#0
 738 0224 EFDA     	 bge .L61
 739 0226 2268     	 ldr r2,[r4]
 740 0228 0023     	 mov r3,#0
 741 022a 2A60     	 str r2,[r5]
 742 022c 2260     	 str r2,[r4]
 743 022e 2DE7     	 b .L76
 744              	.L82:
 745 0230 1249     	 ldr r1,.L85+68
 746 0232 FFF7FEFF 	 bl Set_Current_Loop_PI_Charge.part.4
 747 0236 F1E6     	 b .L41
 748              	.L86:
 749              	 .align 2
 750              	.L85:
 751 0238 00000000 	 .word .LANCHOR2
 752 023c 00000000 	 .word .LANCHOR0
 753 0240 00000000 	 .word .LANCHOR1
 754 0244 99190000 	 .word 6553
 755 0248 55FAFFFF 	 .word -1451
 756 024c BE180000 	 .word 6334
 757 0250 B87E0000 	 .word 32440
 758 0254 00000000 	 .word PWM_CCU8_0
 759 0258 99190200 	 .word 137625
 760 025c 0A170000 	 .word 5898
 761 0260 FF1F0000 	 .word 8191
 762 0264 6FF9FFFF 	 .word -1681
 763 0268 0080FFFF 	 .word -32768
 764 026c 00000000 	 .word .LANCHOR3
 765 0270 8F020000 	 .word 655
 766 0274 00000000 	 .word .LANCHOR4
 767 0278 66660000 	 .word 26214
 768 027c 66260000 	 .word 9830
 770              	 .section .text.Set_Voltage_Loop,"ax",%progbits
 771              	 .align 2
 772              	 .global Set_Voltage_Loop
 773              	 .code 16
 774              	 .thumb_func
 776              	Set_Voltage_Loop:
 777 0000 0378     	 ldrb r3,[r0]
 778 0002 002B     	 cmp r3,#0
 779 0004 16D0     	 beq .L90
 780 0006 8B00     	 lsl r3,r1,#2
 781 0008 5918     	 add r1,r3,r1
 782 000a 4B01     	 lsl r3,r1,#5
 783 000c C918     	 add r1,r1,r3
 784 000e 0B4B     	 ldr r3,.L91
 785 0010 591A     	 sub r1,r3,r1
 786 0012 0B4B     	 ldr r3,.L91+4
 787 0014 5943     	 mul r1,r3
 788 0016 1368     	 ldr r3,[r2]
 789 0018 C913     	 asr r1,r1,#15
 790 001a 9C46     	 mov ip,r3
 791 001c 8023     	 mov r3,#128
 792 001e 6144     	 add r1,r1,ip
 793 0020 1160     	 str r1,[r2]
 794 0022 1B02     	 lsl r3,r3,#8
 795 0024 9942     	 cmp r1,r3
 796 0026 05DC     	 bgt .L90
 797 0028 064B     	 ldr r3,.L91+8
 798 002a 9942     	 cmp r1,r3
 799 002c 05DC     	 bgt .L87
 800 002e 0133     	 add r3,r3,#1
 801 0030 1360     	 str r3,[r2]
 802 0032 02E0     	 b .L87
 803              	.L90:
 804 0034 8023     	 mov r3,#128
 805 0036 1B02     	 lsl r3,r3,#8
 806 0038 1360     	 str r3,[r2]
 807              	.L87:
 808              	 
 809 003a 7047     	 bx lr
 810              	.L92:
 811              	 .align 2
 812              	.L91:
 813 003c 99190200 	 .word 137625
 814 0040 0A170000 	 .word 5898
 815 0044 FF1F0000 	 .word 8191
 817              	 .section .text.Set_Current_Loop_PI_Discharge,"ax",%progbits
 818              	 .align 2
 819              	 .global Set_Current_Loop_PI_Discharge
 820              	 .code 16
 821              	 .thumb_func
 823              	Set_Current_Loop_PI_Discharge:
 824 0000 0378     	 ldrb r3,[r0]
 825 0002 10B5     	 push {r4,lr}
 826 0004 002B     	 cmp r3,#0
 827 0006 2ED0     	 beq .L100
 828 0008 1B4B     	 ldr r3,.L103
 829 000a 1C48     	 ldr r0,.L103+4
 830 000c 9C46     	 mov ip,r3
 831 000e 6144     	 add r1,r1,ip
 832 0010 4B00     	 lsl r3,r1,#1
 833 0012 5918     	 add r1,r3,r1
 834 0014 1A4B     	 ldr r3,.L103+8
 835 0016 C900     	 lsl r1,r1,#3
 836 0018 591A     	 sub r1,r3,r1
 837 001a 0368     	 ldr r3,[r0]
 838 001c 194A     	 ldr r2,.L103+12
 839 001e 9C46     	 mov ip,r3
 840 0020 4A43     	 mul r2,r1
 841 0022 4B00     	 lsl r3,r1,#1
 842 0024 5B18     	 add r3,r3,r1
 843 0026 1849     	 ldr r1,.L103+16
 844 0028 D213     	 asr r2,r2,#15
 845 002a 6244     	 add r2,r2,ip
 846 002c 8C46     	 mov ip,r1
 847 002e 9B03     	 lsl r3,r3,#14
 848 0030 DB13     	 asr r3,r3,#15
 849 0032 9B18     	 add r3,r3,r2
 850 0034 6344     	 add r3,r3,ip
 851 0036 0260     	 str r2,[r0]
 852 0038 1449     	 ldr r1,.L103+20
 853 003a 6345     	 cmp r3,ip
 854 003c 0FDC     	 bgt .L101
 855 003e 002B     	 cmp r3,#0
 856 0040 16DB     	 blt .L102
 857              	.L97:
 858 0042 0A60     	 str r2,[r1]
 859 0044 1249     	 ldr r1,.L103+24
 860 0046 8868     	 ldr r0,[r1,#8]
 861 0048 026B     	 ldr r2,[r0,#48]
 862 004a 0132     	 add r2,r2,#1
 863 004c 92B2     	 uxth r2,r2
 864 004e 5343     	 mul r3,r2
 865 0050 DB13     	 asr r3,r3,#15
 866 0052 D31A     	 sub r3,r2,r3
 867 0054 1022     	 mov r2,#16
 868 0056 C363     	 str r3,[r0,#60]
 869 0058 4B68     	 ldr r3,[r1,#4]
 870 005a 1A61     	 str r2,[r3,#16]
 871              	.L93:
 872              	 
 873 005c 10BD     	 pop {r4,pc}
 874              	.L101:
 875 005e 0A68     	 ldr r2,[r1]
 876 0060 6346     	 mov r3,ip
 877 0062 0260     	 str r2,[r0]
 878 0064 EDE7     	 b .L97
 879              	.L100:
 880 0066 054A     	 ldr r2,.L103+4
 881 0068 1360     	 str r3,[r2]
 882 006a 084A     	 ldr r2,.L103+20
 883 006c 1360     	 str r3,[r2]
 884 006e F5E7     	 b .L93
 885              	.L102:
 886 0070 0A68     	 ldr r2,[r1]
 887 0072 0023     	 mov r3,#0
 888 0074 0260     	 str r2,[r0]
 889 0076 E4E7     	 b .L97
 890              	.L104:
 891              	 .align 2
 892              	.L103:
 893 0078 6FF9FFFF 	 .word -1681
 894 007c 00000000 	 .word .LANCHOR3
 895 0080 0080FFFF 	 .word -32768
 896 0084 8F020000 	 .word 655
 897 0088 B87E0000 	 .word 32440
 898 008c 00000000 	 .word .LANCHOR4
 899 0090 00000000 	 .word PWM_CCU8_0
 901              	 .section .text.Set_Current_Loop_PI_Charge,"ax",%progbits
 902              	 .align 2
 903              	 .global Set_Current_Loop_PI_Charge
 904              	 .code 16
 905              	 .thumb_func
 907              	Set_Current_Loop_PI_Charge:
 908 0000 0378     	 ldrb r3,[r0]
 909 0002 10B5     	 push {r4,lr}
 910 0004 002B     	 cmp r3,#0
 911 0006 2AD0     	 beq .L112
 912 0008 194B     	 ldr r3,.L115
 913 000a 6820     	 mov r0,#104
 914 000c 9C46     	 mov ip,r3
 915 000e 6144     	 add r1,r1,ip
 916 0010 4B00     	 lsl r3,r1,#1
 917 0012 5918     	 add r1,r3,r1
 918 0014 C900     	 lsl r1,r1,#3
 919 0016 521A     	 sub r2,r2,r1
 920 0018 1649     	 ldr r1,.L115+4
 921 001a 5043     	 mul r0,r2
 922 001c 0B68     	 ldr r3,[r1]
 923 001e C013     	 asr r0,r0,#15
 924 0020 9C46     	 mov ip,r3
 925 0022 154B     	 ldr r3,.L115+8
 926 0024 6044     	 add r0,r0,ip
 927 0026 5A43     	 mul r2,r3
 928 0028 144C     	 ldr r4,.L115+12
 929 002a D213     	 asr r2,r2,#15
 930 002c 1218     	 add r2,r2,r0
 931 002e 0860     	 str r0,[r1]
 932 0030 134B     	 ldr r3,.L115+16
 933 0032 A242     	 cmp r2,r4
 934 0034 0FDC     	 bgt .L113
 935 0036 002A     	 cmp r2,#0
 936 0038 16DB     	 blt .L114
 937              	.L109:
 938 003a 1249     	 ldr r1,.L115+20
 939 003c 1860     	 str r0,[r3]
 940 003e 8868     	 ldr r0,[r1,#8]
 941 0040 036B     	 ldr r3,[r0,#48]
 942 0042 0133     	 add r3,r3,#1
 943 0044 9BB2     	 uxth r3,r3
 944 0046 5A43     	 mul r2,r3
 945 0048 D213     	 asr r2,r2,#15
 946 004a 9A1A     	 sub r2,r3,r2
 947 004c C263     	 str r2,[r0,#60]
 948 004e 1022     	 mov r2,#16
 949 0050 4B68     	 ldr r3,[r1,#4]
 950 0052 1A61     	 str r2,[r3,#16]
 951              	.L105:
 952              	 
 953 0054 10BD     	 pop {r4,pc}
 954              	.L113:
 955 0056 1868     	 ldr r0,[r3]
 956 0058 221C     	 mov r2,r4
 957 005a 0860     	 str r0,[r1]
 958 005c EDE7     	 b .L109
 959              	.L112:
 960 005e 054A     	 ldr r2,.L115+4
 961 0060 1360     	 str r3,[r2]
 962 0062 074A     	 ldr r2,.L115+16
 963 0064 1360     	 str r3,[r2]
 964 0066 F5E7     	 b .L105
 965              	.L114:
 966 0068 1868     	 ldr r0,[r3]
 967 006a 0022     	 mov r2,#0
 968 006c 0860     	 str r0,[r1]
 969 006e E4E7     	 b .L109
 970              	.L116:
 971              	 .align 2
 972              	.L115:
 973 0070 55FAFFFF 	 .word -1451
 974 0074 00000000 	 .word .LANCHOR0
 975 0078 BE180000 	 .word 6334
 976 007c B87E0000 	 .word 32440
 977 0080 00000000 	 .word .LANCHOR1
 978 0084 00000000 	 .word PWM_CCU8_0
 980              	 .section .text.System_Initialize,"ax",%progbits
 981              	 .align 2
 982              	 .global System_Initialize
 983              	 .code 16
 984              	 .thumb_func
 986              	System_Initialize:
 987 0000 70B5     	 push {r4,r5,r6,lr}
 988 0002 1A4D     	 ldr r5,.L118
 989 0004 1A4C     	 ldr r4,.L118+4
 990 0006 AA68     	 ldr r2,[r5,#8]
 991 0008 1A4E     	 ldr r6,.L118+8
 992 000a 136B     	 ldr r3,[r2,#48]
 993 000c 281C     	 mov r0,r5
 994 000e 0133     	 add r3,r3,#1
 995 0010 9BB2     	 uxth r3,r3
 996 0012 D363     	 str r3,[r2,#60]
 997 0014 1022     	 mov r2,#16
 998 0016 6B68     	 ldr r3,[r5,#4]
 999              	 
 1000 0018 1A61     	 str r2,[r3,#16]
 1001 001a A822     	 mov r2,#168
 1002 001c 6369     	 ldr r3,[r4,#20]
 1003 001e 1204     	 lsl r2,r2,#16
 1004 0020 3340     	 and r3,r6
 1005 0022 6361     	 str r3,[r4,#20]
 1006 0024 6369     	 ldr r3,[r4,#20]
 1007 0026 1343     	 orr r3,r2
 1008 0028 A822     	 mov r2,#168
 1009 002a 6361     	 str r3,[r4,#20]
 1010 002c 6369     	 ldr r3,[r4,#20]
 1011 002e 1206     	 lsl r2,r2,#24
 1012 0030 5B01     	 lsl r3,r3,#5
 1013 0032 5B09     	 lsr r3,r3,#5
 1014 0034 6361     	 str r3,[r4,#20]
 1015 0036 6369     	 ldr r3,[r4,#20]
 1016 0038 1343     	 orr r3,r2
 1017 003a 6361     	 str r3,[r4,#20]
 1018 003c FFF7FEFF 	 bl PWM_CCU8_Start
 1019 0040 8022     	 mov r2,#128
 1020 0042 6369     	 ldr r3,[r4,#20]
 1021 0044 1204     	 lsl r2,r2,#16
 1022 0046 1E40     	 and r6,r3
 1023 0048 6661     	 str r6,[r4,#20]
 1024 004a 6369     	 ldr r3,[r4,#20]
 1025 004c 281C     	 mov r0,r5
 1026 004e 1343     	 orr r3,r2
 1027 0050 8022     	 mov r2,#128
 1028 0052 6361     	 str r3,[r4,#20]
 1029 0054 6369     	 ldr r3,[r4,#20]
 1030 0056 1206     	 lsl r2,r2,#24
 1031 0058 5B01     	 lsl r3,r3,#5
 1032 005a 5B09     	 lsr r3,r3,#5
 1033 005c 6361     	 str r3,[r4,#20]
 1034 005e 6369     	 ldr r3,[r4,#20]
 1035 0060 1343     	 orr r3,r2
 1036 0062 6361     	 str r3,[r4,#20]
 1037 0064 FFF7FEFF 	 bl PWM_CCU8_Stop
 1038 0068 70BD     	 pop {r4,r5,r6,pc}
 1039              	.L119:
 1040 006a C046     	 .align 2
 1041              	.L118:
 1042 006c 00000000 	 .word PWM_CCU8_0
 1043 0070 00000440 	 .word 1074003968
 1044 0074 FFFF07FF 	 .word -16252929
 1046              	 .section .text.Update_Duty,"ax",%progbits
 1047              	 .align 2
 1048              	 .global Update_Duty
 1049              	 .code 16
 1050              	 .thumb_func
 1052              	Update_Duty:
 1053 0000 0649     	 ldr r1,.L121
 1054 0002 10B5     	 push {r4,lr}
 1055 0004 8C68     	 ldr r4,[r1,#8]
 1056              	 
 1057 0006 236B     	 ldr r3,[r4,#48]
 1058 0008 5A1C     	 add r2,r3,#1
 1059 000a 93B2     	 uxth r3,r2
 1060 000c 1022     	 mov r2,#16
 1061 000e 5843     	 mul r0,r3
 1062 0010 C013     	 asr r0,r0,#15
 1063 0012 1B1A     	 sub r3,r3,r0
 1064 0014 E363     	 str r3,[r4,#60]
 1065 0016 4B68     	 ldr r3,[r1,#4]
 1066 0018 1A61     	 str r2,[r3,#16]
 1067 001a 10BD     	 pop {r4,pc}
 1068              	.L122:
 1069              	 .align 2
 1070              	.L121:
 1071 001c 00000000 	 .word PWM_CCU8_0
 1073              	 .section .text.Stop_PWM,"ax",%progbits
 1074              	 .align 2
 1075              	 .global Stop_PWM
 1076              	 .code 16
 1077              	 .thumb_func
 1079              	Stop_PWM:
 1080 0000 08B5     	 push {r3,lr}
 1081 0002 0B4B     	 ldr r3,.L124
 1082 0004 0B4A     	 ldr r2,.L124+4
 1083 0006 5969     	 ldr r1,[r3,#20]
 1084 0008 0B48     	 ldr r0,.L124+8
 1085 000a 0A40     	 and r2,r1
 1086 000c 8021     	 mov r1,#128
 1087 000e 5A61     	 str r2,[r3,#20]
 1088 0010 5A69     	 ldr r2,[r3,#20]
 1089 0012 0904     	 lsl r1,r1,#16
 1090 0014 0A43     	 orr r2,r1
 1091 0016 8021     	 mov r1,#128
 1092 0018 5A61     	 str r2,[r3,#20]
 1093 001a 5A69     	 ldr r2,[r3,#20]
 1094 001c 0906     	 lsl r1,r1,#24
 1095 001e 5201     	 lsl r2,r2,#5
 1096 0020 5209     	 lsr r2,r2,#5
 1097 0022 5A61     	 str r2,[r3,#20]
 1098 0024 5A69     	 ldr r2,[r3,#20]
 1099              	 
 1100 0026 0A43     	 orr r2,r1
 1101 0028 5A61     	 str r2,[r3,#20]
 1102 002a FFF7FEFF 	 bl PWM_CCU8_Stop
 1103 002e 08BD     	 pop {r3,pc}
 1104              	.L125:
 1105              	 .align 2
 1106              	.L124:
 1107 0030 00000440 	 .word 1074003968
 1108 0034 FFFF07FF 	 .word -16252929
 1109 0038 00000000 	 .word PWM_CCU8_0
 1111              	 .section .text.Restart_PWM,"ax",%progbits
 1112              	 .align 2
 1113              	 .global Restart_PWM
 1114              	 .code 16
 1115              	 .thumb_func
 1117              	Restart_PWM:
 1118 0000 0F48     	 ldr r0,.L127
 1119 0002 08B5     	 push {r3,lr}
 1120 0004 8268     	 ldr r2,[r0,#8]
 1121              	 
 1122 0006 136B     	 ldr r3,[r2,#48]
 1123 0008 0133     	 add r3,r3,#1
 1124 000a 9BB2     	 uxth r3,r3
 1125 000c D363     	 str r3,[r2,#60]
 1126 000e 1022     	 mov r2,#16
 1127 0010 4368     	 ldr r3,[r0,#4]
 1128 0012 1A61     	 str r2,[r3,#16]
 1129 0014 0B4B     	 ldr r3,.L127+4
 1130 0016 0C4A     	 ldr r2,.L127+8
 1131 0018 5969     	 ldr r1,[r3,#20]
 1132 001a 0A40     	 and r2,r1
 1133 001c A821     	 mov r1,#168
 1134 001e 5A61     	 str r2,[r3,#20]
 1135 0020 5A69     	 ldr r2,[r3,#20]
 1136 0022 0904     	 lsl r1,r1,#16
 1137 0024 0A43     	 orr r2,r1
 1138 0026 A821     	 mov r1,#168
 1139 0028 5A61     	 str r2,[r3,#20]
 1140 002a 5A69     	 ldr r2,[r3,#20]
 1141 002c 0906     	 lsl r1,r1,#24
 1142 002e 5201     	 lsl r2,r2,#5
 1143 0030 5209     	 lsr r2,r2,#5
 1144 0032 5A61     	 str r2,[r3,#20]
 1145 0034 5A69     	 ldr r2,[r3,#20]
 1146 0036 0A43     	 orr r2,r1
 1147 0038 5A61     	 str r2,[r3,#20]
 1148 003a FFF7FEFF 	 bl PWM_CCU8_Start
 1149 003e 08BD     	 pop {r3,pc}
 1150              	.L128:
 1151              	 .align 2
 1152              	.L127:
 1153 0040 00000000 	 .word PWM_CCU8_0
 1154 0044 00000440 	 .word 1074003968
 1155 0048 FFFF07FF 	 .word -16252929
 1157              	 .section .bss.f_I_cur_old.9515,"aw",%nobits
 1158              	 .align 2
 1159              	 .set .LANCHOR4,.+0
 1162              	f_I_cur_old.9515:
 1163 0000 00000000 	 .space 4
 1164              	 .section .bss.f_I_cur.9514,"aw",%nobits
 1165              	 .align 2
 1166              	 .set .LANCHOR3,.+0
 1169              	f_I_cur.9514:
 1170 0000 00000000 	 .space 4
 1171              	 .section .bss.f_I_cur_old.9535,"aw",%nobits
 1172              	 .align 2
 1173              	 .set .LANCHOR1,.+0
 1176              	f_I_cur_old.9535:
 1177 0000 00000000 	 .space 4
 1178              	 .section .bss.f_I_cur.9534,"aw",%nobits
 1179              	 .align 2
 1180              	 .set .LANCHOR0,.+0
 1183              	f_I_cur.9534:
 1184 0000 00000000 	 .space 4
 1185              	 .section .data.f_I_vol.9481,"aw",%progbits
 1186              	 .align 2
 1187              	 .set .LANCHOR2,.+0
 1190              	f_I_vol.9481:
 1191 0000 00800000 	 .word 32768
 1192              	 .ident "GCC: (GNU Tools for ARM Embedded Processors) 4.9.3 20141119 (release) [ARM/embedded-4_9-branch revision 218278]"
DEFINED SYMBOLS
                            *ABS*:00000000 Fridge_300W.c
    {standard input}:13     .text.Set_Current_Loop_PI_Charge.part.4:00000000 $t
    {standard input}:17     .text.Set_Current_Loop_PI_Charge.part.4:00000000 Set_Current_Loop_PI_Charge.part.4
    {standard input}:71     .text.Set_Current_Loop_PI_Charge.part.4:00000060 $d
    {standard input}:79     .text.Check_Protection:00000000 $t
    {standard input}:84     .text.Check_Protection:00000000 Check_Protection
    {standard input}:89     .text.Check_Charging_Mode:00000000 $t
    {standard input}:94     .text.Check_Charging_Mode:00000000 Check_Charging_Mode
    {standard input}:417    .text.Check_Charging_Mode:00000244 $d
    {standard input}:432    .text.Set_CC_CV_Control_Mode:00000000 $t
    {standard input}:437    .text.Set_CC_CV_Control_Mode:00000000 Set_CC_CV_Control_Mode
    {standard input}:751    .text.Set_CC_CV_Control_Mode:00000238 $d
    {standard input}:771    .text.Set_Voltage_Loop:00000000 $t
    {standard input}:776    .text.Set_Voltage_Loop:00000000 Set_Voltage_Loop
    {standard input}:813    .text.Set_Voltage_Loop:0000003c $d
    {standard input}:818    .text.Set_Current_Loop_PI_Discharge:00000000 $t
    {standard input}:823    .text.Set_Current_Loop_PI_Discharge:00000000 Set_Current_Loop_PI_Discharge
    {standard input}:893    .text.Set_Current_Loop_PI_Discharge:00000078 $d
    {standard input}:902    .text.Set_Current_Loop_PI_Charge:00000000 $t
    {standard input}:907    .text.Set_Current_Loop_PI_Charge:00000000 Set_Current_Loop_PI_Charge
    {standard input}:973    .text.Set_Current_Loop_PI_Charge:00000070 $d
    {standard input}:981    .text.System_Initialize:00000000 $t
    {standard input}:986    .text.System_Initialize:00000000 System_Initialize
    {standard input}:1042   .text.System_Initialize:0000006c $d
    {standard input}:1047   .text.Update_Duty:00000000 $t
    {standard input}:1052   .text.Update_Duty:00000000 Update_Duty
    {standard input}:1071   .text.Update_Duty:0000001c $d
    {standard input}:1074   .text.Stop_PWM:00000000 $t
    {standard input}:1079   .text.Stop_PWM:00000000 Stop_PWM
    {standard input}:1107   .text.Stop_PWM:00000030 $d
    {standard input}:1112   .text.Restart_PWM:00000000 $t
    {standard input}:1117   .text.Restart_PWM:00000000 Restart_PWM
    {standard input}:1153   .text.Restart_PWM:00000040 $d
    {standard input}:1158   .bss.f_I_cur_old.9515:00000000 $d
    {standard input}:1162   .bss.f_I_cur_old.9515:00000000 f_I_cur_old.9515
    {standard input}:1165   .bss.f_I_cur.9514:00000000 $d
    {standard input}:1169   .bss.f_I_cur.9514:00000000 f_I_cur.9514
    {standard input}:1172   .bss.f_I_cur_old.9535:00000000 $d
    {standard input}:1176   .bss.f_I_cur_old.9535:00000000 f_I_cur_old.9535
    {standard input}:1179   .bss.f_I_cur.9534:00000000 $d
    {standard input}:1183   .bss.f_I_cur.9534:00000000 f_I_cur.9534
    {standard input}:1186   .data.f_I_vol.9481:00000000 $d
    {standard input}:1190   .data.f_I_vol.9481:00000000 f_I_vol.9481

UNDEFINED SYMBOLS
PWM_CCU8_0
PWM_CCU8_Start
PWM_CCU8_Stop
ADC_Vbat_Average_32768_Cycles
RELAY_IN_12
RELAY_OUT_8
ADC_Ibat_Average_32768_Cycles
