   1              	 .cpu cortex-m0
   2              	 .fpu softvfp
   3              	 .eabi_attribute 23,1
   4              	 .eabi_attribute 24,1
   5              	 .eabi_attribute 25,1
   6              	 .eabi_attribute 26,1
   7              	 .eabi_attribute 30,2
   8              	 .eabi_attribute 34,0
   9              	 .eabi_attribute 18,4
  10              	 .code 16
  11              	 .file "cpu_ctrl_xmc1.c"
  12              	 .section .text.CPU_CTRL_XMC1_GetAppVersion,"ax",%progbits
  13              	 .align 2
  14              	 .global CPU_CTRL_XMC1_GetAppVersion
  15              	 .code 16
  16              	 .thumb_func
  18              	CPU_CTRL_XMC1_GetAppVersion:
  19 0000 0148     	 ldr r0,.L2
  20 0002 82B0     	 sub sp,sp,#8
  21 0004 02B0     	 add sp,sp,#8
  22              	 
  23 0006 7047     	 bx lr
  24              	.L3:
  25              	 .align 2
  26              	.L2:
  27 0008 04000C00 	 .word 786436
  29              	 .section .text.CPU_CTRL_XMC1_Init,"ax",%progbits
  30              	 .align 2
  31              	 .global CPU_CTRL_XMC1_Init
  32              	 .code 16
  33              	 .thumb_func
  35              	CPU_CTRL_XMC1_Init:
  36 0000 0020     	 mov r0,#0
  37              	 
  38 0002 7047     	 bx lr
  40              	 .ident "GCC: (GNU Tools for ARM Embedded Processors) 4.9.3 20141119 (release) [ARM/embedded-4_9-branch revision 218278]"
DEFINED SYMBOLS
                            *ABS*:00000000 cpu_ctrl_xmc1.c
    {standard input}:13     .text.CPU_CTRL_XMC1_GetAppVersion:00000000 $t
    {standard input}:18     .text.CPU_CTRL_XMC1_GetAppVersion:00000000 CPU_CTRL_XMC1_GetAppVersion
    {standard input}:27     .text.CPU_CTRL_XMC1_GetAppVersion:00000008 $d
    {standard input}:30     .text.CPU_CTRL_XMC1_Init:00000000 $t
    {standard input}:35     .text.CPU_CTRL_XMC1_Init:00000000 CPU_CTRL_XMC1_Init

NO UNDEFINED SYMBOLS
