   1              	 .cpu cortex-m0
   2              	 .fpu softvfp
   3              	 .eabi_attribute 23,1
   4              	 .eabi_attribute 24,1
   5              	 .eabi_attribute 25,1
   6              	 .eabi_attribute 26,1
   7              	 .eabi_attribute 30,2
   8              	 .eabi_attribute 34,0
   9              	 .eabi_attribute 18,4
  10              	 .code 16
  11              	 .file "systimer.c"
  12              	 .section .text.SysTick_Handler,"ax",%progbits
  13              	 .align 2
  14              	 .global SysTick_Handler
  15              	 .code 16
  16              	 .thumb_func
  18              	SysTick_Handler:
  19 0000 F0B5     	 push {r4,r5,r6,r7,lr}
  20 0002 4446     	 mov r4,r8
  21 0004 5F46     	 mov r7,fp
  22 0006 5646     	 mov r6,r10
  23 0008 4D46     	 mov r5,r9
  24 000a A049     	 ldr r1,.L55
  25 000c F0B4     	 push {r4,r5,r6,r7}
  26 000e A04C     	 ldr r4,.L55+4
  27 0010 0A68     	 ldr r2,[r1]
  28 0012 2368     	 ldr r3,[r4]
  29 0014 0132     	 add r2,r2,#1
  30 0016 83B0     	 sub sp,sp,#12
  31 0018 0A60     	 str r2,[r1]
  32 001a 002B     	 cmp r3,#0
  33 001c 04D0     	 beq .L1
  34 001e 9A69     	 ldr r2,[r3,#24]
  35 0020 012A     	 cmp r2,#1
  36 0022 08D9     	 bls .L4
  37 0024 013A     	 sub r2,r2,#1
  38 0026 9A61     	 str r2,[r3,#24]
  39              	.L1:
  40 0028 03B0     	 add sp,sp,#12
  41              	 
  42 002a 3CBC     	 pop {r2,r3,r4,r5}
  43 002c 9046     	 mov r8,r2
  44 002e 9946     	 mov r9,r3
  45 0030 A246     	 mov r10,r4
  46 0032 AB46     	 mov fp,r5
  47 0034 F0BD     	 pop {r4,r5,r6,r7,pc}
  48              	.L4:
  49 0036 0022     	 mov r2,#0
  50 0038 9A61     	 str r2,[r3,#24]
  51 003a 964A     	 ldr r2,.L55+8
  52 003c 9346     	 mov fp,r2
  53 003e 06E0     	 b .L31
  54              	.L45:
  55 0040 5A7B     	 ldrb r2,[r3,#13]
  56 0042 012A     	 cmp r2,#1
  57 0044 00D1     	 bne .LCB53
  58 0046 A1E0     	 b .L43
  59              	.LCB53:
  60              	.L34:
  61 0048 9A69     	 ldr r2,[r3,#24]
  62 004a 002A     	 cmp r2,#0
  63 004c ECD1     	 bne .L1
  64              	.L31:
  65 004e 2022     	 mov r2,#32
  66 0050 9A5C     	 ldrb r2,[r3,r2]
  67 0052 002A     	 cmp r2,#0
  68 0054 72D1     	 bne .L44
  69 0056 197B     	 ldrb r1,[r3,#12]
  70 0058 0029     	 cmp r1,#0
  71 005a F1D0     	 beq .L45
  72 005c 0129     	 cmp r1,#1
  73 005e E3D1     	 bne .L1
  74 0060 597B     	 ldrb r1,[r3,#13]
  75 0062 0129     	 cmp r1,#1
  76 0064 F0D1     	 bne .L34
  77 0066 5869     	 ldr r0,[r3,#20]
  78 0068 8A4D     	 ldr r5,.L55+8
  79 006a C100     	 lsl r1,r0,#3
  80 006c 0F18     	 add r7,r1,r0
  81 006e BF00     	 lsl r7,r7,#2
  82 0070 EE19     	 add r6,r5,r7
  83 0072 7568     	 ldr r5,[r6,#4]
  84 0074 0191     	 str r1,[sp,#4]
  85 0076 A846     	 mov r8,r5
  86 0078 002D     	 cmp r5,#0
  87 007a 00D1     	 bne .LCB82
  88 007c DFE0     	 b .L46
  89              	.LCB82:
  90 007e 8549     	 ldr r1,.L55+8
  91 0080 C959     	 ldr r1,[r1,r7]
  92 0082 0029     	 cmp r1,#0
  93 0084 00D1     	 bne .LCB86
  94 0086 FBE0     	 b .L47
  95              	.LCB86:
  96 0088 2960     	 str r1,[r5]
  97 008a 8249     	 ldr r1,.L55+8
  98 008c C959     	 ldr r1,[r1,r7]
  99 008e 4D60     	 str r5,[r1,#4]
 100 0090 8049     	 ldr r1,.L55+8
 101 0092 B569     	 ldr r5,[r6,#24]
 102 0094 C959     	 ldr r1,[r1,r7]
 103 0096 AC46     	 mov ip,r5
 104 0098 8846     	 mov r8,r1
 105 009a 4546     	 mov r5,r8
 106 009c 8969     	 ldr r1,[r1,#24]
 107 009e 6144     	 add r1,r1,ip
 108 00a0 A961     	 str r1,[r5,#24]
 109 00a2 7C49     	 ldr r1,.L55+8
 110 00a4 7260     	 str r2,[r6,#4]
 111 00a6 0D1C     	 mov r5,r1
 112 00a8 CA51     	 str r2,[r1,r7]
 113 00aa 2768     	 ldr r7,[r4]
 114              	.L23:
 115 00ac AC46     	 mov ip,r5
 116 00ae DA69     	 ldr r2,[r3,#28]
 117 00b0 9A61     	 str r2,[r3,#24]
 118 00b2 C200     	 lsl r2,r0,#3
 119 00b4 0192     	 str r2,[sp,#4]
 120 00b6 1218     	 add r2,r2,r0
 121 00b8 9200     	 lsl r2,r2,#2
 122 00ba 6244     	 add r2,r2,ip
 123 00bc 9669     	 ldr r6,[r2,#24]
 124 00be 002F     	 cmp r7,#0
 125 00c0 00D1     	 bne .LCB120
 126 00c2 D3E0     	 b .L20
 127              	.LCB120:
 128              	.L21:
 129 00c4 2268     	 ldr r2,[r4]
 130 00c6 9046     	 mov r8,r2
 131 00c8 BA69     	 ldr r2,[r7,#24]
 132 00ca B61A     	 sub r6,r6,r2
 133 00cc 002E     	 cmp r6,#0
 134 00ce 08DD     	 ble .L48
 135              	.L25:
 136 00d0 3A68     	 ldr r2,[r7]
 137 00d2 002A     	 cmp r2,#0
 138 00d4 00D1     	 bne .LCB132
 139 00d6 88E0     	 b .L49
 140              	.LCB132:
 141 00d8 171C     	 mov r7,r2
 142 00da BA69     	 ldr r2,[r7,#24]
 143 00dc B61A     	 sub r6,r6,r2
 144 00de 002E     	 cmp r6,#0
 145 00e0 F6DC     	 bgt .L25
 146              	.L48:
 147 00e2 7A68     	 ldr r2,[r7,#4]
 148 00e4 9146     	 mov r9,r2
 149 00e6 002A     	 cmp r2,#0
 150 00e8 00D1     	 bne .LCB142
 151 00ea 8DE0     	 b .L26
 152              	.LCB142:
 153 00ec 019A     	 ldr r2,[sp,#4]
 154 00ee 4D46     	 mov r5,r9
 155 00f0 1218     	 add r2,r2,r0
 156 00f2 9200     	 lsl r2,r2,#2
 157 00f4 9446     	 mov ip,r2
 158 00f6 674A     	 ldr r2,.L55+8
 159 00f8 6649     	 ldr r1,.L55+8
 160 00fa 6244     	 add r2,r2,ip
 161 00fc 2A60     	 str r2,[r5]
 162 00fe 9246     	 mov r10,r2
 163 0100 5560     	 str r5,[r2,#4]
 164 0102 6546     	 mov r5,ip
 165 0104 634A     	 ldr r2,.L55+8
 166 0106 5751     	 str r7,[r2,r5]
 167 0108 5246     	 mov r2,r10
 168 010a 624D     	 ldr r5,.L55+8
 169 010c 7A60     	 str r2,[r7,#4]
 170              	.L27:
 171 010e AC46     	 mov ip,r5
 172 0110 019A     	 ldr r2,[sp,#4]
 173 0112 1218     	 add r2,r2,r0
 174 0114 9200     	 lsl r2,r2,#2
 175 0116 8858     	 ldr r0,[r1,r2]
 176 0118 6244     	 add r2,r2,ip
 177 011a 8169     	 ldr r1,[r0,#24]
 178 011c 7118     	 add r1,r6,r1
 179 011e 9161     	 str r1,[r2,#24]
 180 0120 8269     	 ldr r2,[r0,#24]
 181 0122 511A     	 sub r1,r2,r1
 182 0124 8161     	 str r1,[r0,#24]
 183              	.L41:
 184 0126 4246     	 mov r2,r8
 185 0128 2260     	 str r2,[r4]
 186              	.L24:
 187 012a 1869     	 ldr r0,[r3,#16]
 188 012c 9B68     	 ldr r3,[r3,#8]
 189 012e 9847     	 blx r3
 190 0130 2768     	 ldr r7,[r4]
 191              	.L10:
 192 0132 002F     	 cmp r7,#0
 193 0134 00D1     	 bne .LCB189
 194 0136 77E7     	 b .L1
 195              	.LCB189:
 196 0138 3B1C     	 mov r3,r7
 197 013a 85E7     	 b .L34
 198              	.L44:
 199 013c 5869     	 ldr r0,[r3,#20]
 200 013e 5549     	 ldr r1,.L55+8
 201 0140 C200     	 lsl r2,r0,#3
 202 0142 1218     	 add r2,r2,r0
 203 0144 9200     	 lsl r2,r2,#2
 204 0146 8E18     	 add r6,r1,r2
 205 0148 7768     	 ldr r7,[r6,#4]
 206 014a BC46     	 mov ip,r7
 207 014c 002F     	 cmp r7,#0
 208 014e 3ED0     	 beq .L50
 209 0150 5758     	 ldr r7,[r2,r1]
 210 0152 002F     	 cmp r7,#0
 211 0154 53D0     	 beq .L51
 212 0156 6546     	 mov r5,ip
 213 0158 2F60     	 str r7,[r5]
 214 015a 5758     	 ldr r7,[r2,r1]
 215 015c 7D60     	 str r5,[r7,#4]
 216 015e 8D58     	 ldr r5,[r1,r2]
 217 0160 AC46     	 mov ip,r5
 218 0162 AD69     	 ldr r5,[r5,#24]
 219 0164 2F1C     	 mov r7,r5
 220 0166 B569     	 ldr r5,[r6,#24]
 221 0168 A846     	 mov r8,r5
 222 016a 6546     	 mov r5,ip
 223 016c 4744     	 add r7,r7,r8
 224 016e AF61     	 str r7,[r5,#24]
 225 0170 0027     	 mov r7,#0
 226 0172 8F50     	 str r7,[r1,r2]
 227 0174 7760     	 str r7,[r6,#4]
 228 0176 1F1C     	 mov r7,r3
 229              	.L8:
 230 0178 0022     	 mov r2,#0
 231 017a 5A73     	 strb r2,[r3,#13]
 232 017c 0123     	 mov r3,#1
 233 017e 8340     	 lsl r3,r3,r0
 234 0180 1A1C     	 mov r2,r3
 235 0182 4549     	 ldr r1,.L55+12
 236 0184 0B68     	 ldr r3,[r1]
 237 0186 9343     	 bic r3,r2
 238 0188 0B60     	 str r3,[r1]
 239 018a D2E7     	 b .L10
 240              	.L43:
 241 018c 5869     	 ldr r0,[r3,#20]
 242 018e C200     	 lsl r2,r0,#3
 243 0190 1218     	 add r2,r2,r0
 244 0192 5846     	 mov r0,fp
 245 0194 9200     	 lsl r2,r2,#2
 246 0196 8618     	 add r6,r0,r2
 247 0198 7068     	 ldr r0,[r6,#4]
 248 019a 0028     	 cmp r0,#0
 249 019c 41D0     	 beq .L52
 250 019e 5D46     	 mov r5,fp
 251 01a0 5759     	 ldr r7,[r2,r5]
 252 01a2 0760     	 str r7,[r0]
 253 01a4 002F     	 cmp r7,#0
 254 01a6 69D0     	 beq .L53
 255 01a8 5D46     	 mov r5,fp
 256 01aa 5759     	 ldr r7,[r2,r5]
 257 01ac 7860     	 str r0,[r7,#4]
 258 01ae AF58     	 ldr r7,[r5,r2]
 259 01b0 B569     	 ldr r5,[r6,#24]
 260 01b2 B869     	 ldr r0,[r7,#24]
 261 01b4 AC46     	 mov ip,r5
 262 01b6 6044     	 add r0,r0,ip
 263 01b8 B861     	 str r0,[r7,#24]
 264 01ba 5846     	 mov r0,fp
 265 01bc 7160     	 str r1,[r6,#4]
 266 01be 8150     	 str r1,[r0,r2]
 267              	.L15:
 268 01c0 0222     	 mov r2,#2
 269 01c2 1869     	 ldr r0,[r3,#16]
 270 01c4 5A73     	 strb r2,[r3,#13]
 271 01c6 9B68     	 ldr r3,[r3,#8]
 272 01c8 9847     	 blx r3
 273 01ca 2768     	 ldr r7,[r4]
 274 01cc B1E7     	 b .L10
 275              	.L50:
 276 01ce 5758     	 ldr r7,[r2,r1]
 277 01d0 2760     	 str r7,[r4]
 278 01d2 002F     	 cmp r7,#0
 279 01d4 D0D0     	 beq .L8
 280 01d6 6546     	 mov r5,ip
 281 01d8 7D60     	 str r5,[r7,#4]
 282 01da BD69     	 ldr r5,[r7,#24]
 283 01dc B669     	 ldr r6,[r6,#24]
 284 01de A846     	 mov r8,r5
 285 01e0 6546     	 mov r5,ip
 286 01e2 4644     	 add r6,r6,r8
 287 01e4 BE61     	 str r6,[r7,#24]
 288 01e6 5550     	 str r5,[r2,r1]
 289 01e8 C6E7     	 b .L8
 290              	.L49:
 291 01ea 2A49     	 ldr r1,.L55+8
 292 01ec 019A     	 ldr r2,[sp,#4]
 293 01ee 8C46     	 mov ip,r1
 294 01f0 1218     	 add r2,r2,r0
 295 01f2 9200     	 lsl r2,r2,#2
 296 01f4 6244     	 add r2,r2,ip
 297 01f6 5760     	 str r7,[r2,#4]
 298 01f8 3A60     	 str r2,[r7]
 299 01fa 9661     	 str r6,[r2,#24]
 300 01fc 93E7     	 b .L41
 301              	.L51:
 302 01fe 6246     	 mov r2,ip
 303 0200 1760     	 str r7,[r2]
 304 0202 7760     	 str r7,[r6,#4]
 305 0204 2768     	 ldr r7,[r4]
 306 0206 B7E7     	 b .L8
 307              	.L26:
 308 0208 4546     	 mov r5,r8
 309 020a 019A     	 ldr r2,[sp,#4]
 310 020c 2149     	 ldr r1,.L55+8
 311 020e 1218     	 add r2,r2,r0
 312 0210 9200     	 lsl r2,r2,#2
 313 0212 8C46     	 mov ip,r1
 314 0214 8D50     	 str r5,[r1,r2]
 315 0216 4546     	 mov r5,r8
 316 0218 6244     	 add r2,r2,ip
 317 021a 6A60     	 str r2,[r5,#4]
 318 021c 9046     	 mov r8,r2
 319 021e 0D1C     	 mov r5,r1
 320 0220 75E7     	 b .L27
 321              	.L52:
 322 0222 5946     	 mov r1,fp
 323 0224 5158     	 ldr r1,[r2,r1]
 324 0226 2160     	 str r1,[r4]
 325 0228 0029     	 cmp r1,#0
 326 022a C9D0     	 beq .L15
 327 022c 8D69     	 ldr r5,[r1,#24]
 328 022e B769     	 ldr r7,[r6,#24]
 329 0230 AC46     	 mov ip,r5
 330 0232 6744     	 add r7,r7,ip
 331 0234 4860     	 str r0,[r1,#4]
 332 0236 8F61     	 str r7,[r1,#24]
 333 0238 5946     	 mov r1,fp
 334 023a 5050     	 str r0,[r2,r1]
 335 023c C0E7     	 b .L15
 336              	.L46:
 337 023e 154A     	 ldr r2,.L55+8
 338 0240 D259     	 ldr r2,[r2,r7]
 339 0242 002A     	 cmp r2,#0
 340 0244 10D0     	 beq .L54
 341 0246 5560     	 str r5,[r2,#4]
 342 0248 9569     	 ldr r5,[r2,#24]
 343 024a 1249     	 ldr r1,.L55+8
 344 024c A946     	 mov r9,r5
 345 024e B569     	 ldr r5,[r6,#24]
 346 0250 2260     	 str r2,[r4]
 347 0252 AC46     	 mov ip,r5
 348 0254 E144     	 add r9,r9,ip
 349 0256 4D46     	 mov r5,r9
 350 0258 9561     	 str r5,[r2,#24]
 351 025a 4546     	 mov r5,r8
 352 025c CD51     	 str r5,[r1,r7]
 353 025e DD69     	 ldr r5,[r3,#28]
 354 0260 171C     	 mov r7,r2
 355 0262 9D61     	 str r5,[r3,#24]
 356 0264 B669     	 ldr r6,[r6,#24]
 357 0266 2DE7     	 b .L21
 358              	.L54:
 359 0268 DA69     	 ldr r2,[r3,#28]
 360 026a 9A61     	 str r2,[r3,#24]
 361              	.L20:
 362 026c 0949     	 ldr r1,.L55+8
 363 026e 019A     	 ldr r2,[sp,#4]
 364 0270 8C46     	 mov ip,r1
 365 0272 1218     	 add r2,r2,r0
 366 0274 9200     	 lsl r2,r2,#2
 367 0276 6244     	 add r2,r2,ip
 368 0278 2260     	 str r2,[r4]
 369 027a 56E7     	 b .L24
 370              	.L53:
 371 027c 7760     	 str r7,[r6,#4]
 372 027e 9FE7     	 b .L15
 373              	.L47:
 374 0280 2960     	 str r1,[r5]
 375 0282 2768     	 ldr r7,[r4]
 376 0284 7160     	 str r1,[r6,#4]
 377 0286 034D     	 ldr r5,.L55+8
 378 0288 10E7     	 b .L23
 379              	.L56:
 380 028a C046     	 .align 2
 381              	.L55:
 382 028c 00000000 	 .word .LANCHOR1
 383 0290 00000000 	 .word .LANCHOR0
 384 0294 00000000 	 .word g_timer_tbl
 385 0298 00000000 	 .word .LANCHOR2
 387              	 .section .text.SYSTIMER_GetAppVersion,"ax",%progbits
 388              	 .align 2
 389              	 .global SYSTIMER_GetAppVersion
 390              	 .code 16
 391              	 .thumb_func
 393              	SYSTIMER_GetAppVersion:
 394 0000 0148     	 ldr r0,.L58
 395 0002 82B0     	 sub sp,sp,#8
 396 0004 02B0     	 add sp,sp,#8
 397              	 
 398 0006 7047     	 bx lr
 399              	.L59:
 400              	 .align 2
 401              	.L58:
 402 0008 04011200 	 .word 1179908
 404              	 .section .text.SYSTIMER_Init,"ax",%progbits
 405              	 .align 2
 406              	 .global SYSTIMER_Init
 407              	 .code 16
 408              	 .thumb_func
 410              	SYSTIMER_Init:
 411 0000 0378     	 ldrb r3,[r0]
 412 0002 70B5     	 push {r4,r5,r6,lr}
 413 0004 002B     	 cmp r3,#0
 414 0006 18D1     	 bne .L61
 415 0008 0D4A     	 ldr r2,.L62
 416 000a 0E4D     	 ldr r5,.L62+4
 417 000c 1360     	 str r3,[r2]
 418 000e C026     	 mov r6,#192
 419 0010 0D4A     	 ldr r2,.L62+8
 420 0012 0E4C     	 ldr r4,.L62+12
 421 0014 6A60     	 str r2,[r5,#4]
 422 0016 0722     	 mov r2,#7
 423 0018 216A     	 ldr r1,[r4,#32]
 424 001a 3606     	 lsl r6,r6,#24
 425 001c 0902     	 lsl r1,r1,#8
 426 001e 090A     	 lsr r1,r1,#8
 427 0020 3143     	 orr r1,r6
 428 0022 2162     	 str r1,[r4,#32]
 429 0024 AB60     	 str r3,[r5,#8]
 430 0026 2A60     	 str r2,[r5]
 431 0028 226A     	 ldr r2,[r4,#32]
 432 002a 1202     	 lsl r2,r2,#8
 433 002c 120A     	 lsr r2,r2,#8
 434 002e 3243     	 orr r2,r6
 435 0030 2262     	 str r2,[r4,#32]
 436 0032 074A     	 ldr r2,.L62+16
 437 0034 1360     	 str r3,[r2]
 438 0036 0133     	 add r3,r3,#1
 439 0038 0370     	 strb r3,[r0]
 440              	.L61:
 441 003a 0020     	 mov r0,#0
 442              	 
 443 003c 70BD     	 pop {r4,r5,r6,pc}
 444              	.L63:
 445 003e C046     	 .align 2
 446              	.L62:
 447 0040 00000000 	 .word .LANCHOR0
 448 0044 10E000E0 	 .word -536813552
 449 0048 FF7C0000 	 .word 31999
 450 004c 00ED00E0 	 .word -536810240
 451 0050 00000000 	 .word .LANCHOR2
 453              	 .global __aeabi_uidiv
 454              	 .section .text.SYSTIMER_CreateTimer,"ax",%progbits
 455              	 .align 2
 456              	 .global SYSTIMER_CreateTimer
 457              	 .code 16
 458              	 .thumb_func
 460              	SYSTIMER_CreateTimer:
 461 0000 F8B5     	 push {r3,r4,r5,r6,r7,lr}
 462 0002 4F46     	 mov r7,r9
 463 0004 4646     	 mov r6,r8
 464 0006 C0B4     	 push {r6,r7}
 465 0008 1E1C     	 mov r6,r3
 466 000a 284B     	 ldr r3,.L77
 467 000c 171C     	 mov r7,r2
 468 000e 0022     	 mov r2,#0
 469 0010 9842     	 cmp r0,r3
 470 0012 11D9     	 bls .L65
 471 0014 264D     	 ldr r5,.L77+4
 472 0016 2B68     	 ldr r3,[r5]
 473 0018 DC07     	 lsl r4,r3,#31
 474 001a 35D5     	 bpl .L68
 475 001c 9C07     	 lsl r4,r3,#30
 476 001e 36D5     	 bpl .L69
 477 0020 5C07     	 lsl r4,r3,#29
 478 0022 37D5     	 bpl .L70
 479 0024 1C07     	 lsl r4,r3,#28
 480 0026 38D5     	 bpl .L71
 481 0028 DC06     	 lsl r4,r3,#27
 482 002a 0AD5     	 bpl .L72
 483 002c 9C06     	 lsl r4,r3,#26
 484 002e 37D5     	 bpl .L73
 485 0030 5C06     	 lsl r4,r3,#25
 486 0032 38D5     	 bpl .L74
 487 0034 1C06     	 lsl r4,r3,#24
 488 0036 24D5     	 bpl .L76
 489              	.L65:
 490 0038 101C     	 mov r0,r2
 491              	 
 492 003a 0CBC     	 pop {r2,r3}
 493 003c 9046     	 mov r8,r2
 494 003e 9946     	 mov r9,r3
 495 0040 F8BD     	 pop {r3,r4,r5,r6,r7,pc}
 496              	.L72:
 497 0042 1022     	 mov r2,#16
 498 0044 0424     	 mov r4,#4
 499              	.L66:
 500 0046 1343     	 orr r3,r2
 501 0048 2B60     	 str r3,[r5]
 502 004a 1A4B     	 ldr r3,.L77+8
 503 004c 0222     	 mov r2,#2
 504 004e 9946     	 mov r9,r3
 505 0050 E300     	 lsl r3,r4,#3
 506 0052 1B19     	 add r3,r3,r4
 507 0054 9B00     	 lsl r3,r3,#2
 508 0056 9846     	 mov r8,r3
 509 0058 4D46     	 mov r5,r9
 510 005a 4544     	 add r5,r5,r8
 511 005c 2973     	 strb r1,[r5,#12]
 512 005e FA21     	 mov r1,#250
 513 0060 6A73     	 strb r2,[r5,#13]
 514 0062 8900     	 lsl r1,r1,#2
 515 0064 6C61     	 str r4,[r5,#20]
 516 0066 FFF7FEFF 	 bl __aeabi_uidiv
 517 006a 431C     	 add r3,r0,#1
 518 006c 4A46     	 mov r2,r9
 519 006e AB61     	 str r3,[r5,#24]
 520 0070 4146     	 mov r1,r8
 521 0072 0023     	 mov r3,#0
 522 0074 E861     	 str r0,[r5,#28]
 523 0076 5350     	 str r3,[r2,r1]
 524 0078 AF60     	 str r7,[r5,#8]
 525 007a 2E61     	 str r6,[r5,#16]
 526 007c 6B60     	 str r3,[r5,#4]
 527 007e 621C     	 add r2,r4,#1
 528 0080 DAE7     	 b .L65
 529              	.L76:
 530 0082 8032     	 add r2,r2,#128
 531 0084 0724     	 mov r4,#7
 532 0086 DEE7     	 b .L66
 533              	.L68:
 534 0088 0122     	 mov r2,#1
 535 008a 0024     	 mov r4,#0
 536 008c DBE7     	 b .L66
 537              	.L69:
 538 008e 0222     	 mov r2,#2
 539 0090 0124     	 mov r4,#1
 540 0092 D8E7     	 b .L66
 541              	.L70:
 542 0094 0422     	 mov r2,#4
 543 0096 0224     	 mov r4,#2
 544 0098 D5E7     	 b .L66
 545              	.L71:
 546 009a 0822     	 mov r2,#8
 547 009c 0324     	 mov r4,#3
 548 009e D2E7     	 b .L66
 549              	.L73:
 550 00a0 2022     	 mov r2,#32
 551 00a2 0524     	 mov r4,#5
 552 00a4 CFE7     	 b .L66
 553              	.L74:
 554 00a6 4022     	 mov r2,#64
 555 00a8 0624     	 mov r4,#6
 556 00aa CCE7     	 b .L66
 557              	.L78:
 558              	 .align 2
 559              	.L77:
 560 00ac E7030000 	 .word 999
 561 00b0 00000000 	 .word .LANCHOR2
 562 00b4 00000000 	 .word g_timer_tbl
 564              	 .section .text.SYSTIMER_StartTimer,"ax",%progbits
 565              	 .align 2
 566              	 .global SYSTIMER_StartTimer
 567              	 .code 16
 568              	 .thumb_func
 570              	SYSTIMER_StartTimer:
 571 0000 F0B5     	 push {r4,r5,r6,r7,lr}
 572 0002 4E46     	 mov r6,r9
 573 0004 4546     	 mov r5,r8
 574 0006 5746     	 mov r7,r10
 575 0008 431E     	 sub r3,r0,#1
 576 000a D800     	 lsl r0,r3,#3
 577 000c E0B4     	 push {r5,r6,r7}
 578 000e C218     	 add r2,r0,r3
 579 0010 2A4D     	 ldr r5,.L98
 580 0012 9200     	 lsl r2,r2,#2
 581 0014 AA18     	 add r2,r5,r2
 582 0016 161C     	 mov r6,r2
 583 0018 517B     	 ldrb r1,[r2,#13]
 584 001a 0836     	 add r6,r6,#8
 585 001c 0124     	 mov r4,#1
 586 001e 0229     	 cmp r1,#2
 587 0020 05D0     	 beq .L94
 588              	.L91:
 589 0022 201C     	 mov r0,r4
 590              	 
 591 0024 1CBC     	 pop {r2,r3,r4}
 592 0026 9046     	 mov r8,r2
 593 0028 9946     	 mov r9,r3
 594 002a A246     	 mov r10,r4
 595 002c F0BD     	 pop {r4,r5,r6,r7,pc}
 596              	.L94:
 597 002e 7471     	 strb r4,[r6,#5]
 598 0030 234C     	 ldr r4,.L98+4
 599 0032 D169     	 ldr r1,[r2,#28]
 600 0034 A146     	 mov r9,r4
 601 0036 2468     	 ldr r4,[r4]
 602 0038 0131     	 add r1,r1,#1
 603 003a 9161     	 str r1,[r2,#24]
 604 003c 261E     	 sub r6,r4,#0
 605 003e 39D0     	 beq .L95
 606 0040 A269     	 ldr r2,[r4,#24]
 607 0042 891A     	 sub r1,r1,r2
 608 0044 0029     	 cmp r1,#0
 609 0046 07DD     	 ble .L96
 610              	.L82:
 611 0048 2268     	 ldr r2,[r4]
 612 004a 002A     	 cmp r2,#0
 613 004c 24D0     	 beq .L97
 614 004e 141C     	 mov r4,r2
 615 0050 A269     	 ldr r2,[r4,#24]
 616 0052 891A     	 sub r1,r1,r2
 617 0054 0029     	 cmp r1,#0
 618 0056 F7DC     	 bgt .L82
 619              	.L96:
 620 0058 6268     	 ldr r2,[r4,#4]
 621 005a 9446     	 mov ip,r2
 622 005c 002A     	 cmp r2,#0
 623 005e 22D0     	 beq .L83
 624 0060 C218     	 add r2,r0,r3
 625 0062 9200     	 lsl r2,r2,#2
 626 0064 AF18     	 add r7,r5,r2
 627 0066 B846     	 mov r8,r7
 628 0068 9246     	 mov r10,r2
 629 006a 6746     	 mov r7,ip
 630 006c 4246     	 mov r2,r8
 631 006e 3A60     	 str r2,[r7]
 632 0070 5760     	 str r7,[r2,#4]
 633 0072 5246     	 mov r2,r10
 634 0074 AC50     	 str r4,[r5,r2]
 635 0076 4246     	 mov r2,r8
 636 0078 6260     	 str r2,[r4,#4]
 637              	.L84:
 638 007a C318     	 add r3,r0,r3
 639 007c 9B00     	 lsl r3,r3,#2
 640 007e EA58     	 ldr r2,[r5,r3]
 641 0080 EB18     	 add r3,r5,r3
 642 0082 9069     	 ldr r0,[r2,#24]
 643 0084 8446     	 mov ip,r0
 644 0086 6144     	 add r1,r1,ip
 645 0088 9961     	 str r1,[r3,#24]
 646 008a 9369     	 ldr r3,[r2,#24]
 647 008c 591A     	 sub r1,r3,r1
 648 008e 9161     	 str r1,[r2,#24]
 649              	.L93:
 650 0090 4B46     	 mov r3,r9
 651 0092 0024     	 mov r4,#0
 652 0094 1E60     	 str r6,[r3]
 653 0096 C4E7     	 b .L91
 654              	.L97:
 655 0098 C318     	 add r3,r0,r3
 656 009a 9B00     	 lsl r3,r3,#2
 657 009c EB18     	 add r3,r5,r3
 658 009e 5C60     	 str r4,[r3,#4]
 659 00a0 2360     	 str r3,[r4]
 660 00a2 9961     	 str r1,[r3,#24]
 661 00a4 F4E7     	 b .L93
 662              	.L83:
 663 00a6 C218     	 add r2,r0,r3
 664 00a8 9200     	 lsl r2,r2,#2
 665 00aa AE50     	 str r6,[r5,r2]
 666 00ac AA18     	 add r2,r5,r2
 667 00ae 7260     	 str r2,[r6,#4]
 668 00b0 161C     	 mov r6,r2
 669 00b2 E2E7     	 b .L84
 670              	.L95:
 671 00b4 4B46     	 mov r3,r9
 672 00b6 1A60     	 str r2,[r3]
 673 00b8 B3E7     	 b .L91
 674              	.L99:
 675 00ba C046     	 .align 2
 676              	.L98:
 677 00bc 00000000 	 .word g_timer_tbl
 678 00c0 00000000 	 .word .LANCHOR0
 680              	 .section .text.SYSTIMER_StopTimer,"ax",%progbits
 681              	 .align 2
 682              	 .global SYSTIMER_StopTimer
 683              	 .code 16
 684              	 .thumb_func
 686              	SYSTIMER_StopTimer:
 687 0000 0138     	 sub r0,r0,#1
 688 0002 C300     	 lsl r3,r0,#3
 689 0004 1B18     	 add r3,r3,r0
 690 0006 1B49     	 ldr r1,.L112
 691 0008 9B00     	 lsl r3,r3,#2
 692 000a 70B5     	 push {r4,r5,r6,lr}
 693 000c CC18     	 add r4,r1,r3
 694 000e 251C     	 mov r5,r4
 695 0010 627B     	 ldrb r2,[r4,#13]
 696 0012 0835     	 add r5,r5,#8
 697 0014 0120     	 mov r0,#1
 698 0016 002A     	 cmp r2,#0
 699 0018 02D0     	 beq .L101
 700 001a 0020     	 mov r0,#0
 701 001c 012A     	 cmp r2,#1
 702 001e 00D0     	 beq .L108
 703              	.L101:
 704              	 
 705 0020 70BD     	 pop {r4,r5,r6,pc}
 706              	.L108:
 707 0022 0132     	 add r2,r2,#1
 708 0024 6A71     	 strb r2,[r5,#5]
 709 0026 6268     	 ldr r2,[r4,#4]
 710 0028 002A     	 cmp r2,#0
 711 002a 0FD0     	 beq .L109
 712 002c 5D58     	 ldr r5,[r3,r1]
 713 002e 002D     	 cmp r5,#0
 714 0030 19D0     	 beq .L110
 715 0032 1560     	 str r5,[r2]
 716 0034 5D58     	 ldr r5,[r3,r1]
 717 0036 6A60     	 str r2,[r5,#4]
 718 0038 CD58     	 ldr r5,[r1,r3]
 719 003a AA69     	 ldr r2,[r5,#24]
 720 003c 161C     	 mov r6,r2
 721 003e A269     	 ldr r2,[r4,#24]
 722 0040 9446     	 mov ip,r2
 723 0042 6644     	 add r6,r6,ip
 724 0044 AE61     	 str r6,[r5,#24]
 725 0046 C850     	 str r0,[r1,r3]
 726 0048 6060     	 str r0,[r4,#4]
 727 004a E9E7     	 b .L101
 728              	.L109:
 729 004c 5A58     	 ldr r2,[r3,r1]
 730 004e 002A     	 cmp r2,#0
 731 0050 0CD0     	 beq .L111
 732 0052 094D     	 ldr r5,.L112+4
 733 0054 A469     	 ldr r4,[r4,#24]
 734 0056 2A60     	 str r2,[r5]
 735 0058 9569     	 ldr r5,[r2,#24]
 736 005a 5060     	 str r0,[r2,#4]
 737 005c AC46     	 mov ip,r5
 738 005e 6444     	 add r4,r4,ip
 739 0060 9461     	 str r4,[r2,#24]
 740 0062 5850     	 str r0,[r3,r1]
 741 0064 DCE7     	 b .L101
 742              	.L110:
 743 0066 1060     	 str r0,[r2]
 744 0068 6060     	 str r0,[r4,#4]
 745 006a D9E7     	 b .L101
 746              	.L111:
 747 006c 024B     	 ldr r3,.L112+4
 748 006e 1860     	 str r0,[r3]
 749 0070 D6E7     	 b .L101
 750              	.L113:
 751 0072 C046     	 .align 2
 752              	.L112:
 753 0074 00000000 	 .word g_timer_tbl
 754 0078 00000000 	 .word .LANCHOR0
 756              	 .section .text.SYSTIMER_RestartTimer,"ax",%progbits
 757              	 .align 2
 758              	 .global SYSTIMER_RestartTimer
 759              	 .code 16
 760              	 .thumb_func
 762              	SYSTIMER_RestartTimer:
 763 0000 F0B5     	 push {r4,r5,r6,r7,lr}
 764 0002 441E     	 sub r4,r0,#1
 765 0004 0820     	 mov r0,#8
 766 0006 5746     	 mov r7,r10
 767 0008 4E46     	 mov r6,r9
 768 000a 4546     	 mov r5,r8
 769 000c 8446     	 mov ip,r0
 770 000e E0B4     	 push {r5,r6,r7}
 771 0010 E600     	 lsl r6,r4,#3
 772 0012 514D     	 ldr r5,.L145
 773 0014 3319     	 add r3,r6,r4
 774 0016 9B00     	 lsl r3,r3,#2
 775 0018 EA18     	 add r2,r5,r3
 776 001a 9444     	 add ip,ip,r2
 777 001c 6046     	 mov r0,ip
 778 001e 4779     	 ldrb r7,[r0,#5]
 779 0020 002F     	 cmp r7,#0
 780 0022 0CD0     	 beq .L129
 781 0024 081C     	 mov r0,r1
 782 0026 012F     	 cmp r7,#1
 783 0028 48D0     	 beq .L137
 784              	.L117:
 785 002a FA21     	 mov r1,#250
 786 002c 8900     	 lsl r1,r1,#2
 787 002e FFF7FEFF 	 bl __aeabi_uidiv
 788 0032 3319     	 add r3,r6,r4
 789 0034 9B00     	 lsl r3,r3,#2
 790 0036 EB18     	 add r3,r5,r3
 791 0038 D861     	 str r0,[r3,#28]
 792 003a 022F     	 cmp r7,#2
 793 003c 05D0     	 beq .L138
 794              	.L129:
 795 003e 0120     	 mov r0,#1
 796              	.L135:
 797              	 
 798 0040 1CBC     	 pop {r2,r3,r4}
 799 0042 9046     	 mov r8,r2
 800 0044 9946     	 mov r9,r3
 801 0046 A246     	 mov r10,r4
 802 0048 F0BD     	 pop {r4,r5,r6,r7,pc}
 803              	.L138:
 804 004a 444F     	 ldr r7,.L145+4
 805              	.L120:
 806 004c 0123     	 mov r3,#1
 807 004e 3119     	 add r1,r6,r4
 808 0050 8900     	 lsl r1,r1,#2
 809 0052 3A68     	 ldr r2,[r7]
 810 0054 0130     	 add r0,r0,#1
 811 0056 6918     	 add r1,r5,r1
 812 0058 4B73     	 strb r3,[r1,#13]
 813 005a 8861     	 str r0,[r1,#24]
 814 005c 031C     	 mov r3,r0
 815 005e 9146     	 mov r9,r2
 816 0060 002A     	 cmp r2,#0
 817 0062 47D0     	 beq .L139
 818 0064 9169     	 ldr r1,[r2,#24]
 819 0066 5B1A     	 sub r3,r3,r1
 820 0068 002B     	 cmp r3,#0
 821 006a 07DD     	 ble .L140
 822              	.L123:
 823 006c 1168     	 ldr r1,[r2]
 824 006e 0029     	 cmp r1,#0
 825 0070 43D0     	 beq .L141
 826 0072 0A1C     	 mov r2,r1
 827 0074 9169     	 ldr r1,[r2,#24]
 828 0076 5B1A     	 sub r3,r3,r1
 829 0078 002B     	 cmp r3,#0
 830 007a F7DC     	 bgt .L123
 831              	.L140:
 832 007c 5168     	 ldr r1,[r2,#4]
 833 007e 8C46     	 mov ip,r1
 834 0080 0029     	 cmp r1,#0
 835 0082 41D0     	 beq .L124
 836 0084 3119     	 add r1,r6,r4
 837 0086 8900     	 lsl r1,r1,#2
 838 0088 6818     	 add r0,r5,r1
 839 008a 8046     	 mov r8,r0
 840 008c 8A46     	 mov r10,r1
 841 008e 6046     	 mov r0,ip
 842 0090 4146     	 mov r1,r8
 843 0092 0160     	 str r1,[r0]
 844 0094 4860     	 str r0,[r1,#4]
 845 0096 5146     	 mov r1,r10
 846 0098 6A50     	 str r2,[r5,r1]
 847 009a 4146     	 mov r1,r8
 848 009c 5160     	 str r1,[r2,#4]
 849              	.L125:
 850 009e 3419     	 add r4,r6,r4
 851 00a0 A400     	 lsl r4,r4,#2
 852 00a2 2959     	 ldr r1,[r5,r4]
 853 00a4 2C19     	 add r4,r5,r4
 854 00a6 8E69     	 ldr r6,[r1,#24]
 855 00a8 B446     	 mov ip,r6
 856 00aa 6344     	 add r3,r3,ip
 857 00ac A361     	 str r3,[r4,#24]
 858 00ae 8C69     	 ldr r4,[r1,#24]
 859 00b0 E31A     	 sub r3,r4,r3
 860 00b2 8B61     	 str r3,[r1,#24]
 861              	.L136:
 862 00b4 4B46     	 mov r3,r9
 863 00b6 0020     	 mov r0,#0
 864 00b8 3B60     	 str r3,[r7]
 865 00ba C1E7     	 b .L135
 866              	.L137:
 867 00bc 0221     	 mov r1,#2
 868 00be 6746     	 mov r7,ip
 869 00c0 7971     	 strb r1,[r7,#5]
 870 00c2 5168     	 ldr r1,[r2,#4]
 871 00c4 8846     	 mov r8,r1
 872 00c6 0029     	 cmp r1,#0
 873 00c8 26D0     	 beq .L142
 874 00ca 5959     	 ldr r1,[r3,r5]
 875 00cc 0029     	 cmp r1,#0
 876 00ce 34D0     	 beq .L143
 877 00d0 4746     	 mov r7,r8
 878 00d2 3960     	 str r1,[r7]
 879 00d4 5959     	 ldr r1,[r3,r5]
 880 00d6 4F60     	 str r7,[r1,#4]
 881 00d8 EF58     	 ldr r7,[r5,r3]
 882 00da B969     	 ldr r1,[r7,#24]
 883 00dc 8946     	 mov r9,r1
 884 00de 9169     	 ldr r1,[r2,#24]
 885 00e0 8846     	 mov r8,r1
 886 00e2 C144     	 add r9,r9,r8
 887 00e4 4946     	 mov r1,r9
 888 00e6 B961     	 str r1,[r7,#24]
 889 00e8 0021     	 mov r1,#0
 890 00ea E950     	 str r1,[r5,r3]
 891 00ec 6346     	 mov r3,ip
 892 00ee 5160     	 str r1,[r2,#4]
 893 00f0 5F79     	 ldrb r7,[r3,#5]
 894 00f2 9AE7     	 b .L117
 895              	.L139:
 896 00f4 3960     	 str r1,[r7]
 897 00f6 0020     	 mov r0,#0
 898 00f8 A2E7     	 b .L135
 899              	.L141:
 900 00fa 3419     	 add r4,r6,r4
 901 00fc A400     	 lsl r4,r4,#2
 902 00fe 2D19     	 add r5,r5,r4
 903 0100 6A60     	 str r2,[r5,#4]
 904 0102 1560     	 str r5,[r2]
 905 0104 AB61     	 str r3,[r5,#24]
 906 0106 D5E7     	 b .L136
 907              	.L124:
 908 0108 4846     	 mov r0,r9
 909 010a 3119     	 add r1,r6,r4
 910 010c 8900     	 lsl r1,r1,#2
 911 010e 6850     	 str r0,[r5,r1]
 912 0110 6918     	 add r1,r5,r1
 913 0112 4160     	 str r1,[r0,#4]
 914 0114 8946     	 mov r9,r1
 915 0116 C2E7     	 b .L125
 916              	.L142:
 917 0118 5959     	 ldr r1,[r3,r5]
 918 011a 104F     	 ldr r7,.L145+4
 919 011c 3960     	 str r1,[r7]
 920 011e 0029     	 cmp r1,#0
 921 0120 10D0     	 beq .L144
 922 0122 4746     	 mov r7,r8
 923 0124 4F60     	 str r7,[r1,#4]
 924 0126 8F69     	 ldr r7,[r1,#24]
 925 0128 9269     	 ldr r2,[r2,#24]
 926 012a B946     	 mov r9,r7
 927 012c 4A44     	 add r2,r2,r9
 928 012e 8A61     	 str r2,[r1,#24]
 929 0130 4246     	 mov r2,r8
 930 0132 5A51     	 str r2,[r3,r5]
 931 0134 6346     	 mov r3,ip
 932 0136 5F79     	 ldrb r7,[r3,#5]
 933 0138 77E7     	 b .L117
 934              	.L143:
 935 013a 4346     	 mov r3,r8
 936 013c 1960     	 str r1,[r3]
 937 013e 5160     	 str r1,[r2,#4]
 938 0140 7F79     	 ldrb r7,[r7,#5]
 939 0142 72E7     	 b .L117
 940              	.L144:
 941 0144 FA21     	 mov r1,#250
 942 0146 8900     	 lsl r1,r1,#2
 943 0148 FFF7FEFF 	 bl __aeabi_uidiv
 944 014c 2423     	 mov r3,#36
 945 014e 6343     	 mul r3,r4
 946 0150 EB18     	 add r3,r5,r3
 947 0152 D861     	 str r0,[r3,#28]
 948 0154 7AE7     	 b .L120
 949              	.L146:
 950 0156 C046     	 .align 2
 951              	.L145:
 952 0158 00000000 	 .word g_timer_tbl
 953 015c 00000000 	 .word .LANCHOR0
 955              	 .section .text.SYSTIMER_DeleteTimer,"ax",%progbits
 956              	 .align 2
 957              	 .global SYSTIMER_DeleteTimer
 958              	 .code 16
 959              	 .thumb_func
 961              	SYSTIMER_DeleteTimer:
 962 0000 421E     	 sub r2,r0,#1
 963 0002 D300     	 lsl r3,r2,#3
 964 0004 0C49     	 ldr r1,.L153
 965 0006 9B18     	 add r3,r3,r2
 966 0008 9B00     	 lsl r3,r3,#2
 967 000a CB18     	 add r3,r1,r3
 968 000c 10B5     	 push {r4,lr}
 969 000e 1C1C     	 mov r4,r3
 970 0010 597B     	 ldrb r1,[r3,#13]
 971 0012 0834     	 add r4,r4,#8
 972 0014 0120     	 mov r0,#1
 973 0016 0029     	 cmp r1,#0
 974 0018 04D0     	 beq .L148
 975 001a 0229     	 cmp r1,#2
 976 001c 03D0     	 beq .L152
 977 001e 2033     	 add r3,r3,#32
 978 0020 1870     	 strb r0,[r3]
 979 0022 0020     	 mov r0,#0
 980              	.L148:
 981              	 
 982 0024 10BD     	 pop {r4,pc}
 983              	.L152:
 984 0026 0023     	 mov r3,#0
 985 0028 9040     	 lsl r0,r0,r2
 986 002a 0449     	 ldr r1,.L153+4
 987 002c 6371     	 strb r3,[r4,#5]
 988 002e 0B68     	 ldr r3,[r1]
 989 0030 8343     	 bic r3,r0
 990 0032 0B60     	 str r3,[r1]
 991 0034 0020     	 mov r0,#0
 992 0036 F5E7     	 b .L148
 993              	.L154:
 994              	 .align 2
 995              	.L153:
 996 0038 00000000 	 .word g_timer_tbl
 997 003c 00000000 	 .word .LANCHOR2
 999              	 .section .text.SYSTIMER_GetTime,"ax",%progbits
 1000              	 .align 2
 1001              	 .global SYSTIMER_GetTime
 1002              	 .code 16
 1003              	 .thumb_func
 1005              	SYSTIMER_GetTime:
 1006 0000 024B     	 ldr r3,.L156
 1007              	 
 1008 0002 1868     	 ldr r0,[r3]
 1009 0004 FA23     	 mov r3,#250
 1010 0006 9B00     	 lsl r3,r3,#2
 1011 0008 5843     	 mul r0,r3
 1012 000a 7047     	 bx lr
 1013              	.L157:
 1014              	 .align 2
 1015              	.L156:
 1016 000c 00000000 	 .word .LANCHOR1
 1018              	 .section .text.SYSTIMER_GetTickCount,"ax",%progbits
 1019              	 .align 2
 1020              	 .global SYSTIMER_GetTickCount
 1021              	 .code 16
 1022              	 .thumb_func
 1024              	SYSTIMER_GetTickCount:
 1025 0000 014B     	 ldr r3,.L159
 1026              	 
 1027 0002 1868     	 ldr r0,[r3]
 1028 0004 7047     	 bx lr
 1029              	.L160:
 1030 0006 C046     	 .align 2
 1031              	.L159:
 1032 0008 00000000 	 .word .LANCHOR1
 1034              	 .section .text.SYSTIMER_GetTimerState,"ax",%progbits
 1035              	 .align 2
 1036              	 .global SYSTIMER_GetTimerState
 1037              	 .code 16
 1038              	 .thumb_func
 1040              	SYSTIMER_GetTimerState:
 1041 0000 0138     	 sub r0,r0,#1
 1042 0002 C300     	 lsl r3,r0,#3
 1043 0004 1818     	 add r0,r3,r0
 1044 0006 024B     	 ldr r3,.L162
 1045 0008 8000     	 lsl r0,r0,#2
 1046 000a 1818     	 add r0,r3,r0
 1047 000c 407B     	 ldrb r0,[r0,#13]
 1048              	 
 1049 000e 7047     	 bx lr
 1050              	.L163:
 1051              	 .align 2
 1052              	.L162:
 1053 0010 00000000 	 .word g_timer_tbl
 1055              	 .section .text.SYSTIMER_Start,"ax",%progbits
 1056              	 .align 2
 1057              	 .global SYSTIMER_Start
 1058              	 .code 16
 1059              	 .thumb_func
 1061              	SYSTIMER_Start:
 1062 0000 0123     	 mov r3,#1
 1063 0002 024A     	 ldr r2,.L165
 1064              	 
 1065 0004 1168     	 ldr r1,[r2]
 1066 0006 0B43     	 orr r3,r1
 1067 0008 1360     	 str r3,[r2]
 1068 000a 7047     	 bx lr
 1069              	.L166:
 1070              	 .align 2
 1071              	.L165:
 1072 000c 10E000E0 	 .word -536813552
 1074              	 .section .text.SYSTIMER_Stop,"ax",%progbits
 1075              	 .align 2
 1076              	 .global SYSTIMER_Stop
 1077              	 .code 16
 1078              	 .thumb_func
 1080              	SYSTIMER_Stop:
 1081 0000 0121     	 mov r1,#1
 1082 0002 024A     	 ldr r2,.L168
 1083              	 
 1084 0004 1368     	 ldr r3,[r2]
 1085 0006 8B43     	 bic r3,r1
 1086 0008 1360     	 str r3,[r2]
 1087 000a 7047     	 bx lr
 1088              	.L169:
 1089              	 .align 2
 1090              	.L168:
 1091 000c 10E000E0 	 .word -536813552
 1093              	 .section .text.SYSTIMER_CreateTimerFromISR,"ax",%progbits
 1094              	 .align 2
 1095              	 .global SYSTIMER_CreateTimerFromISR
 1096              	 .code 16
 1097              	 .thumb_func
 1099              	SYSTIMER_CreateTimerFromISR:
 1100 0000 F0B5     	 push {r4,r5,r6,r7,lr}
 1101 0002 5746     	 mov r7,r10
 1102 0004 4E46     	 mov r6,r9
 1103 0006 4546     	 mov r5,r8
 1104 0008 E0B4     	 push {r5,r6,r7}
 1105 000a 171C     	 mov r7,r2
 1106 000c 1E1C     	 mov r6,r3
 1107              	
 1108 000e EFF31085 	 MRS r5,primask
 1109              	
 1110              	
 1111 0012 72B6     	 cpsid i
 1112              	
 1113              	 .code 16
 1114 0014 2B4B     	 ldr r3,.L183
 1115 0016 0022     	 mov r2,#0
 1116 0018 9842     	 cmp r0,r3
 1117 001a 07D8     	 bhi .L182
 1118              	.L171:
 1119              	
 1120 001c 85F31088 	 MSR primask,r5
 1121              	
 1122              	 .code 16
 1123 0020 101C     	 mov r0,r2
 1124              	 
 1125 0022 1CBC     	 pop {r2,r3,r4}
 1126 0024 9046     	 mov r8,r2
 1127 0026 9946     	 mov r9,r3
 1128 0028 A246     	 mov r10,r4
 1129 002a F0BD     	 pop {r4,r5,r6,r7,pc}
 1130              	.L182:
 1131 002c 264B     	 ldr r3,.L183+4
 1132 002e 9C46     	 mov ip,r3
 1133 0030 1B68     	 ldr r3,[r3]
 1134 0032 DC07     	 lsl r4,r3,#31
 1135 0034 30D5     	 bpl .L174
 1136 0036 9C07     	 lsl r4,r3,#30
 1137 0038 31D5     	 bpl .L175
 1138 003a 5C07     	 lsl r4,r3,#29
 1139 003c 32D5     	 bpl .L176
 1140 003e 1C07     	 lsl r4,r3,#28
 1141 0040 33D5     	 bpl .L177
 1142 0042 DC06     	 lsl r4,r3,#27
 1143 0044 34D5     	 bpl .L178
 1144 0046 9C06     	 lsl r4,r3,#26
 1145 0048 35D5     	 bpl .L179
 1146 004a 5C06     	 lsl r4,r3,#25
 1147 004c 36D5     	 bpl .L180
 1148 004e 1C06     	 lsl r4,r3,#24
 1149 0050 E4D4     	 bmi .L171
 1150 0052 0724     	 mov r4,#7
 1151 0054 8032     	 add r2,r2,#128
 1152              	.L172:
 1153 0056 1343     	 orr r3,r2
 1154 0058 6246     	 mov r2,ip
 1155 005a 1360     	 str r3,[r2]
 1156 005c 1B4B     	 ldr r3,.L183+8
 1157 005e 0222     	 mov r2,#2
 1158 0060 9A46     	 mov r10,r3
 1159 0062 E300     	 lsl r3,r4,#3
 1160 0064 1B19     	 add r3,r3,r4
 1161 0066 9B00     	 lsl r3,r3,#2
 1162 0068 9946     	 mov r9,r3
 1163 006a D046     	 mov r8,r10
 1164 006c C844     	 add r8,r8,r9
 1165 006e 4346     	 mov r3,r8
 1166 0070 1973     	 strb r1,[r3,#12]
 1167 0072 FA21     	 mov r1,#250
 1168 0074 5A73     	 strb r2,[r3,#13]
 1169 0076 5C61     	 str r4,[r3,#20]
 1170 0078 8900     	 lsl r1,r1,#2
 1171 007a FFF7FEFF 	 bl __aeabi_uidiv
 1172 007e 4246     	 mov r2,r8
 1173 0080 431C     	 add r3,r0,#1
 1174 0082 9361     	 str r3,[r2,#24]
 1175 0084 0023     	 mov r3,#0
 1176 0086 D061     	 str r0,[r2,#28]
 1177 0088 9760     	 str r7,[r2,#8]
 1178 008a 1661     	 str r6,[r2,#16]
 1179 008c 5360     	 str r3,[r2,#4]
 1180 008e 4946     	 mov r1,r9
 1181 0090 5246     	 mov r2,r10
 1182 0092 5350     	 str r3,[r2,r1]
 1183 0094 621C     	 add r2,r4,#1
 1184 0096 C1E7     	 b .L171
 1185              	.L174:
 1186 0098 0024     	 mov r4,#0
 1187 009a 0122     	 mov r2,#1
 1188 009c DBE7     	 b .L172
 1189              	.L175:
 1190 009e 0124     	 mov r4,#1
 1191 00a0 0222     	 mov r2,#2
 1192 00a2 D8E7     	 b .L172
 1193              	.L176:
 1194 00a4 0224     	 mov r4,#2
 1195 00a6 0422     	 mov r2,#4
 1196 00a8 D5E7     	 b .L172
 1197              	.L177:
 1198 00aa 0324     	 mov r4,#3
 1199 00ac 0822     	 mov r2,#8
 1200 00ae D2E7     	 b .L172
 1201              	.L178:
 1202 00b0 0424     	 mov r4,#4
 1203 00b2 1022     	 mov r2,#16
 1204 00b4 CFE7     	 b .L172
 1205              	.L179:
 1206 00b6 0524     	 mov r4,#5
 1207 00b8 2022     	 mov r2,#32
 1208 00ba CCE7     	 b .L172
 1209              	.L180:
 1210 00bc 0624     	 mov r4,#6
 1211 00be 4022     	 mov r2,#64
 1212 00c0 C9E7     	 b .L172
 1213              	.L184:
 1214 00c2 C046     	 .align 2
 1215              	.L183:
 1216 00c4 E7030000 	 .word 999
 1217 00c8 00000000 	 .word .LANCHOR2
 1218 00cc 00000000 	 .word g_timer_tbl
 1220              	 .section .text.SYSTIMER_StartTimerFromISR,"ax",%progbits
 1221              	 .align 2
 1222              	 .global SYSTIMER_StartTimerFromISR
 1223              	 .code 16
 1224              	 .thumb_func
 1226              	SYSTIMER_StartTimerFromISR:
 1227 0000 F0B5     	 push {r4,r5,r6,r7,lr}
 1228 0002 5F46     	 mov r7,fp
 1229 0004 5646     	 mov r6,r10
 1230 0006 4D46     	 mov r5,r9
 1231 0008 4446     	 mov r4,r8
 1232 000a F0B4     	 push {r4,r5,r6,r7}
 1233              	
 1234 000c EFF31085 	 MRS r5,primask
 1235              	
 1236              	
 1237 0010 72B6     	 cpsid i
 1238              	
 1239              	 .code 16
 1240 0012 431E     	 sub r3,r0,#1
 1241 0014 DA00     	 lsl r2,r3,#3
 1242 0016 2E4C     	 ldr r4,.L204
 1243 0018 9446     	 mov ip,r2
 1244 001a D218     	 add r2,r2,r3
 1245 001c 9200     	 lsl r2,r2,#2
 1246 001e A218     	 add r2,r4,r2
 1247 0020 111C     	 mov r1,r2
 1248 0022 567B     	 ldrb r6,[r2,#13]
 1249 0024 0831     	 add r1,r1,#8
 1250 0026 0120     	 mov r0,#1
 1251 0028 022E     	 cmp r6,#2
 1252 002a 07D0     	 beq .L200
 1253              	.L186:
 1254              	
 1255 002c 85F31088 	 MSR primask,r5
 1256              	
 1257              	 .code 16
 1258              	 
 1259 0030 3CBC     	 pop {r2,r3,r4,r5}
 1260 0032 9046     	 mov r8,r2
 1261 0034 9946     	 mov r9,r3
 1262 0036 A246     	 mov r10,r4
 1263 0038 AB46     	 mov fp,r5
 1264 003a F0BD     	 pop {r4,r5,r6,r7,pc}
 1265              	.L200:
 1266 003c 4871     	 strb r0,[r1,#5]
 1267 003e 2549     	 ldr r1,.L204+4
 1268 0040 D669     	 ldr r6,[r2,#28]
 1269 0042 8A46     	 mov r10,r1
 1270 0044 0968     	 ldr r1,[r1]
 1271 0046 0136     	 add r6,r6,#1
 1272 0048 9661     	 str r6,[r2,#24]
 1273 004a 301C     	 mov r0,r6
 1274 004c 0E1E     	 sub r6,r1,#0
 1275 004e 3BD0     	 beq .L201
 1276 0050 8A69     	 ldr r2,[r1,#24]
 1277 0052 801A     	 sub r0,r0,r2
 1278 0054 0028     	 cmp r0,#0
 1279 0056 07DD     	 ble .L202
 1280              	.L188:
 1281 0058 0A68     	 ldr r2,[r1]
 1282 005a 002A     	 cmp r2,#0
 1283 005c 25D0     	 beq .L203
 1284 005e 111C     	 mov r1,r2
 1285 0060 8A69     	 ldr r2,[r1,#24]
 1286 0062 801A     	 sub r0,r0,r2
 1287 0064 0028     	 cmp r0,#0
 1288 0066 F7DC     	 bgt .L188
 1289              	.L202:
 1290 0068 4A68     	 ldr r2,[r1,#4]
 1291 006a 9046     	 mov r8,r2
 1292 006c 002A     	 cmp r2,#0
 1293 006e 23D0     	 beq .L189
 1294 0070 6246     	 mov r2,ip
 1295 0072 D218     	 add r2,r2,r3
 1296 0074 9200     	 lsl r2,r2,#2
 1297 0076 A718     	 add r7,r4,r2
 1298 0078 B946     	 mov r9,r7
 1299 007a 9346     	 mov fp,r2
 1300 007c 4746     	 mov r7,r8
 1301 007e 4A46     	 mov r2,r9
 1302 0080 3A60     	 str r2,[r7]
 1303 0082 5760     	 str r7,[r2,#4]
 1304 0084 5A46     	 mov r2,fp
 1305 0086 A150     	 str r1,[r4,r2]
 1306 0088 4A46     	 mov r2,r9
 1307 008a 4A60     	 str r2,[r1,#4]
 1308              	.L190:
 1309 008c 6344     	 add r3,r3,ip
 1310 008e 9B00     	 lsl r3,r3,#2
 1311 0090 E258     	 ldr r2,[r4,r3]
 1312 0092 E318     	 add r3,r4,r3
 1313 0094 9769     	 ldr r7,[r2,#24]
 1314 0096 BC46     	 mov ip,r7
 1315 0098 6044     	 add r0,r0,ip
 1316 009a 9861     	 str r0,[r3,#24]
 1317 009c 9369     	 ldr r3,[r2,#24]
 1318 009e 181A     	 sub r0,r3,r0
 1319 00a0 9061     	 str r0,[r2,#24]
 1320              	.L198:
 1321 00a2 5346     	 mov r3,r10
 1322 00a4 0020     	 mov r0,#0
 1323 00a6 1E60     	 str r6,[r3]
 1324 00a8 C0E7     	 b .L186
 1325              	.L203:
 1326 00aa 6344     	 add r3,r3,ip
 1327 00ac 9B00     	 lsl r3,r3,#2
 1328 00ae E318     	 add r3,r4,r3
 1329 00b0 5960     	 str r1,[r3,#4]
 1330 00b2 0B60     	 str r3,[r1]
 1331 00b4 9861     	 str r0,[r3,#24]
 1332 00b6 F4E7     	 b .L198
 1333              	.L189:
 1334 00b8 6246     	 mov r2,ip
 1335 00ba D218     	 add r2,r2,r3
 1336 00bc 9200     	 lsl r2,r2,#2
 1337 00be A650     	 str r6,[r4,r2]
 1338 00c0 A218     	 add r2,r4,r2
 1339 00c2 7260     	 str r2,[r6,#4]
 1340 00c4 161C     	 mov r6,r2
 1341 00c6 E1E7     	 b .L190
 1342              	.L201:
 1343 00c8 5346     	 mov r3,r10
 1344 00ca 0020     	 mov r0,#0
 1345 00cc 1A60     	 str r2,[r3]
 1346 00ce ADE7     	 b .L186
 1347              	.L205:
 1348              	 .align 2
 1349              	.L204:
 1350 00d0 00000000 	 .word g_timer_tbl
 1351 00d4 00000000 	 .word .LANCHOR0
 1353              	 .section .text.SYSTIMER_StopTimerFromISR,"ax",%progbits
 1354              	 .align 2
 1355              	 .global SYSTIMER_StopTimerFromISR
 1356              	 .code 16
 1357              	 .thumb_func
 1359              	SYSTIMER_StopTimerFromISR:
 1360 0000 F0B5     	 push {r4,r5,r6,r7,lr}
 1361              	
 1362 0002 EFF31086 	 MRS r6,primask
 1363              	
 1364              	
 1365 0006 72B6     	 cpsid i
 1366              	
 1367              	 .code 16
 1368 0008 0138     	 sub r0,r0,#1
 1369 000a C300     	 lsl r3,r0,#3
 1370 000c 1B18     	 add r3,r3,r0
 1371 000e 1B49     	 ldr r1,.L218
 1372 0010 9B00     	 lsl r3,r3,#2
 1373 0012 CC18     	 add r4,r1,r3
 1374 0014 251C     	 mov r5,r4
 1375 0016 627B     	 ldrb r2,[r4,#13]
 1376 0018 0835     	 add r5,r5,#8
 1377 001a 0120     	 mov r0,#1
 1378 001c 002A     	 cmp r2,#0
 1379 001e 02D0     	 beq .L207
 1380 0020 0020     	 mov r0,#0
 1381 0022 012A     	 cmp r2,#1
 1382 0024 02D0     	 beq .L214
 1383              	.L207:
 1384              	
 1385 0026 86F31088 	 MSR primask,r6
 1386              	
 1387              	 .code 16
 1388              	 
 1389 002a F0BD     	 pop {r4,r5,r6,r7,pc}
 1390              	.L214:
 1391 002c 0132     	 add r2,r2,#1
 1392 002e 6A71     	 strb r2,[r5,#5]
 1393 0030 6268     	 ldr r2,[r4,#4]
 1394 0032 002A     	 cmp r2,#0
 1395 0034 0FD0     	 beq .L215
 1396 0036 5D58     	 ldr r5,[r3,r1]
 1397 0038 002D     	 cmp r5,#0
 1398 003a 19D0     	 beq .L216
 1399 003c 1560     	 str r5,[r2]
 1400 003e 5D58     	 ldr r5,[r3,r1]
 1401 0040 6A60     	 str r2,[r5,#4]
 1402 0042 CD58     	 ldr r5,[r1,r3]
 1403 0044 AA69     	 ldr r2,[r5,#24]
 1404 0046 171C     	 mov r7,r2
 1405 0048 A269     	 ldr r2,[r4,#24]
 1406 004a 9446     	 mov ip,r2
 1407 004c 6744     	 add r7,r7,ip
 1408 004e AF61     	 str r7,[r5,#24]
 1409 0050 C850     	 str r0,[r1,r3]
 1410 0052 6060     	 str r0,[r4,#4]
 1411 0054 E7E7     	 b .L207
 1412              	.L215:
 1413 0056 5A58     	 ldr r2,[r3,r1]
 1414 0058 002A     	 cmp r2,#0
 1415 005a 0CD0     	 beq .L217
 1416 005c 084D     	 ldr r5,.L218+4
 1417 005e A469     	 ldr r4,[r4,#24]
 1418 0060 2A60     	 str r2,[r5]
 1419 0062 9569     	 ldr r5,[r2,#24]
 1420 0064 5060     	 str r0,[r2,#4]
 1421 0066 AC46     	 mov ip,r5
 1422 0068 6444     	 add r4,r4,ip
 1423 006a 9461     	 str r4,[r2,#24]
 1424 006c 5850     	 str r0,[r3,r1]
 1425 006e DAE7     	 b .L207
 1426              	.L216:
 1427 0070 1060     	 str r0,[r2]
 1428 0072 6060     	 str r0,[r4,#4]
 1429 0074 D7E7     	 b .L207
 1430              	.L217:
 1431 0076 024B     	 ldr r3,.L218+4
 1432 0078 1860     	 str r0,[r3]
 1433 007a D4E7     	 b .L207
 1434              	.L219:
 1435              	 .align 2
 1436              	.L218:
 1437 007c 00000000 	 .word g_timer_tbl
 1438 0080 00000000 	 .word .LANCHOR0
 1440              	 .section .text.SYSTIMER_RestartTimerFromISR,"ax",%progbits
 1441              	 .align 2
 1442              	 .global SYSTIMER_RestartTimerFromISR
 1443              	 .code 16
 1444              	 .thumb_func
 1446              	SYSTIMER_RestartTimerFromISR:
 1447 0000 F8B5     	 push {r3,r4,r5,r6,r7,lr}
 1448 0002 5F46     	 mov r7,fp
 1449 0004 5646     	 mov r6,r10
 1450 0006 4D46     	 mov r5,r9
 1451 0008 4446     	 mov r4,r8
 1452 000a F0B4     	 push {r4,r5,r6,r7}
 1453              	
 1454 000c EFF31088 	 MRS r8,primask
 1455              	
 1456              	
 1457 0010 72B6     	 cpsid i
 1458              	
 1459              	 .code 16
 1460 0012 441E     	 sub r4,r0,#1
 1461 0014 0820     	 mov r0,#8
 1462 0016 8446     	 mov ip,r0
 1463 0018 E700     	 lsl r7,r4,#3
 1464 001a 524D     	 ldr r5,.L251
 1465 001c 3B19     	 add r3,r7,r4
 1466 001e 9B00     	 lsl r3,r3,#2
 1467 0020 EA18     	 add r2,r5,r3
 1468 0022 9444     	 add ip,ip,r2
 1469 0024 6046     	 mov r0,ip
 1470 0026 4679     	 ldrb r6,[r0,#5]
 1471 0028 002E     	 cmp r6,#0
 1472 002a 0CD0     	 beq .L235
 1473 002c 081C     	 mov r0,r1
 1474 002e 012E     	 cmp r6,#1
 1475 0030 4BD0     	 beq .L243
 1476              	.L223:
 1477 0032 FA21     	 mov r1,#250
 1478 0034 8900     	 lsl r1,r1,#2
 1479 0036 FFF7FEFF 	 bl __aeabi_uidiv
 1480 003a 3B19     	 add r3,r7,r4
 1481 003c 9B00     	 lsl r3,r3,#2
 1482 003e EB18     	 add r3,r5,r3
 1483 0040 D861     	 str r0,[r3,#28]
 1484 0042 022E     	 cmp r6,#2
 1485 0044 08D0     	 beq .L244
 1486              	.L235:
 1487 0046 0120     	 mov r0,#1
 1488              	.L222:
 1489              	
 1490 0048 88F31088 	 MSR primask,r8
 1491              	
 1492              	 .code 16
 1493              	 
 1494 004c 3CBC     	 pop {r2,r3,r4,r5}
 1495 004e 9046     	 mov r8,r2
 1496 0050 9946     	 mov r9,r3
 1497 0052 A246     	 mov r10,r4
 1498 0054 AB46     	 mov fp,r5
 1499 0056 F8BD     	 pop {r3,r4,r5,r6,r7,pc}
 1500              	.L244:
 1501 0058 434E     	 ldr r6,.L251+4
 1502              	.L226:
 1503 005a 0123     	 mov r3,#1
 1504 005c 3919     	 add r1,r7,r4
 1505 005e 8900     	 lsl r1,r1,#2
 1506 0060 3268     	 ldr r2,[r6]
 1507 0062 0130     	 add r0,r0,#1
 1508 0064 6918     	 add r1,r5,r1
 1509 0066 4B73     	 strb r3,[r1,#13]
 1510 0068 8861     	 str r0,[r1,#24]
 1511 006a 031C     	 mov r3,r0
 1512 006c 9246     	 mov r10,r2
 1513 006e 002A     	 cmp r2,#0
 1514 0070 47D0     	 beq .L245
 1515 0072 9169     	 ldr r1,[r2,#24]
 1516 0074 5B1A     	 sub r3,r3,r1
 1517 0076 002B     	 cmp r3,#0
 1518 0078 07DD     	 ble .L246
 1519              	.L229:
 1520 007a 1168     	 ldr r1,[r2]
 1521 007c 0029     	 cmp r1,#0
 1522 007e 43D0     	 beq .L247
 1523 0080 0A1C     	 mov r2,r1
 1524 0082 9169     	 ldr r1,[r2,#24]
 1525 0084 5B1A     	 sub r3,r3,r1
 1526 0086 002B     	 cmp r3,#0
 1527 0088 F7DC     	 bgt .L229
 1528              	.L246:
 1529 008a 5168     	 ldr r1,[r2,#4]
 1530 008c 8C46     	 mov ip,r1
 1531 008e 0029     	 cmp r1,#0
 1532 0090 41D0     	 beq .L230
 1533 0092 3919     	 add r1,r7,r4
 1534 0094 8900     	 lsl r1,r1,#2
 1535 0096 6818     	 add r0,r5,r1
 1536 0098 8146     	 mov r9,r0
 1537 009a 8B46     	 mov fp,r1
 1538 009c 6046     	 mov r0,ip
 1539 009e 4946     	 mov r1,r9
 1540 00a0 0160     	 str r1,[r0]
 1541 00a2 4860     	 str r0,[r1,#4]
 1542 00a4 5946     	 mov r1,fp
 1543 00a6 6A50     	 str r2,[r5,r1]
 1544 00a8 4946     	 mov r1,r9
 1545 00aa 5160     	 str r1,[r2,#4]
 1546              	.L231:
 1547 00ac 3C19     	 add r4,r7,r4
 1548 00ae A400     	 lsl r4,r4,#2
 1549 00b0 2959     	 ldr r1,[r5,r4]
 1550 00b2 2C19     	 add r4,r5,r4
 1551 00b4 8F69     	 ldr r7,[r1,#24]
 1552 00b6 BC46     	 mov ip,r7
 1553 00b8 6344     	 add r3,r3,ip
 1554 00ba A361     	 str r3,[r4,#24]
 1555 00bc 8C69     	 ldr r4,[r1,#24]
 1556 00be E31A     	 sub r3,r4,r3
 1557 00c0 8B61     	 str r3,[r1,#24]
 1558              	.L241:
 1559 00c2 5346     	 mov r3,r10
 1560 00c4 0020     	 mov r0,#0
 1561 00c6 3360     	 str r3,[r6]
 1562 00c8 BEE7     	 b .L222
 1563              	.L243:
 1564 00ca 0221     	 mov r1,#2
 1565 00cc 6646     	 mov r6,ip
 1566 00ce 7171     	 strb r1,[r6,#5]
 1567 00d0 5168     	 ldr r1,[r2,#4]
 1568 00d2 8946     	 mov r9,r1
 1569 00d4 0029     	 cmp r1,#0
 1570 00d6 26D0     	 beq .L248
 1571 00d8 5959     	 ldr r1,[r3,r5]
 1572 00da 0029     	 cmp r1,#0
 1573 00dc 34D0     	 beq .L249
 1574 00de 4E46     	 mov r6,r9
 1575 00e0 3160     	 str r1,[r6]
 1576 00e2 5959     	 ldr r1,[r3,r5]
 1577 00e4 4E60     	 str r6,[r1,#4]
 1578 00e6 EE58     	 ldr r6,[r5,r3]
 1579 00e8 B169     	 ldr r1,[r6,#24]
 1580 00ea 8A46     	 mov r10,r1
 1581 00ec 9169     	 ldr r1,[r2,#24]
 1582 00ee 8946     	 mov r9,r1
 1583 00f0 CA44     	 add r10,r10,r9
 1584 00f2 5146     	 mov r1,r10
 1585 00f4 B161     	 str r1,[r6,#24]
 1586 00f6 0021     	 mov r1,#0
 1587 00f8 E950     	 str r1,[r5,r3]
 1588 00fa 6346     	 mov r3,ip
 1589 00fc 5160     	 str r1,[r2,#4]
 1590 00fe 5E79     	 ldrb r6,[r3,#5]
 1591 0100 97E7     	 b .L223
 1592              	.L245:
 1593 0102 3160     	 str r1,[r6]
 1594 0104 0020     	 mov r0,#0
 1595 0106 9FE7     	 b .L222
 1596              	.L247:
 1597 0108 3C19     	 add r4,r7,r4
 1598 010a A400     	 lsl r4,r4,#2
 1599 010c 2D19     	 add r5,r5,r4
 1600 010e 6A60     	 str r2,[r5,#4]
 1601 0110 1560     	 str r5,[r2]
 1602 0112 AB61     	 str r3,[r5,#24]
 1603 0114 D5E7     	 b .L241
 1604              	.L230:
 1605 0116 5046     	 mov r0,r10
 1606 0118 3919     	 add r1,r7,r4
 1607 011a 8900     	 lsl r1,r1,#2
 1608 011c 6850     	 str r0,[r5,r1]
 1609 011e 6918     	 add r1,r5,r1
 1610 0120 4160     	 str r1,[r0,#4]
 1611 0122 8A46     	 mov r10,r1
 1612 0124 C2E7     	 b .L231
 1613              	.L248:
 1614 0126 5959     	 ldr r1,[r3,r5]
 1615 0128 0F4E     	 ldr r6,.L251+4
 1616 012a 3160     	 str r1,[r6]
 1617 012c 0029     	 cmp r1,#0
 1618 012e 10D0     	 beq .L250
 1619 0130 4E46     	 mov r6,r9
 1620 0132 4E60     	 str r6,[r1,#4]
 1621 0134 8E69     	 ldr r6,[r1,#24]
 1622 0136 9269     	 ldr r2,[r2,#24]
 1623 0138 B246     	 mov r10,r6
 1624 013a 5244     	 add r2,r2,r10
 1625 013c 8A61     	 str r2,[r1,#24]
 1626 013e 4A46     	 mov r2,r9
 1627 0140 5A51     	 str r2,[r3,r5]
 1628 0142 6346     	 mov r3,ip
 1629 0144 5E79     	 ldrb r6,[r3,#5]
 1630 0146 74E7     	 b .L223
 1631              	.L249:
 1632 0148 4B46     	 mov r3,r9
 1633 014a 1960     	 str r1,[r3]
 1634 014c 5160     	 str r1,[r2,#4]
 1635 014e 7679     	 ldrb r6,[r6,#5]
 1636 0150 6FE7     	 b .L223
 1637              	.L250:
 1638 0152 FA21     	 mov r1,#250
 1639 0154 8900     	 lsl r1,r1,#2
 1640 0156 FFF7FEFF 	 bl __aeabi_uidiv
 1641 015a 2423     	 mov r3,#36
 1642 015c 6343     	 mul r3,r4
 1643 015e EB18     	 add r3,r5,r3
 1644 0160 D861     	 str r0,[r3,#28]
 1645 0162 7AE7     	 b .L226
 1646              	.L252:
 1647              	 .align 2
 1648              	.L251:
 1649 0164 00000000 	 .word g_timer_tbl
 1650 0168 00000000 	 .word .LANCHOR0
 1652              	 .section .text.SYSTIMER_DeleteTimerFromISR,"ax",%progbits
 1653              	 .align 2
 1654              	 .global SYSTIMER_DeleteTimerFromISR
 1655              	 .code 16
 1656              	 .thumb_func
 1658              	SYSTIMER_DeleteTimerFromISR:
 1659 0000 30B5     	 push {r4,r5,lr}
 1660              	
 1661 0002 EFF31085 	 MRS r5,primask
 1662              	
 1663              	
 1664 0006 72B6     	 cpsid i
 1665              	
 1666              	 .code 16
 1667 0008 421E     	 sub r2,r0,#1
 1668 000a D300     	 lsl r3,r2,#3
 1669 000c 0D49     	 ldr r1,.L259
 1670 000e 9B18     	 add r3,r3,r2
 1671 0010 9B00     	 lsl r3,r3,#2
 1672 0012 CB18     	 add r3,r1,r3
 1673 0014 1C1C     	 mov r4,r3
 1674 0016 597B     	 ldrb r1,[r3,#13]
 1675 0018 0834     	 add r4,r4,#8
 1676 001a 0120     	 mov r0,#1
 1677 001c 0029     	 cmp r1,#0
 1678 001e 04D0     	 beq .L254
 1679 0020 0229     	 cmp r1,#2
 1680 0022 05D0     	 beq .L258
 1681 0024 2033     	 add r3,r3,#32
 1682 0026 1870     	 strb r0,[r3]
 1683 0028 0020     	 mov r0,#0
 1684              	.L254:
 1685              	
 1686 002a 85F31088 	 MSR primask,r5
 1687              	
 1688              	 .code 16
 1689              	 
 1690 002e 30BD     	 pop {r4,r5,pc}
 1691              	.L258:
 1692 0030 0023     	 mov r3,#0
 1693 0032 9040     	 lsl r0,r0,r2
 1694 0034 0449     	 ldr r1,.L259+4
 1695 0036 6371     	 strb r3,[r4,#5]
 1696 0038 0B68     	 ldr r3,[r1]
 1697 003a 8343     	 bic r3,r0
 1698 003c 0B60     	 str r3,[r1]
 1699 003e 0020     	 mov r0,#0
 1700 0040 F3E7     	 b .L254
 1701              	.L260:
 1702 0042 C046     	 .align 2
 1703              	.L259:
 1704 0044 00000000 	 .word g_timer_tbl
 1705 0048 00000000 	 .word .LANCHOR2
 1707              	 .global g_systick_count
 1708              	 .global g_timer_tracker
 1709              	 .global g_timer_list
 1710              	 .comm g_timer_tbl,288,4
 1711              	 .section .bss.g_systick_count,"aw",%nobits
 1712              	 .align 2
 1713              	 .set .LANCHOR1,.+0
 1716              	g_systick_count:
 1717 0000 00000000 	 .space 4
 1718              	 .section .bss.g_timer_tracker,"aw",%nobits
 1719              	 .align 2
 1720              	 .set .LANCHOR2,.+0
 1723              	g_timer_tracker:
 1724 0000 00000000 	 .space 4
 1725              	 .section .bss.g_timer_list,"aw",%nobits
 1726              	 .align 2
 1727              	 .set .LANCHOR0,.+0
 1730              	g_timer_list:
 1731 0000 00000000 	 .space 4
 1732              	 .ident "GCC: (GNU Tools for ARM Embedded Processors) 4.9.3 20141119 (release) [ARM/embedded-4_9-branch revision 218278]"
DEFINED SYMBOLS
                            *ABS*:00000000 systimer.c
    {standard input}:13     .text.SysTick_Handler:00000000 $t
    {standard input}:18     .text.SysTick_Handler:00000000 SysTick_Handler
    {standard input}:382    .text.SysTick_Handler:0000028c $d
                            *COM*:00000120 g_timer_tbl
    {standard input}:388    .text.SYSTIMER_GetAppVersion:00000000 $t
    {standard input}:393    .text.SYSTIMER_GetAppVersion:00000000 SYSTIMER_GetAppVersion
    {standard input}:402    .text.SYSTIMER_GetAppVersion:00000008 $d
    {standard input}:405    .text.SYSTIMER_Init:00000000 $t
    {standard input}:410    .text.SYSTIMER_Init:00000000 SYSTIMER_Init
    {standard input}:447    .text.SYSTIMER_Init:00000040 $d
    {standard input}:455    .text.SYSTIMER_CreateTimer:00000000 $t
    {standard input}:460    .text.SYSTIMER_CreateTimer:00000000 SYSTIMER_CreateTimer
    {standard input}:560    .text.SYSTIMER_CreateTimer:000000ac $d
    {standard input}:565    .text.SYSTIMER_StartTimer:00000000 $t
    {standard input}:570    .text.SYSTIMER_StartTimer:00000000 SYSTIMER_StartTimer
    {standard input}:677    .text.SYSTIMER_StartTimer:000000bc $d
    {standard input}:681    .text.SYSTIMER_StopTimer:00000000 $t
    {standard input}:686    .text.SYSTIMER_StopTimer:00000000 SYSTIMER_StopTimer
    {standard input}:753    .text.SYSTIMER_StopTimer:00000074 $d
    {standard input}:757    .text.SYSTIMER_RestartTimer:00000000 $t
    {standard input}:762    .text.SYSTIMER_RestartTimer:00000000 SYSTIMER_RestartTimer
    {standard input}:952    .text.SYSTIMER_RestartTimer:00000158 $d
    {standard input}:956    .text.SYSTIMER_DeleteTimer:00000000 $t
    {standard input}:961    .text.SYSTIMER_DeleteTimer:00000000 SYSTIMER_DeleteTimer
    {standard input}:996    .text.SYSTIMER_DeleteTimer:00000038 $d
    {standard input}:1000   .text.SYSTIMER_GetTime:00000000 $t
    {standard input}:1005   .text.SYSTIMER_GetTime:00000000 SYSTIMER_GetTime
    {standard input}:1016   .text.SYSTIMER_GetTime:0000000c $d
    {standard input}:1019   .text.SYSTIMER_GetTickCount:00000000 $t
    {standard input}:1024   .text.SYSTIMER_GetTickCount:00000000 SYSTIMER_GetTickCount
    {standard input}:1032   .text.SYSTIMER_GetTickCount:00000008 $d
    {standard input}:1035   .text.SYSTIMER_GetTimerState:00000000 $t
    {standard input}:1040   .text.SYSTIMER_GetTimerState:00000000 SYSTIMER_GetTimerState
    {standard input}:1053   .text.SYSTIMER_GetTimerState:00000010 $d
    {standard input}:1056   .text.SYSTIMER_Start:00000000 $t
    {standard input}:1061   .text.SYSTIMER_Start:00000000 SYSTIMER_Start
    {standard input}:1072   .text.SYSTIMER_Start:0000000c $d
    {standard input}:1075   .text.SYSTIMER_Stop:00000000 $t
    {standard input}:1080   .text.SYSTIMER_Stop:00000000 SYSTIMER_Stop
    {standard input}:1091   .text.SYSTIMER_Stop:0000000c $d
    {standard input}:1094   .text.SYSTIMER_CreateTimerFromISR:00000000 $t
    {standard input}:1099   .text.SYSTIMER_CreateTimerFromISR:00000000 SYSTIMER_CreateTimerFromISR
    {standard input}:1216   .text.SYSTIMER_CreateTimerFromISR:000000c4 $d
    {standard input}:1221   .text.SYSTIMER_StartTimerFromISR:00000000 $t
    {standard input}:1226   .text.SYSTIMER_StartTimerFromISR:00000000 SYSTIMER_StartTimerFromISR
    {standard input}:1350   .text.SYSTIMER_StartTimerFromISR:000000d0 $d
    {standard input}:1354   .text.SYSTIMER_StopTimerFromISR:00000000 $t
    {standard input}:1359   .text.SYSTIMER_StopTimerFromISR:00000000 SYSTIMER_StopTimerFromISR
    {standard input}:1437   .text.SYSTIMER_StopTimerFromISR:0000007c $d
    {standard input}:1441   .text.SYSTIMER_RestartTimerFromISR:00000000 $t
    {standard input}:1446   .text.SYSTIMER_RestartTimerFromISR:00000000 SYSTIMER_RestartTimerFromISR
    {standard input}:1649   .text.SYSTIMER_RestartTimerFromISR:00000164 $d
    {standard input}:1653   .text.SYSTIMER_DeleteTimerFromISR:00000000 $t
    {standard input}:1658   .text.SYSTIMER_DeleteTimerFromISR:00000000 SYSTIMER_DeleteTimerFromISR
    {standard input}:1704   .text.SYSTIMER_DeleteTimerFromISR:00000044 $d
    {standard input}:1716   .bss.g_systick_count:00000000 g_systick_count
    {standard input}:1723   .bss.g_timer_tracker:00000000 g_timer_tracker
    {standard input}:1730   .bss.g_timer_list:00000000 g_timer_list
    {standard input}:1712   .bss.g_systick_count:00000000 $d
    {standard input}:1719   .bss.g_timer_tracker:00000000 $d
    {standard input}:1726   .bss.g_timer_list:00000000 $d

UNDEFINED SYMBOLS
__aeabi_uidiv
