   1              	 .cpu cortex-m0
   2              	 .fpu softvfp
   3              	 .eabi_attribute 23,1
   4              	 .eabi_attribute 24,1
   5              	 .eabi_attribute 25,1
   6              	 .eabi_attribute 26,1
   7              	 .eabi_attribute 30,2
   8              	 .eabi_attribute 34,0
   9              	 .eabi_attribute 18,4
  10              	 .code 16
  11              	 .file "systimer_conf.c"
  12              	 .global SYSTIMER_0
  13              	 .section .bss.SYSTIMER_0,"aw",%nobits
  14              	 .align 2
  17              	SYSTIMER_0:
  18 0000 00       	 .space 1
  19 0001 000000   	 .ident "GCC: (GNU Tools for ARM Embedded Processors) 4.9.3 20141119 (release) [ARM/embedded-4_9-branch revision 218278]"
DEFINED SYMBOLS
                            *ABS*:00000000 systimer_conf.c
    {standard input}:17     .bss.SYSTIMER_0:00000000 SYSTIMER_0
    {standard input}:14     .bss.SYSTIMER_0:00000000 $d

NO UNDEFINED SYMBOLS
