   1              	 .cpu cortex-m0
   2              	 .fpu softvfp
   3              	 .eabi_attribute 23,1
   4              	 .eabi_attribute 24,1
   5              	 .eabi_attribute 25,1
   6              	 .eabi_attribute 26,1
   7              	 .eabi_attribute 30,2
   8              	 .eabi_attribute 34,0
   9              	 .eabi_attribute 18,4
  10              	 .code 16
  11              	 .file "interrupt_conf.c"
  12              	 .global ZOH_INTERRUPT
  13              	 .section .rodata.ZOH_INTERRUPT,"a",%progbits
  14              	 .align 2
  17              	ZOH_INTERRUPT:
  18 0000 15       	 .byte 21
  19 0001 00       	 .byte 0
  20 0002 01       	 .byte 1
  21 0003 00       	 .ident "GCC: (GNU Tools for ARM Embedded Processors) 4.9.3 20141119 (release) [ARM/embedded-4_9-branch revision 218278]"
DEFINED SYMBOLS
                            *ABS*:00000000 interrupt_conf.c
    {standard input}:17     .rodata.ZOH_INTERRUPT:00000000 ZOH_INTERRUPT
    {standard input}:14     .rodata.ZOH_INTERRUPT:00000000 $d

NO UNDEFINED SYMBOLS
